<?xml version="1.0" encoding="UTF-8"?>
<<<<<<< HEAD
<testsuite name="com.linecorp.bot.model.message.MessageJsonReconstructionTest" tests="9" skipped="0" failures="0" errors="0" timestamp="2017-10-30T13:46:41" hostname="Lenovo-PC" time="0.066">
  <properties/>
  <testcase name="videoMessageTest" classname="com.linecorp.bot.model.message.MessageJsonReconstructionTest" time="0.01"/>
  <testcase name="imagemapMessageTest" classname="com.linecorp.bot.model.message.MessageJsonReconstructionTest" time="0.007"/>
  <testcase name="locationMessageTest" classname="com.linecorp.bot.model.message.MessageJsonReconstructionTest" time="0.005"/>
  <testcase name="templateMessageWithConfirmTemplateTest" classname="com.linecorp.bot.model.message.MessageJsonReconstructionTest" time="0.017"/>
  <testcase name="audioMessageTest" classname="com.linecorp.bot.model.message.MessageJsonReconstructionTest" time="0.004"/>
  <testcase name="templateMessageWithCarouselTemplateTest" classname="com.linecorp.bot.model.message.MessageJsonReconstructionTest" time="0.011"/>
  <testcase name="stickerMessageTest" classname="com.linecorp.bot.model.message.MessageJsonReconstructionTest" time="0.002"/>
  <testcase name="textMessageTest" classname="com.linecorp.bot.model.message.MessageJsonReconstructionTest" time="0.003"/>
  <testcase name="templateMessageWithButtonsTemplateTest" classname="com.linecorp.bot.model.message.MessageJsonReconstructionTest" time="0.005"/>
  <system-out><![CDATA[21:46:41.556 [Test worker] INFO com.linecorp.bot.model.message.MessageJsonReconstructionTest - Original:      VideoMessage(originalContentUrl=https://example.com/original, previewImageUrl=https://example.com/preview)
21:46:41.560 [Test worker] INFO com.linecorp.bot.model.message.MessageJsonReconstructionTest - AS JSON:       {"type":"video","originalContentUrl":"https://example.com/original","previewImageUrl":"https://example.com/preview"}
21:46:41.562 [Test worker] INFO com.linecorp.bot.model.message.MessageJsonReconstructionTest - Reconstructed: VideoMessage(originalContentUrl=https://example.com/original, previewImageUrl=https://example.com/preview)
21:46:41.563 [Test worker] INFO com.linecorp.bot.model.message.MessageJsonReconstructionTest - Original:      ImagemapMessage(baseUrl=baseUrl, altText=altText, baseSize=ImagemapBaseSize(height=1040, width=1040), actions=[])
21:46:41.565 [Test worker] INFO com.linecorp.bot.model.message.MessageJsonReconstructionTest - AS JSON:       {"type":"imagemap","baseUrl":"baseUrl","altText":"altText","baseSize":{"height":1040,"width":1040},"actions":[]}
21:46:41.569 [Test worker] INFO com.linecorp.bot.model.message.MessageJsonReconstructionTest - Reconstructed: ImagemapMessage(baseUrl=baseUrl, altText=altText, baseSize=ImagemapBaseSize(height=1040, width=1040), actions=[])
21:46:41.572 [Test worker] INFO com.linecorp.bot.model.message.MessageJsonReconstructionTest - Original:      LocationMessage(title=title, address=address, latitude=135.0, longitude=0.0)
21:46:41.574 [Test worker] INFO com.linecorp.bot.model.message.MessageJsonReconstructionTest - AS JSON:       {"type":"location","title":"title","address":"address","latitude":135.0,"longitude":0.0}
21:46:41.576 [Test worker] INFO com.linecorp.bot.model.message.MessageJsonReconstructionTest - Reconstructed: LocationMessage(title=title, address=address, latitude=135.0, longitude=0.0)
21:46:41.579 [Test worker] INFO com.linecorp.bot.model.message.MessageJsonReconstructionTest - Original:      TemplateMessage(altText=ALT, template=ConfirmTemplate(text=text, actions=[URIAction(label=label, uri=http://example.com), MessageAction(label=label, text=text)]))
21:46:41.588 [Test worker] INFO com.linecorp.bot.model.message.MessageJsonReconstructionTest - AS JSON:       {"type":"template","altText":"ALT","template":{"type":"confirm","text":"text","actions":[{"type":"uri","label":"label","uri":"http://example.com"},{"type":"message","label":"label","text":"text"}]}}
21:46:41.593 [Test worker] INFO com.linecorp.bot.model.message.MessageJsonReconstructionTest - Reconstructed: TemplateMessage(altText=ALT, template=ConfirmTemplate(text=text, actions=[URIAction(label=label, uri=http://example.com), MessageAction(label=label, text=text)]))
21:46:41.593 [Test worker] INFO com.linecorp.bot.model.message.MessageJsonReconstructionTest - Original:      AudioMessage(originalContentUrl=originalUrl, duration=20)
21:46:41.595 [Test worker] INFO com.linecorp.bot.model.message.MessageJsonReconstructionTest - AS JSON:       {"type":"audio","originalContentUrl":"originalUrl","duration":20}
21:46:41.597 [Test worker] INFO com.linecorp.bot.model.message.MessageJsonReconstructionTest - Reconstructed: AudioMessage(originalContentUrl=originalUrl, duration=20)
21:46:41.599 [Test worker] INFO com.linecorp.bot.model.message.MessageJsonReconstructionTest - Original:      TemplateMessage(altText=ALT, template=CarouselTemplate(columns=[CarouselColumn(thumbnailImageUrl=thumbnail, title=title, text=text, actions=[PostbackAction(label=postback, data=data, text=null)])]))
21:46:41.603 [Test worker] INFO com.linecorp.bot.model.message.MessageJsonReconstructionTest - AS JSON:       {"type":"template","altText":"ALT","template":{"type":"carousel","columns":[{"thumbnailImageUrl":"thumbnail","title":"title","text":"text","actions":[{"type":"postback","label":"postback","data":"data"}]}]}}
21:46:41.607 [Test worker] INFO com.linecorp.bot.model.message.MessageJsonReconstructionTest - Reconstructed: TemplateMessage(altText=ALT, template=CarouselTemplate(columns=[CarouselColumn(thumbnailImageUrl=thumbnail, title=title, text=text, actions=[PostbackAction(label=postback, data=data, text=null)])]))
21:46:41.608 [Test worker] INFO com.linecorp.bot.model.message.MessageJsonReconstructionTest - Original:      StickerMessage(packageId=123, stickerId=456)
21:46:41.609 [Test worker] INFO com.linecorp.bot.model.message.MessageJsonReconstructionTest - AS JSON:       {"type":"sticker","packageId":"123","stickerId":"456"}
21:46:41.610 [Test worker] INFO com.linecorp.bot.model.message.MessageJsonReconstructionTest - Reconstructed: StickerMessage(packageId=123, stickerId=456)
21:46:41.611 [Test worker] INFO com.linecorp.bot.model.message.MessageJsonReconstructionTest - Original:      TextMessage(text=TEST)
21:46:41.612 [Test worker] INFO com.linecorp.bot.model.message.MessageJsonReconstructionTest - AS JSON:       {"type":"text","text":"TEST"}
21:46:41.613 [Test worker] INFO com.linecorp.bot.model.message.MessageJsonReconstructionTest - Reconstructed: TextMessage(text=TEST)
21:46:41.613 [Test worker] INFO com.linecorp.bot.model.message.MessageJsonReconstructionTest - Original:      TemplateMessage(altText=ALT, template=ButtonsTemplate(thumbnailImageUrl=https://example.com, title=title, text=text, actions=[MessageAction(label=label, text=text)]))
21:46:41.615 [Test worker] INFO com.linecorp.bot.model.message.MessageJsonReconstructionTest - AS JSON:       {"type":"template","altText":"ALT","template":{"type":"buttons","thumbnailImageUrl":"https://example.com","title":"title","text":"text","actions":[{"type":"message","label":"label","text":"text"}]}}
21:46:41.618 [Test worker] INFO com.linecorp.bot.model.message.MessageJsonReconstructionTest - Reconstructed: TemplateMessage(altText=ALT, template=ButtonsTemplate(thumbnailImageUrl=https://example.com, title=title, text=text, actions=[MessageAction(label=label, text=text)]))
=======
<testsuite name="com.linecorp.bot.model.message.MessageJsonReconstructionTest" tests="9" skipped="0" failures="0" errors="0" timestamp="2017-10-31T06:12:03" hostname="Ignaviers-MacBook-Pro.local" time="0.063">
  <properties/>
  <testcase name="videoMessageTest" classname="com.linecorp.bot.model.message.MessageJsonReconstructionTest" time="0.006"/>
  <testcase name="imagemapMessageTest" classname="com.linecorp.bot.model.message.MessageJsonReconstructionTest" time="0.008"/>
  <testcase name="locationMessageTest" classname="com.linecorp.bot.model.message.MessageJsonReconstructionTest" time="0.005"/>
  <testcase name="templateMessageWithConfirmTemplateTest" classname="com.linecorp.bot.model.message.MessageJsonReconstructionTest" time="0.018"/>
  <testcase name="audioMessageTest" classname="com.linecorp.bot.model.message.MessageJsonReconstructionTest" time="0.003"/>
  <testcase name="templateMessageWithCarouselTemplateTest" classname="com.linecorp.bot.model.message.MessageJsonReconstructionTest" time="0.01"/>
  <testcase name="stickerMessageTest" classname="com.linecorp.bot.model.message.MessageJsonReconstructionTest" time="0.002"/>
  <testcase name="textMessageTest" classname="com.linecorp.bot.model.message.MessageJsonReconstructionTest" time="0.002"/>
  <testcase name="templateMessageWithButtonsTemplateTest" classname="com.linecorp.bot.model.message.MessageJsonReconstructionTest" time="0.007"/>
  <system-out><![CDATA[14:12:03.753 [Test worker] INFO com.linecorp.bot.model.message.MessageJsonReconstructionTest - Original:      VideoMessage(originalContentUrl=https://example.com/original, previewImageUrl=https://example.com/preview)
14:12:03.755 [Test worker] INFO com.linecorp.bot.model.message.MessageJsonReconstructionTest - AS JSON:       {"type":"video","originalContentUrl":"https://example.com/original","previewImageUrl":"https://example.com/preview"}
14:12:03.757 [Test worker] INFO com.linecorp.bot.model.message.MessageJsonReconstructionTest - Reconstructed: VideoMessage(originalContentUrl=https://example.com/original, previewImageUrl=https://example.com/preview)
14:12:03.758 [Test worker] INFO com.linecorp.bot.model.message.MessageJsonReconstructionTest - Original:      ImagemapMessage(baseUrl=baseUrl, altText=altText, baseSize=ImagemapBaseSize(height=1040, width=1040), actions=[])
14:12:03.760 [Test worker] INFO com.linecorp.bot.model.message.MessageJsonReconstructionTest - AS JSON:       {"type":"imagemap","baseUrl":"baseUrl","altText":"altText","baseSize":{"height":1040,"width":1040},"actions":[]}
14:12:03.764 [Test worker] INFO com.linecorp.bot.model.message.MessageJsonReconstructionTest - Reconstructed: ImagemapMessage(baseUrl=baseUrl, altText=altText, baseSize=ImagemapBaseSize(height=1040, width=1040), actions=[])
14:12:03.766 [Test worker] INFO com.linecorp.bot.model.message.MessageJsonReconstructionTest - Original:      LocationMessage(title=title, address=address, latitude=135.0, longitude=0.0)
14:12:03.768 [Test worker] INFO com.linecorp.bot.model.message.MessageJsonReconstructionTest - AS JSON:       {"type":"location","title":"title","address":"address","latitude":135.0,"longitude":0.0}
14:12:03.770 [Test worker] INFO com.linecorp.bot.model.message.MessageJsonReconstructionTest - Reconstructed: LocationMessage(title=title, address=address, latitude=135.0, longitude=0.0)
14:12:03.773 [Test worker] INFO com.linecorp.bot.model.message.MessageJsonReconstructionTest - Original:      TemplateMessage(altText=ALT, template=ConfirmTemplate(text=text, actions=[URIAction(label=label, uri=http://example.com), MessageAction(label=label, text=text)]))
14:12:03.783 [Test worker] INFO com.linecorp.bot.model.message.MessageJsonReconstructionTest - AS JSON:       {"type":"template","altText":"ALT","template":{"type":"confirm","text":"text","actions":[{"type":"uri","label":"label","uri":"http://example.com"},{"type":"message","label":"label","text":"text"}]}}
14:12:03.788 [Test worker] INFO com.linecorp.bot.model.message.MessageJsonReconstructionTest - Reconstructed: TemplateMessage(altText=ALT, template=ConfirmTemplate(text=text, actions=[URIAction(label=label, uri=http://example.com), MessageAction(label=label, text=text)]))
14:12:03.788 [Test worker] INFO com.linecorp.bot.model.message.MessageJsonReconstructionTest - Original:      AudioMessage(originalContentUrl=originalUrl, duration=20)
14:12:03.790 [Test worker] INFO com.linecorp.bot.model.message.MessageJsonReconstructionTest - AS JSON:       {"type":"audio","originalContentUrl":"originalUrl","duration":20}
14:12:03.791 [Test worker] INFO com.linecorp.bot.model.message.MessageJsonReconstructionTest - Reconstructed: AudioMessage(originalContentUrl=originalUrl, duration=20)
14:12:03.793 [Test worker] INFO com.linecorp.bot.model.message.MessageJsonReconstructionTest - Original:      TemplateMessage(altText=ALT, template=CarouselTemplate(columns=[CarouselColumn(thumbnailImageUrl=thumbnail, title=title, text=text, actions=[PostbackAction(label=postback, data=data, text=null)])]))
14:12:03.797 [Test worker] INFO com.linecorp.bot.model.message.MessageJsonReconstructionTest - AS JSON:       {"type":"template","altText":"ALT","template":{"type":"carousel","columns":[{"thumbnailImageUrl":"thumbnail","title":"title","text":"text","actions":[{"type":"postback","label":"postback","data":"data"}]}]}}
14:12:03.801 [Test worker] INFO com.linecorp.bot.model.message.MessageJsonReconstructionTest - Reconstructed: TemplateMessage(altText=ALT, template=CarouselTemplate(columns=[CarouselColumn(thumbnailImageUrl=thumbnail, title=title, text=text, actions=[PostbackAction(label=postback, data=data, text=null)])]))
14:12:03.802 [Test worker] INFO com.linecorp.bot.model.message.MessageJsonReconstructionTest - Original:      StickerMessage(packageId=123, stickerId=456)
14:12:03.803 [Test worker] INFO com.linecorp.bot.model.message.MessageJsonReconstructionTest - AS JSON:       {"type":"sticker","packageId":"123","stickerId":"456"}
14:12:03.804 [Test worker] INFO com.linecorp.bot.model.message.MessageJsonReconstructionTest - Reconstructed: StickerMessage(packageId=123, stickerId=456)
14:12:03.805 [Test worker] INFO com.linecorp.bot.model.message.MessageJsonReconstructionTest - Original:      TextMessage(text=TEST)
14:12:03.806 [Test worker] INFO com.linecorp.bot.model.message.MessageJsonReconstructionTest - AS JSON:       {"type":"text","text":"TEST"}
14:12:03.807 [Test worker] INFO com.linecorp.bot.model.message.MessageJsonReconstructionTest - Reconstructed: TextMessage(text=TEST)
14:12:03.807 [Test worker] INFO com.linecorp.bot.model.message.MessageJsonReconstructionTest - Original:      TemplateMessage(altText=ALT, template=ButtonsTemplate(thumbnailImageUrl=https://example.com, title=title, text=text, actions=[MessageAction(label=label, text=text)]))
14:12:03.810 [Test worker] INFO com.linecorp.bot.model.message.MessageJsonReconstructionTest - AS JSON:       {"type":"template","altText":"ALT","template":{"type":"buttons","thumbnailImageUrl":"https://example.com","title":"title","text":"text","actions":[{"type":"message","label":"label","text":"text"}]}}
14:12:03.813 [Test worker] INFO com.linecorp.bot.model.message.MessageJsonReconstructionTest - Reconstructed: TemplateMessage(altText=ALT, template=ButtonsTemplate(thumbnailImageUrl=https://example.com, title=title, text=text, actions=[MessageAction(label=label, text=text)]))
>>>>>>> master
]]></system-out>
  <system-err><![CDATA[]]></system-err>
</testsuite>
