<?xml version="1.0" encoding="UTF-8"?>
<<<<<<< HEAD
<testsuite name="com.linecorp.bot.model.event.ReplyEventTest" tests="1" skipped="0" failures="0" errors="0" timestamp="2017-10-30T13:46:41" hostname="Lenovo-PC" time="0.405">
  <properties/>
  <testcase name="eventWithReplyTokenShouldBeImplementReplySupportTest" classname="com.linecorp.bot.model.event.ReplyEventTest" time="0.405"/>
  <system-out><![CDATA[21:46:41.211 [Test worker] DEBUG org.springframework.core.env.StandardEnvironment - Adding [systemProperties] PropertySource with lowest search precedence
21:46:41.216 [Test worker] DEBUG org.springframework.core.env.StandardEnvironment - Adding [systemEnvironment] PropertySource with lowest search precedence
21:46:41.221 [Test worker] DEBUG org.springframework.core.env.StandardEnvironment - Initialized StandardEnvironment with PropertySources [systemProperties,systemEnvironment]
21:46:41.252 [Test worker] DEBUG org.springframework.core.io.support.PathMatchingResourcePatternResolver - Resolved classpath location [com/linecorp/bot/model/event/] to resources [URL [file:/C:/Users/user/coding_workspace/comp3111_chatbot/dietbot/hkust_cs3111h/line-bot-model/build/classes/test/com/linecorp/bot/model/event/], URL [file:/C:/Users/user/coding_workspace/comp3111_chatbot/dietbot/hkust_cs3111h/line-bot-model/build/classes/main/com/linecorp/bot/model/event/]]
21:46:41.253 [Test worker] DEBUG org.springframework.core.io.support.PathMatchingResourcePatternResolver - Looking for matching resources in directory tree [C:\Users\user\coding_workspace\comp3111_chatbot\dietbot\hkust_cs3111h\line-bot-model\build\classes\test\com\linecorp\bot\model\event]
21:46:41.253 [Test worker] DEBUG org.springframework.core.io.support.PathMatchingResourcePatternResolver - Searching directory [C:\Users\user\coding_workspace\comp3111_chatbot\dietbot\hkust_cs3111h\line-bot-model\build\classes\test\com\linecorp\bot\model\event] for files matching pattern [C:/Users/user/coding_workspace/comp3111_chatbot/dietbot/hkust_cs3111h/line-bot-model/build/classes/test/com/linecorp/bot/model/event/**/*.class]
21:46:41.256 [Test worker] DEBUG org.springframework.core.io.support.PathMatchingResourcePatternResolver - Searching directory [C:\Users\user\coding_workspace\comp3111_chatbot\dietbot\hkust_cs3111h\line-bot-model\build\classes\test\com\linecorp\bot\model\event\beacon] for files matching pattern [C:/Users/user/coding_workspace/comp3111_chatbot/dietbot/hkust_cs3111h/line-bot-model/build/classes/test/com/linecorp/bot/model/event/**/*.class]
21:46:41.259 [Test worker] DEBUG org.springframework.core.io.support.PathMatchingResourcePatternResolver - Looking for matching resources in directory tree [C:\Users\user\coding_workspace\comp3111_chatbot\dietbot\hkust_cs3111h\line-bot-model\build\classes\main\com\linecorp\bot\model\event]
21:46:41.260 [Test worker] DEBUG org.springframework.core.io.support.PathMatchingResourcePatternResolver - Searching directory [C:\Users\user\coding_workspace\comp3111_chatbot\dietbot\hkust_cs3111h\line-bot-model\build\classes\main\com\linecorp\bot\model\event] for files matching pattern [C:/Users/user/coding_workspace/comp3111_chatbot/dietbot/hkust_cs3111h/line-bot-model/build/classes/main/com/linecorp/bot/model/event/**/*.class]
21:46:41.260 [Test worker] DEBUG org.springframework.core.io.support.PathMatchingResourcePatternResolver - Searching directory [C:\Users\user\coding_workspace\comp3111_chatbot\dietbot\hkust_cs3111h\line-bot-model\build\classes\main\com\linecorp\bot\model\event\beacon] for files matching pattern [C:/Users/user/coding_workspace/comp3111_chatbot/dietbot/hkust_cs3111h/line-bot-model/build/classes/main/com/linecorp/bot/model/event/**/*.class]
21:46:41.263 [Test worker] DEBUG org.springframework.core.io.support.PathMatchingResourcePatternResolver - Searching directory [C:\Users\user\coding_workspace\comp3111_chatbot\dietbot\hkust_cs3111h\line-bot-model\build\classes\main\com\linecorp\bot\model\event\message] for files matching pattern [C:/Users/user/coding_workspace/comp3111_chatbot/dietbot/hkust_cs3111h/line-bot-model/build/classes/main/com/linecorp/bot/model/event/**/*.class]
21:46:41.265 [Test worker] DEBUG org.springframework.core.io.support.PathMatchingResourcePatternResolver - Searching directory [C:\Users\user\coding_workspace\comp3111_chatbot\dietbot\hkust_cs3111h\line-bot-model\build\classes\main\com\linecorp\bot\model\event\postback] for files matching pattern [C:/Users/user/coding_workspace/comp3111_chatbot/dietbot/hkust_cs3111h/line-bot-model/build/classes/main/com/linecorp/bot/model/event/**/*.class]
21:46:41.267 [Test worker] DEBUG org.springframework.core.io.support.PathMatchingResourcePatternResolver - Searching directory [C:\Users\user\coding_workspace\comp3111_chatbot\dietbot\hkust_cs3111h\line-bot-model\build\classes\main\com\linecorp\bot\model\event\source] for files matching pattern [C:/Users/user/coding_workspace/comp3111_chatbot/dietbot/hkust_cs3111h/line-bot-model/build/classes/main/com/linecorp/bot/model/event/**/*.class]
21:46:41.270 [Test worker] DEBUG org.springframework.core.io.support.PathMatchingResourcePatternResolver - Resolved location pattern [classpath*:com/linecorp/bot/model/event/**/*.class] to resources [file [C:\Users\user\coding_workspace\comp3111_chatbot\dietbot\hkust_cs3111h\line-bot-model\build\classes\test\com\linecorp\bot\model\event\beacon\BeaconContentTest.class], file [C:\Users\user\coding_workspace\comp3111_chatbot\dietbot\hkust_cs3111h\line-bot-model\build\classes\test\com\linecorp\bot\model\event\beacon\BeaconContentUtilTest.class], file [C:\Users\user\coding_workspace\comp3111_chatbot\dietbot\hkust_cs3111h\line-bot-model\build\classes\test\com\linecorp\bot\model\event\CallbackRequestTest$RequestTester.class], file [C:\Users\user\coding_workspace\comp3111_chatbot\dietbot\hkust_cs3111h\line-bot-model\build\classes\test\com\linecorp\bot\model\event\CallbackRequestTest.class], file [C:\Users\user\coding_workspace\comp3111_chatbot\dietbot\hkust_cs3111h\line-bot-model\build\classes\test\com\linecorp\bot\model\event\MessageEventTest.class], file [C:\Users\user\coding_workspace\comp3111_chatbot\dietbot\hkust_cs3111h\line-bot-model\build\classes\test\com\linecorp\bot\model\event\ReplyEventTest.class], file [C:\Users\user\coding_workspace\comp3111_chatbot\dietbot\hkust_cs3111h\line-bot-model\build\classes\main\com\linecorp\bot\model\event\beacon\BeaconContent.class], file [C:\Users\user\coding_workspace\comp3111_chatbot\dietbot\hkust_cs3111h\line-bot-model\build\classes\main\com\linecorp\bot\model\event\beacon\BeaconContentUtil.class], file [C:\Users\user\coding_workspace\comp3111_chatbot\dietbot\hkust_cs3111h\line-bot-model\build\classes\main\com\linecorp\bot\model\event\BeaconEvent.class], file [C:\Users\user\coding_workspace\comp3111_chatbot\dietbot\hkust_cs3111h\line-bot-model\build\classes\main\com\linecorp\bot\model\event\CallbackRequest.class], file [C:\Users\user\coding_workspace\comp3111_chatbot\dietbot\hkust_cs3111h\line-bot-model\build\classes\main\com\linecorp\bot\model\event\Event.class], file [C:\Users\user\coding_workspace\comp3111_chatbot\dietbot\hkust_cs3111h\line-bot-model\build\classes\main\com\linecorp\bot\model\event\FollowEvent.class], file [C:\Users\user\coding_workspace\comp3111_chatbot\dietbot\hkust_cs3111h\line-bot-model\build\classes\main\com\linecorp\bot\model\event\JoinEvent.class], file [C:\Users\user\coding_workspace\comp3111_chatbot\dietbot\hkust_cs3111h\line-bot-model\build\classes\main\com\linecorp\bot\model\event\LeaveEvent.class], file [C:\Users\user\coding_workspace\comp3111_chatbot\dietbot\hkust_cs3111h\line-bot-model\build\classes\main\com\linecorp\bot\model\event\message\AudioMessageContent.class], file [C:\Users\user\coding_workspace\comp3111_chatbot\dietbot\hkust_cs3111h\line-bot-model\build\classes\main\com\linecorp\bot\model\event\message\FileMessageContent.class], file [C:\Users\user\coding_workspace\comp3111_chatbot\dietbot\hkust_cs3111h\line-bot-model\build\classes\main\com\linecorp\bot\model\event\message\ImageMessageContent.class], file [C:\Users\user\coding_workspace\comp3111_chatbot\dietbot\hkust_cs3111h\line-bot-model\build\classes\main\com\linecorp\bot\model\event\message\LocationMessageContent.class], file [C:\Users\user\coding_workspace\comp3111_chatbot\dietbot\hkust_cs3111h\line-bot-model\build\classes\main\com\linecorp\bot\model\event\message\MessageContent.class], file [C:\Users\user\coding_workspace\comp3111_chatbot\dietbot\hkust_cs3111h\line-bot-model\build\classes\main\com\linecorp\bot\model\event\message\StickerMessageContent.class], file [C:\Users\user\coding_workspace\comp3111_chatbot\dietbot\hkust_cs3111h\line-bot-model\build\classes\main\com\linecorp\bot\model\event\message\TextMessageContent.class], file [C:\Users\user\coding_workspace\comp3111_chatbot\dietbot\hkust_cs3111h\line-bot-model\build\classes\main\com\linecorp\bot\model\event\message\UnknownMessageContent.class], file [C:\Users\user\coding_workspace\comp3111_chatbot\dietbot\hkust_cs3111h\line-bot-model\build\classes\main\com\linecorp\bot\model\event\message\VideoMessageContent.class], file [C:\Users\user\coding_workspace\comp3111_chatbot\dietbot\hkust_cs3111h\line-bot-model\build\classes\main\com\linecorp\bot\model\event\MessageEvent.class], file [C:\Users\user\coding_workspace\comp3111_chatbot\dietbot\hkust_cs3111h\line-bot-model\build\classes\main\com\linecorp\bot\model\event\postback\PostbackContent.class], file [C:\Users\user\coding_workspace\comp3111_chatbot\dietbot\hkust_cs3111h\line-bot-model\build\classes\main\com\linecorp\bot\model\event\PostbackEvent.class], file [C:\Users\user\coding_workspace\comp3111_chatbot\dietbot\hkust_cs3111h\line-bot-model\build\classes\main\com\linecorp\bot\model\event\ReplyEvent.class], file [C:\Users\user\coding_workspace\comp3111_chatbot\dietbot\hkust_cs3111h\line-bot-model\build\classes\main\com\linecorp\bot\model\event\source\GroupSource.class], file [C:\Users\user\coding_workspace\comp3111_chatbot\dietbot\hkust_cs3111h\line-bot-model\build\classes\main\com\linecorp\bot\model\event\source\RoomSource.class], file [C:\Users\user\coding_workspace\comp3111_chatbot\dietbot\hkust_cs3111h\line-bot-model\build\classes\main\com\linecorp\bot\model\event\source\Source.class], file [C:\Users\user\coding_workspace\comp3111_chatbot\dietbot\hkust_cs3111h\line-bot-model\build\classes\main\com\linecorp\bot\model\event\source\UnknownSource.class], file [C:\Users\user\coding_workspace\comp3111_chatbot\dietbot\hkust_cs3111h\line-bot-model\build\classes\main\com\linecorp\bot\model\event\source\UserSource.class], file [C:\Users\user\coding_workspace\comp3111_chatbot\dietbot\hkust_cs3111h\line-bot-model\build\classes\main\com\linecorp\bot\model\event\UnfollowEvent.class], file [C:\Users\user\coding_workspace\comp3111_chatbot\dietbot\hkust_cs3111h\line-bot-model\build\classes\main\com\linecorp\bot\model\event\UnknownEvent.class]]
21:46:41.364 [Test worker] DEBUG org.springframework.context.annotation.ClassPathScanningCandidateComponentProvider - Identified candidate component class: file [C:\Users\user\coding_workspace\comp3111_chatbot\dietbot\hkust_cs3111h\line-bot-model\build\classes\test\com\linecorp\bot\model\event\beacon\BeaconContentTest.class]
21:46:41.365 [Test worker] DEBUG org.springframework.context.annotation.ClassPathScanningCandidateComponentProvider - Identified candidate component class: file [C:\Users\user\coding_workspace\comp3111_chatbot\dietbot\hkust_cs3111h\line-bot-model\build\classes\test\com\linecorp\bot\model\event\beacon\BeaconContentUtilTest.class]
21:46:41.367 [Test worker] DEBUG org.springframework.context.annotation.ClassPathScanningCandidateComponentProvider - Ignored because not a concrete top-level class: file [C:\Users\user\coding_workspace\comp3111_chatbot\dietbot\hkust_cs3111h\line-bot-model\build\classes\test\com\linecorp\bot\model\event\CallbackRequestTest$RequestTester.class]
21:46:41.371 [Test worker] DEBUG org.springframework.context.annotation.ClassPathScanningCandidateComponentProvider - Identified candidate component class: file [C:\Users\user\coding_workspace\comp3111_chatbot\dietbot\hkust_cs3111h\line-bot-model\build\classes\test\com\linecorp\bot\model\event\CallbackRequestTest.class]
21:46:41.372 [Test worker] DEBUG org.springframework.context.annotation.ClassPathScanningCandidateComponentProvider - Identified candidate component class: file [C:\Users\user\coding_workspace\comp3111_chatbot\dietbot\hkust_cs3111h\line-bot-model\build\classes\test\com\linecorp\bot\model\event\MessageEventTest.class]
21:46:41.373 [Test worker] DEBUG org.springframework.context.annotation.ClassPathScanningCandidateComponentProvider - Identified candidate component class: file [C:\Users\user\coding_workspace\comp3111_chatbot\dietbot\hkust_cs3111h\line-bot-model\build\classes\test\com\linecorp\bot\model\event\ReplyEventTest.class]
21:46:41.374 [Test worker] DEBUG org.springframework.context.annotation.ClassPathScanningCandidateComponentProvider - Identified candidate component class: file [C:\Users\user\coding_workspace\comp3111_chatbot\dietbot\hkust_cs3111h\line-bot-model\build\classes\main\com\linecorp\bot\model\event\beacon\BeaconContent.class]
21:46:41.374 [Test worker] DEBUG org.springframework.context.annotation.ClassPathScanningCandidateComponentProvider - Identified candidate component class: file [C:\Users\user\coding_workspace\comp3111_chatbot\dietbot\hkust_cs3111h\line-bot-model\build\classes\main\com\linecorp\bot\model\event\beacon\BeaconContentUtil.class]
21:46:41.376 [Test worker] DEBUG org.springframework.context.annotation.ClassPathScanningCandidateComponentProvider - Identified candidate component class: file [C:\Users\user\coding_workspace\comp3111_chatbot\dietbot\hkust_cs3111h\line-bot-model\build\classes\main\com\linecorp\bot\model\event\BeaconEvent.class]
21:46:41.377 [Test worker] DEBUG org.springframework.context.annotation.ClassPathScanningCandidateComponentProvider - Identified candidate component class: file [C:\Users\user\coding_workspace\comp3111_chatbot\dietbot\hkust_cs3111h\line-bot-model\build\classes\main\com\linecorp\bot\model\event\CallbackRequest.class]
21:46:41.378 [Test worker] DEBUG org.springframework.context.annotation.ClassPathScanningCandidateComponentProvider - Ignored because not a concrete top-level class: file [C:\Users\user\coding_workspace\comp3111_chatbot\dietbot\hkust_cs3111h\line-bot-model\build\classes\main\com\linecorp\bot\model\event\Event.class]
21:46:41.380 [Test worker] DEBUG org.springframework.context.annotation.ClassPathScanningCandidateComponentProvider - Identified candidate component class: file [C:\Users\user\coding_workspace\comp3111_chatbot\dietbot\hkust_cs3111h\line-bot-model\build\classes\main\com\linecorp\bot\model\event\FollowEvent.class]
21:46:41.380 [Test worker] DEBUG org.springframework.context.annotation.ClassPathScanningCandidateComponentProvider - Identified candidate component class: file [C:\Users\user\coding_workspace\comp3111_chatbot\dietbot\hkust_cs3111h\line-bot-model\build\classes\main\com\linecorp\bot\model\event\JoinEvent.class]
21:46:41.381 [Test worker] DEBUG org.springframework.context.annotation.ClassPathScanningCandidateComponentProvider - Identified candidate component class: file [C:\Users\user\coding_workspace\comp3111_chatbot\dietbot\hkust_cs3111h\line-bot-model\build\classes\main\com\linecorp\bot\model\event\LeaveEvent.class]
21:46:41.382 [Test worker] DEBUG org.springframework.context.annotation.ClassPathScanningCandidateComponentProvider - Identified candidate component class: file [C:\Users\user\coding_workspace\comp3111_chatbot\dietbot\hkust_cs3111h\line-bot-model\build\classes\main\com\linecorp\bot\model\event\message\AudioMessageContent.class]
21:46:41.383 [Test worker] DEBUG org.springframework.context.annotation.ClassPathScanningCandidateComponentProvider - Identified candidate component class: file [C:\Users\user\coding_workspace\comp3111_chatbot\dietbot\hkust_cs3111h\line-bot-model\build\classes\main\com\linecorp\bot\model\event\message\FileMessageContent.class]
21:46:41.384 [Test worker] DEBUG org.springframework.context.annotation.ClassPathScanningCandidateComponentProvider - Identified candidate component class: file [C:\Users\user\coding_workspace\comp3111_chatbot\dietbot\hkust_cs3111h\line-bot-model\build\classes\main\com\linecorp\bot\model\event\message\ImageMessageContent.class]
21:46:41.385 [Test worker] DEBUG org.springframework.context.annotation.ClassPathScanningCandidateComponentProvider - Identified candidate component class: file [C:\Users\user\coding_workspace\comp3111_chatbot\dietbot\hkust_cs3111h\line-bot-model\build\classes\main\com\linecorp\bot\model\event\message\LocationMessageContent.class]
21:46:41.386 [Test worker] DEBUG org.springframework.context.annotation.ClassPathScanningCandidateComponentProvider - Ignored because not a concrete top-level class: file [C:\Users\user\coding_workspace\comp3111_chatbot\dietbot\hkust_cs3111h\line-bot-model\build\classes\main\com\linecorp\bot\model\event\message\MessageContent.class]
21:46:41.388 [Test worker] DEBUG org.springframework.context.annotation.ClassPathScanningCandidateComponentProvider - Identified candidate component class: file [C:\Users\user\coding_workspace\comp3111_chatbot\dietbot\hkust_cs3111h\line-bot-model\build\classes\main\com\linecorp\bot\model\event\message\StickerMessageContent.class]
21:46:41.389 [Test worker] DEBUG org.springframework.context.annotation.ClassPathScanningCandidateComponentProvider - Identified candidate component class: file [C:\Users\user\coding_workspace\comp3111_chatbot\dietbot\hkust_cs3111h\line-bot-model\build\classes\main\com\linecorp\bot\model\event\message\TextMessageContent.class]
21:46:41.390 [Test worker] DEBUG org.springframework.context.annotation.ClassPathScanningCandidateComponentProvider - Identified candidate component class: file [C:\Users\user\coding_workspace\comp3111_chatbot\dietbot\hkust_cs3111h\line-bot-model\build\classes\main\com\linecorp\bot\model\event\message\UnknownMessageContent.class]
21:46:41.391 [Test worker] DEBUG org.springframework.context.annotation.ClassPathScanningCandidateComponentProvider - Identified candidate component class: file [C:\Users\user\coding_workspace\comp3111_chatbot\dietbot\hkust_cs3111h\line-bot-model\build\classes\main\com\linecorp\bot\model\event\message\VideoMessageContent.class]
21:46:41.392 [Test worker] DEBUG org.springframework.context.annotation.ClassPathScanningCandidateComponentProvider - Identified candidate component class: file [C:\Users\user\coding_workspace\comp3111_chatbot\dietbot\hkust_cs3111h\line-bot-model\build\classes\main\com\linecorp\bot\model\event\MessageEvent.class]
21:46:41.394 [Test worker] DEBUG org.springframework.context.annotation.ClassPathScanningCandidateComponentProvider - Identified candidate component class: file [C:\Users\user\coding_workspace\comp3111_chatbot\dietbot\hkust_cs3111h\line-bot-model\build\classes\main\com\linecorp\bot\model\event\postback\PostbackContent.class]
21:46:41.396 [Test worker] DEBUG org.springframework.context.annotation.ClassPathScanningCandidateComponentProvider - Identified candidate component class: file [C:\Users\user\coding_workspace\comp3111_chatbot\dietbot\hkust_cs3111h\line-bot-model\build\classes\main\com\linecorp\bot\model\event\PostbackEvent.class]
21:46:41.398 [Test worker] DEBUG org.springframework.context.annotation.ClassPathScanningCandidateComponentProvider - Ignored because not a concrete top-level class: file [C:\Users\user\coding_workspace\comp3111_chatbot\dietbot\hkust_cs3111h\line-bot-model\build\classes\main\com\linecorp\bot\model\event\ReplyEvent.class]
21:46:41.399 [Test worker] DEBUG org.springframework.context.annotation.ClassPathScanningCandidateComponentProvider - Identified candidate component class: file [C:\Users\user\coding_workspace\comp3111_chatbot\dietbot\hkust_cs3111h\line-bot-model\build\classes\main\com\linecorp\bot\model\event\source\GroupSource.class]
21:46:41.400 [Test worker] DEBUG org.springframework.context.annotation.ClassPathScanningCandidateComponentProvider - Identified candidate component class: file [C:\Users\user\coding_workspace\comp3111_chatbot\dietbot\hkust_cs3111h\line-bot-model\build\classes\main\com\linecorp\bot\model\event\source\RoomSource.class]
21:46:41.402 [Test worker] DEBUG org.springframework.context.annotation.ClassPathScanningCandidateComponentProvider - Ignored because not a concrete top-level class: file [C:\Users\user\coding_workspace\comp3111_chatbot\dietbot\hkust_cs3111h\line-bot-model\build\classes\main\com\linecorp\bot\model\event\source\Source.class]
21:46:41.403 [Test worker] DEBUG org.springframework.context.annotation.ClassPathScanningCandidateComponentProvider - Identified candidate component class: file [C:\Users\user\coding_workspace\comp3111_chatbot\dietbot\hkust_cs3111h\line-bot-model\build\classes\main\com\linecorp\bot\model\event\source\UnknownSource.class]
21:46:41.404 [Test worker] DEBUG org.springframework.context.annotation.ClassPathScanningCandidateComponentProvider - Identified candidate component class: file [C:\Users\user\coding_workspace\comp3111_chatbot\dietbot\hkust_cs3111h\line-bot-model\build\classes\main\com\linecorp\bot\model\event\source\UserSource.class]
21:46:41.405 [Test worker] DEBUG org.springframework.context.annotation.ClassPathScanningCandidateComponentProvider - Identified candidate component class: file [C:\Users\user\coding_workspace\comp3111_chatbot\dietbot\hkust_cs3111h\line-bot-model\build\classes\main\com\linecorp\bot\model\event\UnfollowEvent.class]
21:46:41.406 [Test worker] DEBUG org.springframework.context.annotation.ClassPathScanningCandidateComponentProvider - Identified candidate component class: file [C:\Users\user\coding_workspace\comp3111_chatbot\dietbot\hkust_cs3111h\line-bot-model\build\classes\main\com\linecorp\bot\model\event\UnknownEvent.class]
21:46:41.493 [Test worker] INFO com.linecorp.bot.model.event.ReplyEventTest - eventClasses = [class com.linecorp.bot.model.event.BeaconEvent, class com.linecorp.bot.model.event.FollowEvent, class com.linecorp.bot.model.event.JoinEvent, class com.linecorp.bot.model.event.LeaveEvent, class com.linecorp.bot.model.event.MessageEvent, class com.linecorp.bot.model.event.PostbackEvent, class com.linecorp.bot.model.event.UnfollowEvent, class com.linecorp.bot.model.event.UnknownEvent]
=======
<testsuite name="com.linecorp.bot.model.event.ReplyEventTest" tests="1" skipped="0" failures="0" errors="0" timestamp="2017-10-31T06:12:03" hostname="Ignaviers-MacBook-Pro.local" time="0.188">
  <properties/>
  <testcase name="eventWithReplyTokenShouldBeImplementReplySupportTest" classname="com.linecorp.bot.model.event.ReplyEventTest" time="0.188"/>
  <system-out><![CDATA[14:12:03.559 [Test worker] DEBUG org.springframework.core.env.StandardEnvironment - Adding [systemProperties] PropertySource with lowest search precedence
14:12:03.563 [Test worker] DEBUG org.springframework.core.env.StandardEnvironment - Adding [systemEnvironment] PropertySource with lowest search precedence
14:12:03.565 [Test worker] DEBUG org.springframework.core.env.StandardEnvironment - Initialized StandardEnvironment with PropertySources [systemProperties,systemEnvironment]
14:12:03.583 [Test worker] DEBUG org.springframework.core.io.support.PathMatchingResourcePatternResolver - Resolved classpath location [com/linecorp/bot/model/event/] to resources [URL [file:/Users/Ignavier/workspace/java/eclipse-sts/hkust_cs3111h/line-bot-model/build/classes/test/com/linecorp/bot/model/event/], URL [file:/Users/Ignavier/workspace/java/eclipse-sts/hkust_cs3111h/line-bot-model/build/classes/main/com/linecorp/bot/model/event/]]
14:12:03.585 [Test worker] DEBUG org.springframework.core.io.support.PathMatchingResourcePatternResolver - Looking for matching resources in directory tree [/Users/Ignavier/workspace/java/eclipse-sts/hkust_cs3111h/line-bot-model/build/classes/test/com/linecorp/bot/model/event]
14:12:03.585 [Test worker] DEBUG org.springframework.core.io.support.PathMatchingResourcePatternResolver - Searching directory [/Users/Ignavier/workspace/java/eclipse-sts/hkust_cs3111h/line-bot-model/build/classes/test/com/linecorp/bot/model/event] for files matching pattern [/Users/Ignavier/workspace/java/eclipse-sts/hkust_cs3111h/line-bot-model/build/classes/test/com/linecorp/bot/model/event/**/*.class]
14:12:03.589 [Test worker] DEBUG org.springframework.core.io.support.PathMatchingResourcePatternResolver - Searching directory [/Users/Ignavier/workspace/java/eclipse-sts/hkust_cs3111h/line-bot-model/build/classes/test/com/linecorp/bot/model/event/beacon] for files matching pattern [/Users/Ignavier/workspace/java/eclipse-sts/hkust_cs3111h/line-bot-model/build/classes/test/com/linecorp/bot/model/event/**/*.class]
14:12:03.591 [Test worker] DEBUG org.springframework.core.io.support.PathMatchingResourcePatternResolver - Looking for matching resources in directory tree [/Users/Ignavier/workspace/java/eclipse-sts/hkust_cs3111h/line-bot-model/build/classes/main/com/linecorp/bot/model/event]
14:12:03.592 [Test worker] DEBUG org.springframework.core.io.support.PathMatchingResourcePatternResolver - Searching directory [/Users/Ignavier/workspace/java/eclipse-sts/hkust_cs3111h/line-bot-model/build/classes/main/com/linecorp/bot/model/event] for files matching pattern [/Users/Ignavier/workspace/java/eclipse-sts/hkust_cs3111h/line-bot-model/build/classes/main/com/linecorp/bot/model/event/**/*.class]
14:12:03.594 [Test worker] DEBUG org.springframework.core.io.support.PathMatchingResourcePatternResolver - Searching directory [/Users/Ignavier/workspace/java/eclipse-sts/hkust_cs3111h/line-bot-model/build/classes/main/com/linecorp/bot/model/event/beacon] for files matching pattern [/Users/Ignavier/workspace/java/eclipse-sts/hkust_cs3111h/line-bot-model/build/classes/main/com/linecorp/bot/model/event/**/*.class]
14:12:03.595 [Test worker] DEBUG org.springframework.core.io.support.PathMatchingResourcePatternResolver - Searching directory [/Users/Ignavier/workspace/java/eclipse-sts/hkust_cs3111h/line-bot-model/build/classes/main/com/linecorp/bot/model/event/message] for files matching pattern [/Users/Ignavier/workspace/java/eclipse-sts/hkust_cs3111h/line-bot-model/build/classes/main/com/linecorp/bot/model/event/**/*.class]
14:12:03.596 [Test worker] DEBUG org.springframework.core.io.support.PathMatchingResourcePatternResolver - Searching directory [/Users/Ignavier/workspace/java/eclipse-sts/hkust_cs3111h/line-bot-model/build/classes/main/com/linecorp/bot/model/event/postback] for files matching pattern [/Users/Ignavier/workspace/java/eclipse-sts/hkust_cs3111h/line-bot-model/build/classes/main/com/linecorp/bot/model/event/**/*.class]
14:12:03.597 [Test worker] DEBUG org.springframework.core.io.support.PathMatchingResourcePatternResolver - Searching directory [/Users/Ignavier/workspace/java/eclipse-sts/hkust_cs3111h/line-bot-model/build/classes/main/com/linecorp/bot/model/event/source] for files matching pattern [/Users/Ignavier/workspace/java/eclipse-sts/hkust_cs3111h/line-bot-model/build/classes/main/com/linecorp/bot/model/event/**/*.class]
14:12:03.600 [Test worker] DEBUG org.springframework.core.io.support.PathMatchingResourcePatternResolver - Resolved location pattern [classpath*:com/linecorp/bot/model/event/**/*.class] to resources [file [/Users/Ignavier/workspace/java/eclipse-sts/hkust_cs3111h/line-bot-model/build/classes/test/com/linecorp/bot/model/event/CallbackRequestTest$RequestTester.class], file [/Users/Ignavier/workspace/java/eclipse-sts/hkust_cs3111h/line-bot-model/build/classes/test/com/linecorp/bot/model/event/CallbackRequestTest.class], file [/Users/Ignavier/workspace/java/eclipse-sts/hkust_cs3111h/line-bot-model/build/classes/test/com/linecorp/bot/model/event/MessageEventTest.class], file [/Users/Ignavier/workspace/java/eclipse-sts/hkust_cs3111h/line-bot-model/build/classes/test/com/linecorp/bot/model/event/ReplyEventTest.class], file [/Users/Ignavier/workspace/java/eclipse-sts/hkust_cs3111h/line-bot-model/build/classes/test/com/linecorp/bot/model/event/beacon/BeaconContentTest.class], file [/Users/Ignavier/workspace/java/eclipse-sts/hkust_cs3111h/line-bot-model/build/classes/test/com/linecorp/bot/model/event/beacon/BeaconContentUtilTest.class], file [/Users/Ignavier/workspace/java/eclipse-sts/hkust_cs3111h/line-bot-model/build/classes/main/com/linecorp/bot/model/event/BeaconEvent.class], file [/Users/Ignavier/workspace/java/eclipse-sts/hkust_cs3111h/line-bot-model/build/classes/main/com/linecorp/bot/model/event/CallbackRequest.class], file [/Users/Ignavier/workspace/java/eclipse-sts/hkust_cs3111h/line-bot-model/build/classes/main/com/linecorp/bot/model/event/Event.class], file [/Users/Ignavier/workspace/java/eclipse-sts/hkust_cs3111h/line-bot-model/build/classes/main/com/linecorp/bot/model/event/FollowEvent.class], file [/Users/Ignavier/workspace/java/eclipse-sts/hkust_cs3111h/line-bot-model/build/classes/main/com/linecorp/bot/model/event/JoinEvent.class], file [/Users/Ignavier/workspace/java/eclipse-sts/hkust_cs3111h/line-bot-model/build/classes/main/com/linecorp/bot/model/event/LeaveEvent.class], file [/Users/Ignavier/workspace/java/eclipse-sts/hkust_cs3111h/line-bot-model/build/classes/main/com/linecorp/bot/model/event/MessageEvent.class], file [/Users/Ignavier/workspace/java/eclipse-sts/hkust_cs3111h/line-bot-model/build/classes/main/com/linecorp/bot/model/event/PostbackEvent.class], file [/Users/Ignavier/workspace/java/eclipse-sts/hkust_cs3111h/line-bot-model/build/classes/main/com/linecorp/bot/model/event/ReplyEvent.class], file [/Users/Ignavier/workspace/java/eclipse-sts/hkust_cs3111h/line-bot-model/build/classes/main/com/linecorp/bot/model/event/UnfollowEvent.class], file [/Users/Ignavier/workspace/java/eclipse-sts/hkust_cs3111h/line-bot-model/build/classes/main/com/linecorp/bot/model/event/UnknownEvent.class], file [/Users/Ignavier/workspace/java/eclipse-sts/hkust_cs3111h/line-bot-model/build/classes/main/com/linecorp/bot/model/event/beacon/BeaconContent.class], file [/Users/Ignavier/workspace/java/eclipse-sts/hkust_cs3111h/line-bot-model/build/classes/main/com/linecorp/bot/model/event/beacon/BeaconContentUtil.class], file [/Users/Ignavier/workspace/java/eclipse-sts/hkust_cs3111h/line-bot-model/build/classes/main/com/linecorp/bot/model/event/message/AudioMessageContent.class], file [/Users/Ignavier/workspace/java/eclipse-sts/hkust_cs3111h/line-bot-model/build/classes/main/com/linecorp/bot/model/event/message/FileMessageContent.class], file [/Users/Ignavier/workspace/java/eclipse-sts/hkust_cs3111h/line-bot-model/build/classes/main/com/linecorp/bot/model/event/message/ImageMessageContent.class], file [/Users/Ignavier/workspace/java/eclipse-sts/hkust_cs3111h/line-bot-model/build/classes/main/com/linecorp/bot/model/event/message/LocationMessageContent.class], file [/Users/Ignavier/workspace/java/eclipse-sts/hkust_cs3111h/line-bot-model/build/classes/main/com/linecorp/bot/model/event/message/MessageContent.class], file [/Users/Ignavier/workspace/java/eclipse-sts/hkust_cs3111h/line-bot-model/build/classes/main/com/linecorp/bot/model/event/message/StickerMessageContent.class], file [/Users/Ignavier/workspace/java/eclipse-sts/hkust_cs3111h/line-bot-model/build/classes/main/com/linecorp/bot/model/event/message/TextMessageContent.class], file [/Users/Ignavier/workspace/java/eclipse-sts/hkust_cs3111h/line-bot-model/build/classes/main/com/linecorp/bot/model/event/message/UnknownMessageContent.class], file [/Users/Ignavier/workspace/java/eclipse-sts/hkust_cs3111h/line-bot-model/build/classes/main/com/linecorp/bot/model/event/message/VideoMessageContent.class], file [/Users/Ignavier/workspace/java/eclipse-sts/hkust_cs3111h/line-bot-model/build/classes/main/com/linecorp/bot/model/event/postback/PostbackContent.class], file [/Users/Ignavier/workspace/java/eclipse-sts/hkust_cs3111h/line-bot-model/build/classes/main/com/linecorp/bot/model/event/source/GroupSource.class], file [/Users/Ignavier/workspace/java/eclipse-sts/hkust_cs3111h/line-bot-model/build/classes/main/com/linecorp/bot/model/event/source/RoomSource.class], file [/Users/Ignavier/workspace/java/eclipse-sts/hkust_cs3111h/line-bot-model/build/classes/main/com/linecorp/bot/model/event/source/Source.class], file [/Users/Ignavier/workspace/java/eclipse-sts/hkust_cs3111h/line-bot-model/build/classes/main/com/linecorp/bot/model/event/source/UnknownSource.class], file [/Users/Ignavier/workspace/java/eclipse-sts/hkust_cs3111h/line-bot-model/build/classes/main/com/linecorp/bot/model/event/source/UserSource.class]]
14:12:03.642 [Test worker] DEBUG org.springframework.context.annotation.ClassPathScanningCandidateComponentProvider - Ignored because not a concrete top-level class: file [/Users/Ignavier/workspace/java/eclipse-sts/hkust_cs3111h/line-bot-model/build/classes/test/com/linecorp/bot/model/event/CallbackRequestTest$RequestTester.class]
14:12:03.659 [Test worker] DEBUG org.springframework.context.annotation.ClassPathScanningCandidateComponentProvider - Identified candidate component class: file [/Users/Ignavier/workspace/java/eclipse-sts/hkust_cs3111h/line-bot-model/build/classes/test/com/linecorp/bot/model/event/CallbackRequestTest.class]
14:12:03.661 [Test worker] DEBUG org.springframework.context.annotation.ClassPathScanningCandidateComponentProvider - Identified candidate component class: file [/Users/Ignavier/workspace/java/eclipse-sts/hkust_cs3111h/line-bot-model/build/classes/test/com/linecorp/bot/model/event/MessageEventTest.class]
14:12:03.661 [Test worker] DEBUG org.springframework.context.annotation.ClassPathScanningCandidateComponentProvider - Identified candidate component class: file [/Users/Ignavier/workspace/java/eclipse-sts/hkust_cs3111h/line-bot-model/build/classes/test/com/linecorp/bot/model/event/ReplyEventTest.class]
14:12:03.662 [Test worker] DEBUG org.springframework.context.annotation.ClassPathScanningCandidateComponentProvider - Identified candidate component class: file [/Users/Ignavier/workspace/java/eclipse-sts/hkust_cs3111h/line-bot-model/build/classes/test/com/linecorp/bot/model/event/beacon/BeaconContentTest.class]
14:12:03.663 [Test worker] DEBUG org.springframework.context.annotation.ClassPathScanningCandidateComponentProvider - Identified candidate component class: file [/Users/Ignavier/workspace/java/eclipse-sts/hkust_cs3111h/line-bot-model/build/classes/test/com/linecorp/bot/model/event/beacon/BeaconContentUtilTest.class]
14:12:03.664 [Test worker] DEBUG org.springframework.context.annotation.ClassPathScanningCandidateComponentProvider - Identified candidate component class: file [/Users/Ignavier/workspace/java/eclipse-sts/hkust_cs3111h/line-bot-model/build/classes/main/com/linecorp/bot/model/event/BeaconEvent.class]
14:12:03.665 [Test worker] DEBUG org.springframework.context.annotation.ClassPathScanningCandidateComponentProvider - Identified candidate component class: file [/Users/Ignavier/workspace/java/eclipse-sts/hkust_cs3111h/line-bot-model/build/classes/main/com/linecorp/bot/model/event/CallbackRequest.class]
14:12:03.667 [Test worker] DEBUG org.springframework.context.annotation.ClassPathScanningCandidateComponentProvider - Ignored because not a concrete top-level class: file [/Users/Ignavier/workspace/java/eclipse-sts/hkust_cs3111h/line-bot-model/build/classes/main/com/linecorp/bot/model/event/Event.class]
14:12:03.668 [Test worker] DEBUG org.springframework.context.annotation.ClassPathScanningCandidateComponentProvider - Identified candidate component class: file [/Users/Ignavier/workspace/java/eclipse-sts/hkust_cs3111h/line-bot-model/build/classes/main/com/linecorp/bot/model/event/FollowEvent.class]
14:12:03.669 [Test worker] DEBUG org.springframework.context.annotation.ClassPathScanningCandidateComponentProvider - Identified candidate component class: file [/Users/Ignavier/workspace/java/eclipse-sts/hkust_cs3111h/line-bot-model/build/classes/main/com/linecorp/bot/model/event/JoinEvent.class]
14:12:03.670 [Test worker] DEBUG org.springframework.context.annotation.ClassPathScanningCandidateComponentProvider - Identified candidate component class: file [/Users/Ignavier/workspace/java/eclipse-sts/hkust_cs3111h/line-bot-model/build/classes/main/com/linecorp/bot/model/event/LeaveEvent.class]
14:12:03.672 [Test worker] DEBUG org.springframework.context.annotation.ClassPathScanningCandidateComponentProvider - Identified candidate component class: file [/Users/Ignavier/workspace/java/eclipse-sts/hkust_cs3111h/line-bot-model/build/classes/main/com/linecorp/bot/model/event/MessageEvent.class]
14:12:03.673 [Test worker] DEBUG org.springframework.context.annotation.ClassPathScanningCandidateComponentProvider - Identified candidate component class: file [/Users/Ignavier/workspace/java/eclipse-sts/hkust_cs3111h/line-bot-model/build/classes/main/com/linecorp/bot/model/event/PostbackEvent.class]
14:12:03.676 [Test worker] DEBUG org.springframework.context.annotation.ClassPathScanningCandidateComponentProvider - Ignored because not a concrete top-level class: file [/Users/Ignavier/workspace/java/eclipse-sts/hkust_cs3111h/line-bot-model/build/classes/main/com/linecorp/bot/model/event/ReplyEvent.class]
14:12:03.677 [Test worker] DEBUG org.springframework.context.annotation.ClassPathScanningCandidateComponentProvider - Identified candidate component class: file [/Users/Ignavier/workspace/java/eclipse-sts/hkust_cs3111h/line-bot-model/build/classes/main/com/linecorp/bot/model/event/UnfollowEvent.class]
14:12:03.680 [Test worker] DEBUG org.springframework.context.annotation.ClassPathScanningCandidateComponentProvider - Identified candidate component class: file [/Users/Ignavier/workspace/java/eclipse-sts/hkust_cs3111h/line-bot-model/build/classes/main/com/linecorp/bot/model/event/UnknownEvent.class]
14:12:03.682 [Test worker] DEBUG org.springframework.context.annotation.ClassPathScanningCandidateComponentProvider - Identified candidate component class: file [/Users/Ignavier/workspace/java/eclipse-sts/hkust_cs3111h/line-bot-model/build/classes/main/com/linecorp/bot/model/event/beacon/BeaconContent.class]
14:12:03.683 [Test worker] DEBUG org.springframework.context.annotation.ClassPathScanningCandidateComponentProvider - Identified candidate component class: file [/Users/Ignavier/workspace/java/eclipse-sts/hkust_cs3111h/line-bot-model/build/classes/main/com/linecorp/bot/model/event/beacon/BeaconContentUtil.class]
14:12:03.684 [Test worker] DEBUG org.springframework.context.annotation.ClassPathScanningCandidateComponentProvider - Identified candidate component class: file [/Users/Ignavier/workspace/java/eclipse-sts/hkust_cs3111h/line-bot-model/build/classes/main/com/linecorp/bot/model/event/message/AudioMessageContent.class]
14:12:03.686 [Test worker] DEBUG org.springframework.context.annotation.ClassPathScanningCandidateComponentProvider - Identified candidate component class: file [/Users/Ignavier/workspace/java/eclipse-sts/hkust_cs3111h/line-bot-model/build/classes/main/com/linecorp/bot/model/event/message/FileMessageContent.class]
14:12:03.687 [Test worker] DEBUG org.springframework.context.annotation.ClassPathScanningCandidateComponentProvider - Identified candidate component class: file [/Users/Ignavier/workspace/java/eclipse-sts/hkust_cs3111h/line-bot-model/build/classes/main/com/linecorp/bot/model/event/message/ImageMessageContent.class]
14:12:03.689 [Test worker] DEBUG org.springframework.context.annotation.ClassPathScanningCandidateComponentProvider - Identified candidate component class: file [/Users/Ignavier/workspace/java/eclipse-sts/hkust_cs3111h/line-bot-model/build/classes/main/com/linecorp/bot/model/event/message/LocationMessageContent.class]
14:12:03.690 [Test worker] DEBUG org.springframework.context.annotation.ClassPathScanningCandidateComponentProvider - Ignored because not a concrete top-level class: file [/Users/Ignavier/workspace/java/eclipse-sts/hkust_cs3111h/line-bot-model/build/classes/main/com/linecorp/bot/model/event/message/MessageContent.class]
14:12:03.691 [Test worker] DEBUG org.springframework.context.annotation.ClassPathScanningCandidateComponentProvider - Identified candidate component class: file [/Users/Ignavier/workspace/java/eclipse-sts/hkust_cs3111h/line-bot-model/build/classes/main/com/linecorp/bot/model/event/message/StickerMessageContent.class]
14:12:03.692 [Test worker] DEBUG org.springframework.context.annotation.ClassPathScanningCandidateComponentProvider - Identified candidate component class: file [/Users/Ignavier/workspace/java/eclipse-sts/hkust_cs3111h/line-bot-model/build/classes/main/com/linecorp/bot/model/event/message/TextMessageContent.class]
14:12:03.693 [Test worker] DEBUG org.springframework.context.annotation.ClassPathScanningCandidateComponentProvider - Identified candidate component class: file [/Users/Ignavier/workspace/java/eclipse-sts/hkust_cs3111h/line-bot-model/build/classes/main/com/linecorp/bot/model/event/message/UnknownMessageContent.class]
14:12:03.694 [Test worker] DEBUG org.springframework.context.annotation.ClassPathScanningCandidateComponentProvider - Identified candidate component class: file [/Users/Ignavier/workspace/java/eclipse-sts/hkust_cs3111h/line-bot-model/build/classes/main/com/linecorp/bot/model/event/message/VideoMessageContent.class]
14:12:03.695 [Test worker] DEBUG org.springframework.context.annotation.ClassPathScanningCandidateComponentProvider - Identified candidate component class: file [/Users/Ignavier/workspace/java/eclipse-sts/hkust_cs3111h/line-bot-model/build/classes/main/com/linecorp/bot/model/event/postback/PostbackContent.class]
14:12:03.696 [Test worker] DEBUG org.springframework.context.annotation.ClassPathScanningCandidateComponentProvider - Identified candidate component class: file [/Users/Ignavier/workspace/java/eclipse-sts/hkust_cs3111h/line-bot-model/build/classes/main/com/linecorp/bot/model/event/source/GroupSource.class]
14:12:03.697 [Test worker] DEBUG org.springframework.context.annotation.ClassPathScanningCandidateComponentProvider - Identified candidate component class: file [/Users/Ignavier/workspace/java/eclipse-sts/hkust_cs3111h/line-bot-model/build/classes/main/com/linecorp/bot/model/event/source/RoomSource.class]
14:12:03.698 [Test worker] DEBUG org.springframework.context.annotation.ClassPathScanningCandidateComponentProvider - Ignored because not a concrete top-level class: file [/Users/Ignavier/workspace/java/eclipse-sts/hkust_cs3111h/line-bot-model/build/classes/main/com/linecorp/bot/model/event/source/Source.class]
14:12:03.699 [Test worker] DEBUG org.springframework.context.annotation.ClassPathScanningCandidateComponentProvider - Identified candidate component class: file [/Users/Ignavier/workspace/java/eclipse-sts/hkust_cs3111h/line-bot-model/build/classes/main/com/linecorp/bot/model/event/source/UnknownSource.class]
14:12:03.699 [Test worker] DEBUG org.springframework.context.annotation.ClassPathScanningCandidateComponentProvider - Identified candidate component class: file [/Users/Ignavier/workspace/java/eclipse-sts/hkust_cs3111h/line-bot-model/build/classes/main/com/linecorp/bot/model/event/source/UserSource.class]
14:12:03.711 [Test worker] INFO com.linecorp.bot.model.event.ReplyEventTest - eventClasses = [class com.linecorp.bot.model.event.BeaconEvent, class com.linecorp.bot.model.event.FollowEvent, class com.linecorp.bot.model.event.JoinEvent, class com.linecorp.bot.model.event.LeaveEvent, class com.linecorp.bot.model.event.MessageEvent, class com.linecorp.bot.model.event.PostbackEvent, class com.linecorp.bot.model.event.UnfollowEvent, class com.linecorp.bot.model.event.UnknownEvent]
>>>>>>> master
]]></system-out>
  <system-err><![CDATA[]]></system-err>
</testsuite>
