<?xml version="1.0" encoding="UTF-8"?>
<<<<<<< HEAD
<testsuite name="com.linecorp.bot.model.event.MessageEventTest" tests="2" skipped="0" failures="0" errors="0" timestamp="2017-10-30T13:46:41" hostname="Lenovo-PC" time="0.006">
  <properties/>
  <testcase name="getMessageBinaryCompatibilityTest" classname="com.linecorp.bot.model.event.MessageEventTest" time="0.002"/>
  <testcase name="constructor2ndParameterBinaryCompatibilityTest" classname="com.linecorp.bot.model.event.MessageEventTest" time="0.003"/>
=======
<testsuite name="com.linecorp.bot.model.event.MessageEventTest" tests="2" skipped="0" failures="0" errors="0" timestamp="2017-10-31T06:12:03" hostname="Ignaviers-MacBook-Pro.local" time="0.004">
  <properties/>
  <testcase name="getMessageBinaryCompatibilityTest" classname="com.linecorp.bot.model.event.MessageEventTest" time="0.002"/>
  <testcase name="constructor2ndParameterBinaryCompatibilityTest" classname="com.linecorp.bot.model.event.MessageEventTest" time="0.002"/>
>>>>>>> master
  <system-out><![CDATA[]]></system-out>
  <system-err><![CDATA[]]></system-err>
</testsuite>
