<?xml version="1.0" encoding="UTF-8"?>
<testsuite name="com.linecorp.bot.model.event.ReplyEventTest" tests="1" skipped="0" failures="0" errors="0" timestamp="2017-11-01T03:52:37" hostname="Lenovo-PC" time="0.183">
  <properties/>
  <testcase name="eventWithReplyTokenShouldBeImplementReplySupportTest" classname="com.linecorp.bot.model.event.ReplyEventTest" time="0.183"/>
  <system-out><![CDATA[11:52:37.468 [Test worker] DEBUG org.springframework.core.env.StandardEnvironment - Adding [systemProperties] PropertySource with lowest search precedence
11:52:37.472 [Test worker] DEBUG org.springframework.core.env.StandardEnvironment - Adding [systemEnvironment] PropertySource with lowest search precedence
11:52:37.474 [Test worker] DEBUG org.springframework.core.env.StandardEnvironment - Initialized StandardEnvironment with PropertySources [systemProperties,systemEnvironment]
11:52:37.490 [Test worker] DEBUG org.springframework.core.io.support.PathMatchingResourcePatternResolver - Resolved classpath location [com/linecorp/bot/model/event/] to resources [URL [file:/C:/Users/user/coding_workspace/comp3111_chatbot/dietbot/forked/hkust_cs3111h/line-bot-model/build/classes/test/com/linecorp/bot/model/event/], URL [file:/C:/Users/user/coding_workspace/comp3111_chatbot/dietbot/forked/hkust_cs3111h/line-bot-model/build/classes/main/com/linecorp/bot/model/event/]]
11:52:37.491 [Test worker] DEBUG org.springframework.core.io.support.PathMatchingResourcePatternResolver - Looking for matching resources in directory tree [C:\Users\user\coding_workspace\comp3111_chatbot\dietbot\forked\hkust_cs3111h\line-bot-model\build\classes\test\com\linecorp\bot\model\event]
11:52:37.492 [Test worker] DEBUG org.springframework.core.io.support.PathMatchingResourcePatternResolver - Searching directory [C:\Users\user\coding_workspace\comp3111_chatbot\dietbot\forked\hkust_cs3111h\line-bot-model\build\classes\test\com\linecorp\bot\model\event] for files matching pattern [C:/Users/user/coding_workspace/comp3111_chatbot/dietbot/forked/hkust_cs3111h/line-bot-model/build/classes/test/com/linecorp/bot/model/event/**/*.class]
11:52:37.495 [Test worker] DEBUG org.springframework.core.io.support.PathMatchingResourcePatternResolver - Searching directory [C:\Users\user\coding_workspace\comp3111_chatbot\dietbot\forked\hkust_cs3111h\line-bot-model\build\classes\test\com\linecorp\bot\model\event\beacon] for files matching pattern [C:/Users/user/coding_workspace/comp3111_chatbot/dietbot/forked/hkust_cs3111h/line-bot-model/build/classes/test/com/linecorp/bot/model/event/**/*.class]
11:52:37.498 [Test worker] DEBUG org.springframework.core.io.support.PathMatchingResourcePatternResolver - Looking for matching resources in directory tree [C:\Users\user\coding_workspace\comp3111_chatbot\dietbot\forked\hkust_cs3111h\line-bot-model\build\classes\main\com\linecorp\bot\model\event]
11:52:37.499 [Test worker] DEBUG org.springframework.core.io.support.PathMatchingResourcePatternResolver - Searching directory [C:\Users\user\coding_workspace\comp3111_chatbot\dietbot\forked\hkust_cs3111h\line-bot-model\build\classes\main\com\linecorp\bot\model\event] for files matching pattern [C:/Users/user/coding_workspace/comp3111_chatbot/dietbot/forked/hkust_cs3111h/line-bot-model/build/classes/main/com/linecorp/bot/model/event/**/*.class]
11:52:37.500 [Test worker] DEBUG org.springframework.core.io.support.PathMatchingResourcePatternResolver - Searching directory [C:\Users\user\coding_workspace\comp3111_chatbot\dietbot\forked\hkust_cs3111h\line-bot-model\build\classes\main\com\linecorp\bot\model\event\beacon] for files matching pattern [C:/Users/user/coding_workspace/comp3111_chatbot/dietbot/forked/hkust_cs3111h/line-bot-model/build/classes/main/com/linecorp/bot/model/event/**/*.class]
11:52:37.502 [Test worker] DEBUG org.springframework.core.io.support.PathMatchingResourcePatternResolver - Searching directory [C:\Users\user\coding_workspace\comp3111_chatbot\dietbot\forked\hkust_cs3111h\line-bot-model\build\classes\main\com\linecorp\bot\model\event\message] for files matching pattern [C:/Users/user/coding_workspace/comp3111_chatbot/dietbot/forked/hkust_cs3111h/line-bot-model/build/classes/main/com/linecorp/bot/model/event/**/*.class]
11:52:37.504 [Test worker] DEBUG org.springframework.core.io.support.PathMatchingResourcePatternResolver - Searching directory [C:\Users\user\coding_workspace\comp3111_chatbot\dietbot\forked\hkust_cs3111h\line-bot-model\build\classes\main\com\linecorp\bot\model\event\postback] for files matching pattern [C:/Users/user/coding_workspace/comp3111_chatbot/dietbot/forked/hkust_cs3111h/line-bot-model/build/classes/main/com/linecorp/bot/model/event/**/*.class]
11:52:37.505 [Test worker] DEBUG org.springframework.core.io.support.PathMatchingResourcePatternResolver - Searching directory [C:\Users\user\coding_workspace\comp3111_chatbot\dietbot\forked\hkust_cs3111h\line-bot-model\build\classes\main\com\linecorp\bot\model\event\source] for files matching pattern [C:/Users/user/coding_workspace/comp3111_chatbot/dietbot/forked/hkust_cs3111h/line-bot-model/build/classes/main/com/linecorp/bot/model/event/**/*.class]
11:52:37.507 [Test worker] DEBUG org.springframework.core.io.support.PathMatchingResourcePatternResolver - Resolved location pattern [classpath*:com/linecorp/bot/model/event/**/*.class] to resources [file [C:\Users\user\coding_workspace\comp3111_chatbot\dietbot\forked\hkust_cs3111h\line-bot-model\build\classes\test\com\linecorp\bot\model\event\beacon\BeaconContentTest.class], file [C:\Users\user\coding_workspace\comp3111_chatbot\dietbot\forked\hkust_cs3111h\line-bot-model\build\classes\test\com\linecorp\bot\model\event\beacon\BeaconContentUtilTest.class], file [C:\Users\user\coding_workspace\comp3111_chatbot\dietbot\forked\hkust_cs3111h\line-bot-model\build\classes\test\com\linecorp\bot\model\event\CallbackRequestTest$RequestTester.class], file [C:\Users\user\coding_workspace\comp3111_chatbot\dietbot\forked\hkust_cs3111h\line-bot-model\build\classes\test\com\linecorp\bot\model\event\CallbackRequestTest.class], file [C:\Users\user\coding_workspace\comp3111_chatbot\dietbot\forked\hkust_cs3111h\line-bot-model\build\classes\test\com\linecorp\bot\model\event\MessageEventTest.class], file [C:\Users\user\coding_workspace\comp3111_chatbot\dietbot\forked\hkust_cs3111h\line-bot-model\build\classes\test\com\linecorp\bot\model\event\ReplyEventTest.class], file [C:\Users\user\coding_workspace\comp3111_chatbot\dietbot\forked\hkust_cs3111h\line-bot-model\build\classes\main\com\linecorp\bot\model\event\beacon\BeaconContent.class], file [C:\Users\user\coding_workspace\comp3111_chatbot\dietbot\forked\hkust_cs3111h\line-bot-model\build\classes\main\com\linecorp\bot\model\event\beacon\BeaconContentUtil.class], file [C:\Users\user\coding_workspace\comp3111_chatbot\dietbot\forked\hkust_cs3111h\line-bot-model\build\classes\main\com\linecorp\bot\model\event\BeaconEvent.class], file [C:\Users\user\coding_workspace\comp3111_chatbot\dietbot\forked\hkust_cs3111h\line-bot-model\build\classes\main\com\linecorp\bot\model\event\CallbackRequest.class], file [C:\Users\user\coding_workspace\comp3111_chatbot\dietbot\forked\hkust_cs3111h\line-bot-model\build\classes\main\com\linecorp\bot\model\event\Event.class], file [C:\Users\user\coding_workspace\comp3111_chatbot\dietbot\forked\hkust_cs3111h\line-bot-model\build\classes\main\com\linecorp\bot\model\event\FollowEvent.class], file [C:\Users\user\coding_workspace\comp3111_chatbot\dietbot\forked\hkust_cs3111h\line-bot-model\build\classes\main\com\linecorp\bot\model\event\JoinEvent.class], file [C:\Users\user\coding_workspace\comp3111_chatbot\dietbot\forked\hkust_cs3111h\line-bot-model\build\classes\main\com\linecorp\bot\model\event\LeaveEvent.class], file [C:\Users\user\coding_workspace\comp3111_chatbot\dietbot\forked\hkust_cs3111h\line-bot-model\build\classes\main\com\linecorp\bot\model\event\message\AudioMessageContent.class], file [C:\Users\user\coding_workspace\comp3111_chatbot\dietbot\forked\hkust_cs3111h\line-bot-model\build\classes\main\com\linecorp\bot\model\event\message\FileMessageContent.class], file [C:\Users\user\coding_workspace\comp3111_chatbot\dietbot\forked\hkust_cs3111h\line-bot-model\build\classes\main\com\linecorp\bot\model\event\message\ImageMessageContent.class], file [C:\Users\user\coding_workspace\comp3111_chatbot\dietbot\forked\hkust_cs3111h\line-bot-model\build\classes\main\com\linecorp\bot\model\event\message\LocationMessageContent.class], file [C:\Users\user\coding_workspace\comp3111_chatbot\dietbot\forked\hkust_cs3111h\line-bot-model\build\classes\main\com\linecorp\bot\model\event\message\MessageContent.class], file [C:\Users\user\coding_workspace\comp3111_chatbot\dietbot\forked\hkust_cs3111h\line-bot-model\build\classes\main\com\linecorp\bot\model\event\message\StickerMessageContent.class], file [C:\Users\user\coding_workspace\comp3111_chatbot\dietbot\forked\hkust_cs3111h\line-bot-model\build\classes\main\com\linecorp\bot\model\event\message\TextMessageContent.class], file [C:\Users\user\coding_workspace\comp3111_chatbot\dietbot\forked\hkust_cs3111h\line-bot-model\build\classes\main\com\linecorp\bot\model\event\message\UnknownMessageContent.class], file [C:\Users\user\coding_workspace\comp3111_chatbot\dietbot\forked\hkust_cs3111h\line-bot-model\build\classes\main\com\linecorp\bot\model\event\message\VideoMessageContent.class], file [C:\Users\user\coding_workspace\comp3111_chatbot\dietbot\forked\hkust_cs3111h\line-bot-model\build\classes\main\com\linecorp\bot\model\event\MessageEvent.class], file [C:\Users\user\coding_workspace\comp3111_chatbot\dietbot\forked\hkust_cs3111h\line-bot-model\build\classes\main\com\linecorp\bot\model\event\postback\PostbackContent.class], file [C:\Users\user\coding_workspace\comp3111_chatbot\dietbot\forked\hkust_cs3111h\line-bot-model\build\classes\main\com\linecorp\bot\model\event\PostbackEvent.class], file [C:\Users\user\coding_workspace\comp3111_chatbot\dietbot\forked\hkust_cs3111h\line-bot-model\build\classes\main\com\linecorp\bot\model\event\ReplyEvent.class], file [C:\Users\user\coding_workspace\comp3111_chatbot\dietbot\forked\hkust_cs3111h\line-bot-model\build\classes\main\com\linecorp\bot\model\event\source\GroupSource.class], file [C:\Users\user\coding_workspace\comp3111_chatbot\dietbot\forked\hkust_cs3111h\line-bot-model\build\classes\main\com\linecorp\bot\model\event\source\RoomSource.class], file [C:\Users\user\coding_workspace\comp3111_chatbot\dietbot\forked\hkust_cs3111h\line-bot-model\build\classes\main\com\linecorp\bot\model\event\source\Source.class], file [C:\Users\user\coding_workspace\comp3111_chatbot\dietbot\forked\hkust_cs3111h\line-bot-model\build\classes\main\com\linecorp\bot\model\event\source\UnknownSource.class], file [C:\Users\user\coding_workspace\comp3111_chatbot\dietbot\forked\hkust_cs3111h\line-bot-model\build\classes\main\com\linecorp\bot\model\event\source\UserSource.class], file [C:\Users\user\coding_workspace\comp3111_chatbot\dietbot\forked\hkust_cs3111h\line-bot-model\build\classes\main\com\linecorp\bot\model\event\UnfollowEvent.class], file [C:\Users\user\coding_workspace\comp3111_chatbot\dietbot\forked\hkust_cs3111h\line-bot-model\build\classes\main\com\linecorp\bot\model\event\UnknownEvent.class]]
11:52:37.555 [Test worker] DEBUG org.springframework.context.annotation.ClassPathScanningCandidateComponentProvider - Identified candidate component class: file [C:\Users\user\coding_workspace\comp3111_chatbot\dietbot\forked\hkust_cs3111h\line-bot-model\build\classes\test\com\linecorp\bot\model\event\beacon\BeaconContentTest.class]
11:52:37.556 [Test worker] DEBUG org.springframework.context.annotation.ClassPathScanningCandidateComponentProvider - Identified candidate component class: file [C:\Users\user\coding_workspace\comp3111_chatbot\dietbot\forked\hkust_cs3111h\line-bot-model\build\classes\test\com\linecorp\bot\model\event\beacon\BeaconContentUtilTest.class]
11:52:37.557 [Test worker] DEBUG org.springframework.context.annotation.ClassPathScanningCandidateComponentProvider - Ignored because not a concrete top-level class: file [C:\Users\user\coding_workspace\comp3111_chatbot\dietbot\forked\hkust_cs3111h\line-bot-model\build\classes\test\com\linecorp\bot\model\event\CallbackRequestTest$RequestTester.class]
11:52:37.561 [Test worker] DEBUG org.springframework.context.annotation.ClassPathScanningCandidateComponentProvider - Identified candidate component class: file [C:\Users\user\coding_workspace\comp3111_chatbot\dietbot\forked\hkust_cs3111h\line-bot-model\build\classes\test\com\linecorp\bot\model\event\CallbackRequestTest.class]
11:52:37.562 [Test worker] DEBUG org.springframework.context.annotation.ClassPathScanningCandidateComponentProvider - Identified candidate component class: file [C:\Users\user\coding_workspace\comp3111_chatbot\dietbot\forked\hkust_cs3111h\line-bot-model\build\classes\test\com\linecorp\bot\model\event\MessageEventTest.class]
11:52:37.563 [Test worker] DEBUG org.springframework.context.annotation.ClassPathScanningCandidateComponentProvider - Identified candidate component class: file [C:\Users\user\coding_workspace\comp3111_chatbot\dietbot\forked\hkust_cs3111h\line-bot-model\build\classes\test\com\linecorp\bot\model\event\ReplyEventTest.class]
11:52:37.564 [Test worker] DEBUG org.springframework.context.annotation.ClassPathScanningCandidateComponentProvider - Identified candidate component class: file [C:\Users\user\coding_workspace\comp3111_chatbot\dietbot\forked\hkust_cs3111h\line-bot-model\build\classes\main\com\linecorp\bot\model\event\beacon\BeaconContent.class]
11:52:37.564 [Test worker] DEBUG org.springframework.context.annotation.ClassPathScanningCandidateComponentProvider - Identified candidate component class: file [C:\Users\user\coding_workspace\comp3111_chatbot\dietbot\forked\hkust_cs3111h\line-bot-model\build\classes\main\com\linecorp\bot\model\event\beacon\BeaconContentUtil.class]
11:52:37.566 [Test worker] DEBUG org.springframework.context.annotation.ClassPathScanningCandidateComponentProvider - Identified candidate component class: file [C:\Users\user\coding_workspace\comp3111_chatbot\dietbot\forked\hkust_cs3111h\line-bot-model\build\classes\main\com\linecorp\bot\model\event\BeaconEvent.class]
11:52:37.567 [Test worker] DEBUG org.springframework.context.annotation.ClassPathScanningCandidateComponentProvider - Identified candidate component class: file [C:\Users\user\coding_workspace\comp3111_chatbot\dietbot\forked\hkust_cs3111h\line-bot-model\build\classes\main\com\linecorp\bot\model\event\CallbackRequest.class]
11:52:37.569 [Test worker] DEBUG org.springframework.context.annotation.ClassPathScanningCandidateComponentProvider - Ignored because not a concrete top-level class: file [C:\Users\user\coding_workspace\comp3111_chatbot\dietbot\forked\hkust_cs3111h\line-bot-model\build\classes\main\com\linecorp\bot\model\event\Event.class]
11:52:37.570 [Test worker] DEBUG org.springframework.context.annotation.ClassPathScanningCandidateComponentProvider - Identified candidate component class: file [C:\Users\user\coding_workspace\comp3111_chatbot\dietbot\forked\hkust_cs3111h\line-bot-model\build\classes\main\com\linecorp\bot\model\event\FollowEvent.class]
11:52:37.571 [Test worker] DEBUG org.springframework.context.annotation.ClassPathScanningCandidateComponentProvider - Identified candidate component class: file [C:\Users\user\coding_workspace\comp3111_chatbot\dietbot\forked\hkust_cs3111h\line-bot-model\build\classes\main\com\linecorp\bot\model\event\JoinEvent.class]
11:52:37.572 [Test worker] DEBUG org.springframework.context.annotation.ClassPathScanningCandidateComponentProvider - Identified candidate component class: file [C:\Users\user\coding_workspace\comp3111_chatbot\dietbot\forked\hkust_cs3111h\line-bot-model\build\classes\main\com\linecorp\bot\model\event\LeaveEvent.class]
11:52:37.573 [Test worker] DEBUG org.springframework.context.annotation.ClassPathScanningCandidateComponentProvider - Identified candidate component class: file [C:\Users\user\coding_workspace\comp3111_chatbot\dietbot\forked\hkust_cs3111h\line-bot-model\build\classes\main\com\linecorp\bot\model\event\message\AudioMessageContent.class]
11:52:37.574 [Test worker] DEBUG org.springframework.context.annotation.ClassPathScanningCandidateComponentProvider - Identified candidate component class: file [C:\Users\user\coding_workspace\comp3111_chatbot\dietbot\forked\hkust_cs3111h\line-bot-model\build\classes\main\com\linecorp\bot\model\event\message\FileMessageContent.class]
11:52:37.575 [Test worker] DEBUG org.springframework.context.annotation.ClassPathScanningCandidateComponentProvider - Identified candidate component class: file [C:\Users\user\coding_workspace\comp3111_chatbot\dietbot\forked\hkust_cs3111h\line-bot-model\build\classes\main\com\linecorp\bot\model\event\message\ImageMessageContent.class]
11:52:37.577 [Test worker] DEBUG org.springframework.context.annotation.ClassPathScanningCandidateComponentProvider - Identified candidate component class: file [C:\Users\user\coding_workspace\comp3111_chatbot\dietbot\forked\hkust_cs3111h\line-bot-model\build\classes\main\com\linecorp\bot\model\event\message\LocationMessageContent.class]
11:52:37.579 [Test worker] DEBUG org.springframework.context.annotation.ClassPathScanningCandidateComponentProvider - Ignored because not a concrete top-level class: file [C:\Users\user\coding_workspace\comp3111_chatbot\dietbot\forked\hkust_cs3111h\line-bot-model\build\classes\main\com\linecorp\bot\model\event\message\MessageContent.class]
11:52:37.580 [Test worker] DEBUG org.springframework.context.annotation.ClassPathScanningCandidateComponentProvider - Identified candidate component class: file [C:\Users\user\coding_workspace\comp3111_chatbot\dietbot\forked\hkust_cs3111h\line-bot-model\build\classes\main\com\linecorp\bot\model\event\message\StickerMessageContent.class]
11:52:37.581 [Test worker] DEBUG org.springframework.context.annotation.ClassPathScanningCandidateComponentProvider - Identified candidate component class: file [C:\Users\user\coding_workspace\comp3111_chatbot\dietbot\forked\hkust_cs3111h\line-bot-model\build\classes\main\com\linecorp\bot\model\event\message\TextMessageContent.class]
11:52:37.583 [Test worker] DEBUG org.springframework.context.annotation.ClassPathScanningCandidateComponentProvider - Identified candidate component class: file [C:\Users\user\coding_workspace\comp3111_chatbot\dietbot\forked\hkust_cs3111h\line-bot-model\build\classes\main\com\linecorp\bot\model\event\message\UnknownMessageContent.class]
11:52:37.584 [Test worker] DEBUG org.springframework.context.annotation.ClassPathScanningCandidateComponentProvider - Identified candidate component class: file [C:\Users\user\coding_workspace\comp3111_chatbot\dietbot\forked\hkust_cs3111h\line-bot-model\build\classes\main\com\linecorp\bot\model\event\message\VideoMessageContent.class]
11:52:37.585 [Test worker] DEBUG org.springframework.context.annotation.ClassPathScanningCandidateComponentProvider - Identified candidate component class: file [C:\Users\user\coding_workspace\comp3111_chatbot\dietbot\forked\hkust_cs3111h\line-bot-model\build\classes\main\com\linecorp\bot\model\event\MessageEvent.class]
11:52:37.587 [Test worker] DEBUG org.springframework.context.annotation.ClassPathScanningCandidateComponentProvider - Identified candidate component class: file [C:\Users\user\coding_workspace\comp3111_chatbot\dietbot\forked\hkust_cs3111h\line-bot-model\build\classes\main\com\linecorp\bot\model\event\postback\PostbackContent.class]
11:52:37.588 [Test worker] DEBUG org.springframework.context.annotation.ClassPathScanningCandidateComponentProvider - Identified candidate component class: file [C:\Users\user\coding_workspace\comp3111_chatbot\dietbot\forked\hkust_cs3111h\line-bot-model\build\classes\main\com\linecorp\bot\model\event\PostbackEvent.class]
11:52:37.588 [Test worker] DEBUG org.springframework.context.annotation.ClassPathScanningCandidateComponentProvider - Ignored because not a concrete top-level class: file [C:\Users\user\coding_workspace\comp3111_chatbot\dietbot\forked\hkust_cs3111h\line-bot-model\build\classes\main\com\linecorp\bot\model\event\ReplyEvent.class]
11:52:37.589 [Test worker] DEBUG org.springframework.context.annotation.ClassPathScanningCandidateComponentProvider - Identified candidate component class: file [C:\Users\user\coding_workspace\comp3111_chatbot\dietbot\forked\hkust_cs3111h\line-bot-model\build\classes\main\com\linecorp\bot\model\event\source\GroupSource.class]
11:52:37.590 [Test worker] DEBUG org.springframework.context.annotation.ClassPathScanningCandidateComponentProvider - Identified candidate component class: file [C:\Users\user\coding_workspace\comp3111_chatbot\dietbot\forked\hkust_cs3111h\line-bot-model\build\classes\main\com\linecorp\bot\model\event\source\RoomSource.class]
11:52:37.592 [Test worker] DEBUG org.springframework.context.annotation.ClassPathScanningCandidateComponentProvider - Ignored because not a concrete top-level class: file [C:\Users\user\coding_workspace\comp3111_chatbot\dietbot\forked\hkust_cs3111h\line-bot-model\build\classes\main\com\linecorp\bot\model\event\source\Source.class]
11:52:37.593 [Test worker] DEBUG org.springframework.context.annotation.ClassPathScanningCandidateComponentProvider - Identified candidate component class: file [C:\Users\user\coding_workspace\comp3111_chatbot\dietbot\forked\hkust_cs3111h\line-bot-model\build\classes\main\com\linecorp\bot\model\event\source\UnknownSource.class]
11:52:37.594 [Test worker] DEBUG org.springframework.context.annotation.ClassPathScanningCandidateComponentProvider - Identified candidate component class: file [C:\Users\user\coding_workspace\comp3111_chatbot\dietbot\forked\hkust_cs3111h\line-bot-model\build\classes\main\com\linecorp\bot\model\event\source\UserSource.class]
11:52:37.596 [Test worker] DEBUG org.springframework.context.annotation.ClassPathScanningCandidateComponentProvider - Identified candidate component class: file [C:\Users\user\coding_workspace\comp3111_chatbot\dietbot\forked\hkust_cs3111h\line-bot-model\build\classes\main\com\linecorp\bot\model\event\UnfollowEvent.class]
11:52:37.597 [Test worker] DEBUG org.springframework.context.annotation.ClassPathScanningCandidateComponentProvider - Identified candidate component class: file [C:\Users\user\coding_workspace\comp3111_chatbot\dietbot\forked\hkust_cs3111h\line-bot-model\build\classes\main\com\linecorp\bot\model\event\UnknownEvent.class]
11:52:37.613 [Test worker] INFO com.linecorp.bot.model.event.ReplyEventTest - eventClasses = [class com.linecorp.bot.model.event.BeaconEvent, class com.linecorp.bot.model.event.FollowEvent, class com.linecorp.bot.model.event.JoinEvent, class com.linecorp.bot.model.event.LeaveEvent, class com.linecorp.bot.model.event.MessageEvent, class com.linecorp.bot.model.event.PostbackEvent, class com.linecorp.bot.model.event.UnfollowEvent, class com.linecorp.bot.model.event.UnknownEvent]
]]></system-out>
  <system-err><![CDATA[]]></system-err>
</testsuite>
