<?xml version="1.0" encoding="UTF-8"?>
<<<<<<< HEAD
<testsuite name="com.linecorp.bot.model.message.ImagemapMessageTest" tests="1" skipped="0" failures="0" errors="0" timestamp="2017-10-30T13:46:41" hostname="Lenovo-PC" time="0.01">
  <properties/>
  <testcase name="test" classname="com.linecorp.bot.model.message.ImagemapMessageTest" time="0.01"/>
=======
<testsuite name="com.linecorp.bot.model.message.ImagemapMessageTest" tests="1" skipped="0" failures="0" errors="0" timestamp="2017-10-31T06:12:03" hostname="Ignaviers-MacBook-Pro.local" time="0.009">
  <properties/>
  <testcase name="test" classname="com.linecorp.bot.model.message.ImagemapMessageTest" time="0.009"/>
>>>>>>> master
  <system-out><![CDATA[]]></system-out>
  <system-err><![CDATA[]]></system-err>
</testsuite>
