<?xml version="1.0" encoding="UTF-8"?>
<<<<<<< HEAD
<testsuite name="com.linecorp.bot.model.message.imagemap.URIImagemapActionTest" tests="1" skipped="0" failures="0" errors="0" timestamp="2017-10-30T13:46:41" hostname="Lenovo-PC" time="0.001">
=======
<testsuite name="com.linecorp.bot.model.message.imagemap.URIImagemapActionTest" tests="1" skipped="0" failures="0" errors="0" timestamp="2017-10-31T06:12:03" hostname="Ignaviers-MacBook-Pro.local" time="0.002">
>>>>>>> master
  <properties/>
  <testcase name="getLinkUri" classname="com.linecorp.bot.model.message.imagemap.URIImagemapActionTest" time="0.001"/>
  <system-out><![CDATA[]]></system-out>
  <system-err><![CDATA[]]></system-err>
</testsuite>
