<?xml version="1.0" encoding="UTF-8"?>
<<<<<<< HEAD
<testsuite name="com.linecorp.bot.model.event.CallbackRequestTest" tests="13" skipped="0" failures="0" errors="0" timestamp="2017-10-30T13:46:40" hostname="Lenovo-PC" time="0.323">
  <properties/>
  <testcase name="textTextUser" classname="com.linecorp.bot.model.event.CallbackRequestTest" time="0.166"/>
  <testcase name="testImage" classname="com.linecorp.bot.model.event.CallbackRequestTest" time="0.005"/>
  <testcase name="testLeave" classname="com.linecorp.bot.model.event.CallbackRequestTest" time="0.027"/>
  <testcase name="testFile" classname="com.linecorp.bot.model.event.CallbackRequestTest" time="0.042"/>
  <testcase name="testJoin" classname="com.linecorp.bot.model.event.CallbackRequestTest" time="0.007"/>
  <testcase name="textTextGroup" classname="com.linecorp.bot.model.event.CallbackRequestTest" time="0.008"/>
  <testcase name="testUnknown" classname="com.linecorp.bot.model.event.CallbackRequestTest" time="0.009"/>
  <testcase name="testBeaconWithDeviceMessage" classname="com.linecorp.bot.model.event.CallbackRequestTest" time="0.013"/>
  <testcase name="testUnfollow" classname="com.linecorp.bot.model.event.CallbackRequestTest" time="0.007"/>
  <testcase name="testBeacon" classname="com.linecorp.bot.model.event.CallbackRequestTest" time="0.006"/>
  <testcase name="testFollow" classname="com.linecorp.bot.model.event.CallbackRequestTest" time="0.005"/>
  <testcase name="testPostback" classname="com.linecorp.bot.model.event.CallbackRequestTest" time="0.015"/>
  <testcase name="testSticker" classname="com.linecorp.bot.model.event.CallbackRequestTest" time="0.008"/>
=======
<testsuite name="com.linecorp.bot.model.event.CallbackRequestTest" tests="13" skipped="0" failures="0" errors="0" timestamp="2017-10-31T06:12:03" hostname="Ignaviers-MacBook-Pro.local" time="0.258">
  <properties/>
  <testcase name="textTextUser" classname="com.linecorp.bot.model.event.CallbackRequestTest" time="0.139"/>
  <testcase name="testImage" classname="com.linecorp.bot.model.event.CallbackRequestTest" time="0.008"/>
  <testcase name="testLeave" classname="com.linecorp.bot.model.event.CallbackRequestTest" time="0.013"/>
  <testcase name="testFile" classname="com.linecorp.bot.model.event.CallbackRequestTest" time="0.018"/>
  <testcase name="testJoin" classname="com.linecorp.bot.model.event.CallbackRequestTest" time="0.006"/>
  <testcase name="textTextGroup" classname="com.linecorp.bot.model.event.CallbackRequestTest" time="0.008"/>
  <testcase name="testUnknown" classname="com.linecorp.bot.model.event.CallbackRequestTest" time="0.009"/>
  <testcase name="testBeaconWithDeviceMessage" classname="com.linecorp.bot.model.event.CallbackRequestTest" time="0.012"/>
  <testcase name="testUnfollow" classname="com.linecorp.bot.model.event.CallbackRequestTest" time="0.005"/>
  <testcase name="testBeacon" classname="com.linecorp.bot.model.event.CallbackRequestTest" time="0.006"/>
  <testcase name="testFollow" classname="com.linecorp.bot.model.event.CallbackRequestTest" time="0.006"/>
  <testcase name="testPostback" classname="com.linecorp.bot.model.event.CallbackRequestTest" time="0.015"/>
  <testcase name="testSticker" classname="com.linecorp.bot.model.event.CallbackRequestTest" time="0.009"/>
>>>>>>> master
  <system-out><![CDATA[]]></system-out>
  <system-err><![CDATA[]]></system-err>
</testsuite>
