<?xml version="1.0" encoding="UTF-8"?>
<testsuite name="com.linecorp.bot.model.event.ReplyEventTest" tests="1" skipped="0" failures="0" errors="0" timestamp="2017-11-01T08:54:39" hostname="Lenovo-PC" time="1.016">
  <properties/>
  <testcase name="eventWithReplyTokenShouldBeImplementReplySupportTest" classname="com.linecorp.bot.model.event.ReplyEventTest" time="1.016"/>
  <system-out><![CDATA[16:54:39.465 [Test worker] DEBUG org.springframework.core.env.StandardEnvironment - Adding [systemProperties] PropertySource with lowest search precedence
16:54:39.471 [Test worker] DEBUG org.springframework.core.env.StandardEnvironment - Adding [systemEnvironment] PropertySource with lowest search precedence
16:54:39.473 [Test worker] DEBUG org.springframework.core.env.StandardEnvironment - Initialized StandardEnvironment with PropertySources [systemProperties,systemEnvironment]
16:54:39.580 [Test worker] DEBUG org.springframework.core.io.support.PathMatchingResourcePatternResolver - Resolved classpath location [com/linecorp/bot/model/event/] to resources [URL [file:/C:/Users/user/coding_workspace/comp3111_chatbot/dietbot/forked/hkust_cs3111h/line-bot-model/build/classes/test/com/linecorp/bot/model/event/], URL [file:/C:/Users/user/coding_workspace/comp3111_chatbot/dietbot/forked/hkust_cs3111h/line-bot-model/build/classes/main/com/linecorp/bot/model/event/]]
16:54:39.582 [Test worker] DEBUG org.springframework.core.io.support.PathMatchingResourcePatternResolver - Looking for matching resources in directory tree [C:\Users\user\coding_workspace\comp3111_chatbot\dietbot\forked\hkust_cs3111h\line-bot-model\build\classes\test\com\linecorp\bot\model\event]
16:54:39.583 [Test worker] DEBUG org.springframework.core.io.support.PathMatchingResourcePatternResolver - Searching directory [C:\Users\user\coding_workspace\comp3111_chatbot\dietbot\forked\hkust_cs3111h\line-bot-model\build\classes\test\com\linecorp\bot\model\event] for files matching pattern [C:/Users/user/coding_workspace/comp3111_chatbot/dietbot/forked/hkust_cs3111h/line-bot-model/build/classes/test/com/linecorp/bot/model/event/**/*.class]
16:54:39.586 [Test worker] DEBUG org.springframework.core.io.support.PathMatchingResourcePatternResolver - Searching directory [C:\Users\user\coding_workspace\comp3111_chatbot\dietbot\forked\hkust_cs3111h\line-bot-model\build\classes\test\com\linecorp\bot\model\event\beacon] for files matching pattern [C:/Users/user/coding_workspace/comp3111_chatbot/dietbot/forked/hkust_cs3111h/line-bot-model/build/classes/test/com/linecorp/bot/model/event/**/*.class]
16:54:39.590 [Test worker] DEBUG org.springframework.core.io.support.PathMatchingResourcePatternResolver - Looking for matching resources in directory tree [C:\Users\user\coding_workspace\comp3111_chatbot\dietbot\forked\hkust_cs3111h\line-bot-model\build\classes\main\com\linecorp\bot\model\event]
16:54:39.590 [Test worker] DEBUG org.springframework.core.io.support.PathMatchingResourcePatternResolver - Searching directory [C:\Users\user\coding_workspace\comp3111_chatbot\dietbot\forked\hkust_cs3111h\line-bot-model\build\classes\main\com\linecorp\bot\model\event] for files matching pattern [C:/Users/user/coding_workspace/comp3111_chatbot/dietbot/forked/hkust_cs3111h/line-bot-model/build/classes/main/com/linecorp/bot/model/event/**/*.class]
16:54:39.591 [Test worker] DEBUG org.springframework.core.io.support.PathMatchingResourcePatternResolver - Searching directory [C:\Users\user\coding_workspace\comp3111_chatbot\dietbot\forked\hkust_cs3111h\line-bot-model\build\classes\main\com\linecorp\bot\model\event\beacon] for files matching pattern [C:/Users/user/coding_workspace/comp3111_chatbot/dietbot/forked/hkust_cs3111h/line-bot-model/build/classes/main/com/linecorp/bot/model/event/**/*.class]
16:54:39.596 [Test worker] DEBUG org.springframework.core.io.support.PathMatchingResourcePatternResolver - Searching directory [C:\Users\user\coding_workspace\comp3111_chatbot\dietbot\forked\hkust_cs3111h\line-bot-model\build\classes\main\com\linecorp\bot\model\event\message] for files matching pattern [C:/Users/user/coding_workspace/comp3111_chatbot/dietbot/forked/hkust_cs3111h/line-bot-model/build/classes/main/com/linecorp/bot/model/event/**/*.class]
16:54:39.599 [Test worker] DEBUG org.springframework.core.io.support.PathMatchingResourcePatternResolver - Searching directory [C:\Users\user\coding_workspace\comp3111_chatbot\dietbot\forked\hkust_cs3111h\line-bot-model\build\classes\main\com\linecorp\bot\model\event\postback] for files matching pattern [C:/Users/user/coding_workspace/comp3111_chatbot/dietbot/forked/hkust_cs3111h/line-bot-model/build/classes/main/com/linecorp/bot/model/event/**/*.class]
16:54:39.600 [Test worker] DEBUG org.springframework.core.io.support.PathMatchingResourcePatternResolver - Searching directory [C:\Users\user\coding_workspace\comp3111_chatbot\dietbot\forked\hkust_cs3111h\line-bot-model\build\classes\main\com\linecorp\bot\model\event\source] for files matching pattern [C:/Users/user/coding_workspace/comp3111_chatbot/dietbot/forked/hkust_cs3111h/line-bot-model/build/classes/main/com/linecorp/bot/model/event/**/*.class]
16:54:39.603 [Test worker] DEBUG org.springframework.core.io.support.PathMatchingResourcePatternResolver - Resolved location pattern [classpath*:com/linecorp/bot/model/event/**/*.class] to resources [file [C:\Users\user\coding_workspace\comp3111_chatbot\dietbot\forked\hkust_cs3111h\line-bot-model\build\classes\test\com\linecorp\bot\model\event\beacon\BeaconContentTest.class], file [C:\Users\user\coding_workspace\comp3111_chatbot\dietbot\forked\hkust_cs3111h\line-bot-model\build\classes\test\com\linecorp\bot\model\event\beacon\BeaconContentUtilTest.class], file [C:\Users\user\coding_workspace\comp3111_chatbot\dietbot\forked\hkust_cs3111h\line-bot-model\build\classes\test\com\linecorp\bot\model\event\CallbackRequestTest$RequestTester.class], file [C:\Users\user\coding_workspace\comp3111_chatbot\dietbot\forked\hkust_cs3111h\line-bot-model\build\classes\test\com\linecorp\bot\model\event\CallbackRequestTest.class], file [C:\Users\user\coding_workspace\comp3111_chatbot\dietbot\forked\hkust_cs3111h\line-bot-model\build\classes\test\com\linecorp\bot\model\event\MessageEventTest.class], file [C:\Users\user\coding_workspace\comp3111_chatbot\dietbot\forked\hkust_cs3111h\line-bot-model\build\classes\test\com\linecorp\bot\model\event\ReplyEventTest.class], file [C:\Users\user\coding_workspace\comp3111_chatbot\dietbot\forked\hkust_cs3111h\line-bot-model\build\classes\main\com\linecorp\bot\model\event\beacon\BeaconContent.class], file [C:\Users\user\coding_workspace\comp3111_chatbot\dietbot\forked\hkust_cs3111h\line-bot-model\build\classes\main\com\linecorp\bot\model\event\beacon\BeaconContentUtil.class], file [C:\Users\user\coding_workspace\comp3111_chatbot\dietbot\forked\hkust_cs3111h\line-bot-model\build\classes\main\com\linecorp\bot\model\event\BeaconEvent.class], file [C:\Users\user\coding_workspace\comp3111_chatbot\dietbot\forked\hkust_cs3111h\line-bot-model\build\classes\main\com\linecorp\bot\model\event\CallbackRequest.class], file [C:\Users\user\coding_workspace\comp3111_chatbot\dietbot\forked\hkust_cs3111h\line-bot-model\build\classes\main\com\linecorp\bot\model\event\Event.class], file [C:\Users\user\coding_workspace\comp3111_chatbot\dietbot\forked\hkust_cs3111h\line-bot-model\build\classes\main\com\linecorp\bot\model\event\FollowEvent.class], file [C:\Users\user\coding_workspace\comp3111_chatbot\dietbot\forked\hkust_cs3111h\line-bot-model\build\classes\main\com\linecorp\bot\model\event\JoinEvent.class], file [C:\Users\user\coding_workspace\comp3111_chatbot\dietbot\forked\hkust_cs3111h\line-bot-model\build\classes\main\com\linecorp\bot\model\event\LeaveEvent.class], file [C:\Users\user\coding_workspace\comp3111_chatbot\dietbot\forked\hkust_cs3111h\line-bot-model\build\classes\main\com\linecorp\bot\model\event\message\AudioMessageContent.class], file [C:\Users\user\coding_workspace\comp3111_chatbot\dietbot\forked\hkust_cs3111h\line-bot-model\build\classes\main\com\linecorp\bot\model\event\message\FileMessageContent.class], file [C:\Users\user\coding_workspace\comp3111_chatbot\dietbot\forked\hkust_cs3111h\line-bot-model\build\classes\main\com\linecorp\bot\model\event\message\ImageMessageContent.class], file [C:\Users\user\coding_workspace\comp3111_chatbot\dietbot\forked\hkust_cs3111h\line-bot-model\build\classes\main\com\linecorp\bot\model\event\message\LocationMessageContent.class], file [C:\Users\user\coding_workspace\comp3111_chatbot\dietbot\forked\hkust_cs3111h\line-bot-model\build\classes\main\com\linecorp\bot\model\event\message\MessageContent.class], file [C:\Users\user\coding_workspace\comp3111_chatbot\dietbot\forked\hkust_cs3111h\line-bot-model\build\classes\main\com\linecorp\bot\model\event\message\StickerMessageContent.class], file [C:\Users\user\coding_workspace\comp3111_chatbot\dietbot\forked\hkust_cs3111h\line-bot-model\build\classes\main\com\linecorp\bot\model\event\message\TextMessageContent.class], file [C:\Users\user\coding_workspace\comp3111_chatbot\dietbot\forked\hkust_cs3111h\line-bot-model\build\classes\main\com\linecorp\bot\model\event\message\UnknownMessageContent.class], file [C:\Users\user\coding_workspace\comp3111_chatbot\dietbot\forked\hkust_cs3111h\line-bot-model\build\classes\main\com\linecorp\bot\model\event\message\VideoMessageContent.class], file [C:\Users\user\coding_workspace\comp3111_chatbot\dietbot\forked\hkust_cs3111h\line-bot-model\build\classes\main\com\linecorp\bot\model\event\MessageEvent.class], file [C:\Users\user\coding_workspace\comp3111_chatbot\dietbot\forked\hkust_cs3111h\line-bot-model\build\classes\main\com\linecorp\bot\model\event\postback\PostbackContent.class], file [C:\Users\user\coding_workspace\comp3111_chatbot\dietbot\forked\hkust_cs3111h\line-bot-model\build\classes\main\com\linecorp\bot\model\event\PostbackEvent.class], file [C:\Users\user\coding_workspace\comp3111_chatbot\dietbot\forked\hkust_cs3111h\line-bot-model\build\classes\main\com\linecorp\bot\model\event\ReplyEvent.class], file [C:\Users\user\coding_workspace\comp3111_chatbot\dietbot\forked\hkust_cs3111h\line-bot-model\build\classes\main\com\linecorp\bot\model\event\source\GroupSource.class], file [C:\Users\user\coding_workspace\comp3111_chatbot\dietbot\forked\hkust_cs3111h\line-bot-model\build\classes\main\com\linecorp\bot\model\event\source\RoomSource.class], file [C:\Users\user\coding_workspace\comp3111_chatbot\dietbot\forked\hkust_cs3111h\line-bot-model\build\classes\main\com\linecorp\bot\model\event\source\Source.class], file [C:\Users\user\coding_workspace\comp3111_chatbot\dietbot\forked\hkust_cs3111h\line-bot-model\build\classes\main\com\linecorp\bot\model\event\source\UnknownSource.class], file [C:\Users\user\coding_workspace\comp3111_chatbot\dietbot\forked\hkust_cs3111h\line-bot-model\build\classes\main\com\linecorp\bot\model\event\source\UserSource.class], file [C:\Users\user\coding_workspace\comp3111_chatbot\dietbot\forked\hkust_cs3111h\line-bot-model\build\classes\main\com\linecorp\bot\model\event\UnfollowEvent.class], file [C:\Users\user\coding_workspace\comp3111_chatbot\dietbot\forked\hkust_cs3111h\line-bot-model\build\classes\main\com\linecorp\bot\model\event\UnknownEvent.class]]
16:54:39.864 [Test worker] DEBUG org.springframework.context.annotation.ClassPathScanningCandidateComponentProvider - Identified candidate component class: file [C:\Users\user\coding_workspace\comp3111_chatbot\dietbot\forked\hkust_cs3111h\line-bot-model\build\classes\test\com\linecorp\bot\model\event\beacon\BeaconContentTest.class]
16:54:39.866 [Test worker] DEBUG org.springframework.context.annotation.ClassPathScanningCandidateComponentProvider - Identified candidate component class: file [C:\Users\user\coding_workspace\comp3111_chatbot\dietbot\forked\hkust_cs3111h\line-bot-model\build\classes\test\com\linecorp\bot\model\event\beacon\BeaconContentUtilTest.class]
16:54:39.867 [Test worker] DEBUG org.springframework.context.annotation.ClassPathScanningCandidateComponentProvider - Ignored because not a concrete top-level class: file [C:\Users\user\coding_workspace\comp3111_chatbot\dietbot\forked\hkust_cs3111h\line-bot-model\build\classes\test\com\linecorp\bot\model\event\CallbackRequestTest$RequestTester.class]
16:54:39.871 [Test worker] DEBUG org.springframework.context.annotation.ClassPathScanningCandidateComponentProvider - Identified candidate component class: file [C:\Users\user\coding_workspace\comp3111_chatbot\dietbot\forked\hkust_cs3111h\line-bot-model\build\classes\test\com\linecorp\bot\model\event\CallbackRequestTest.class]
16:54:39.871 [Test worker] DEBUG org.springframework.context.annotation.ClassPathScanningCandidateComponentProvider - Identified candidate component class: file [C:\Users\user\coding_workspace\comp3111_chatbot\dietbot\forked\hkust_cs3111h\line-bot-model\build\classes\test\com\linecorp\bot\model\event\MessageEventTest.class]
16:54:39.872 [Test worker] DEBUG org.springframework.context.annotation.ClassPathScanningCandidateComponentProvider - Identified candidate component class: file [C:\Users\user\coding_workspace\comp3111_chatbot\dietbot\forked\hkust_cs3111h\line-bot-model\build\classes\test\com\linecorp\bot\model\event\ReplyEventTest.class]
16:54:39.873 [Test worker] DEBUG org.springframework.context.annotation.ClassPathScanningCandidateComponentProvider - Identified candidate component class: file [C:\Users\user\coding_workspace\comp3111_chatbot\dietbot\forked\hkust_cs3111h\line-bot-model\build\classes\main\com\linecorp\bot\model\event\beacon\BeaconContent.class]
16:54:39.874 [Test worker] DEBUG org.springframework.context.annotation.ClassPathScanningCandidateComponentProvider - Identified candidate component class: file [C:\Users\user\coding_workspace\comp3111_chatbot\dietbot\forked\hkust_cs3111h\line-bot-model\build\classes\main\com\linecorp\bot\model\event\beacon\BeaconContentUtil.class]
16:54:39.875 [Test worker] DEBUG org.springframework.context.annotation.ClassPathScanningCandidateComponentProvider - Identified candidate component class: file [C:\Users\user\coding_workspace\comp3111_chatbot\dietbot\forked\hkust_cs3111h\line-bot-model\build\classes\main\com\linecorp\bot\model\event\BeaconEvent.class]
16:54:39.877 [Test worker] DEBUG org.springframework.context.annotation.ClassPathScanningCandidateComponentProvider - Identified candidate component class: file [C:\Users\user\coding_workspace\comp3111_chatbot\dietbot\forked\hkust_cs3111h\line-bot-model\build\classes\main\com\linecorp\bot\model\event\CallbackRequest.class]
16:54:39.878 [Test worker] DEBUG org.springframework.context.annotation.ClassPathScanningCandidateComponentProvider - Ignored because not a concrete top-level class: file [C:\Users\user\coding_workspace\comp3111_chatbot\dietbot\forked\hkust_cs3111h\line-bot-model\build\classes\main\com\linecorp\bot\model\event\Event.class]
16:54:39.880 [Test worker] DEBUG org.springframework.context.annotation.ClassPathScanningCandidateComponentProvider - Identified candidate component class: file [C:\Users\user\coding_workspace\comp3111_chatbot\dietbot\forked\hkust_cs3111h\line-bot-model\build\classes\main\com\linecorp\bot\model\event\FollowEvent.class]
16:54:39.881 [Test worker] DEBUG org.springframework.context.annotation.ClassPathScanningCandidateComponentProvider - Identified candidate component class: file [C:\Users\user\coding_workspace\comp3111_chatbot\dietbot\forked\hkust_cs3111h\line-bot-model\build\classes\main\com\linecorp\bot\model\event\JoinEvent.class]
16:54:39.882 [Test worker] DEBUG org.springframework.context.annotation.ClassPathScanningCandidateComponentProvider - Identified candidate component class: file [C:\Users\user\coding_workspace\comp3111_chatbot\dietbot\forked\hkust_cs3111h\line-bot-model\build\classes\main\com\linecorp\bot\model\event\LeaveEvent.class]
16:54:39.883 [Test worker] DEBUG org.springframework.context.annotation.ClassPathScanningCandidateComponentProvider - Identified candidate component class: file [C:\Users\user\coding_workspace\comp3111_chatbot\dietbot\forked\hkust_cs3111h\line-bot-model\build\classes\main\com\linecorp\bot\model\event\message\AudioMessageContent.class]
16:54:39.884 [Test worker] DEBUG org.springframework.context.annotation.ClassPathScanningCandidateComponentProvider - Identified candidate component class: file [C:\Users\user\coding_workspace\comp3111_chatbot\dietbot\forked\hkust_cs3111h\line-bot-model\build\classes\main\com\linecorp\bot\model\event\message\FileMessageContent.class]
16:54:39.885 [Test worker] DEBUG org.springframework.context.annotation.ClassPathScanningCandidateComponentProvider - Identified candidate component class: file [C:\Users\user\coding_workspace\comp3111_chatbot\dietbot\forked\hkust_cs3111h\line-bot-model\build\classes\main\com\linecorp\bot\model\event\message\ImageMessageContent.class]
16:54:39.886 [Test worker] DEBUG org.springframework.context.annotation.ClassPathScanningCandidateComponentProvider - Identified candidate component class: file [C:\Users\user\coding_workspace\comp3111_chatbot\dietbot\forked\hkust_cs3111h\line-bot-model\build\classes\main\com\linecorp\bot\model\event\message\LocationMessageContent.class]
16:54:39.887 [Test worker] DEBUG org.springframework.context.annotation.ClassPathScanningCandidateComponentProvider - Ignored because not a concrete top-level class: file [C:\Users\user\coding_workspace\comp3111_chatbot\dietbot\forked\hkust_cs3111h\line-bot-model\build\classes\main\com\linecorp\bot\model\event\message\MessageContent.class]
16:54:39.890 [Test worker] DEBUG org.springframework.context.annotation.ClassPathScanningCandidateComponentProvider - Identified candidate component class: file [C:\Users\user\coding_workspace\comp3111_chatbot\dietbot\forked\hkust_cs3111h\line-bot-model\build\classes\main\com\linecorp\bot\model\event\message\StickerMessageContent.class]
16:54:39.891 [Test worker] DEBUG org.springframework.context.annotation.ClassPathScanningCandidateComponentProvider - Identified candidate component class: file [C:\Users\user\coding_workspace\comp3111_chatbot\dietbot\forked\hkust_cs3111h\line-bot-model\build\classes\main\com\linecorp\bot\model\event\message\TextMessageContent.class]
16:54:39.893 [Test worker] DEBUG org.springframework.context.annotation.ClassPathScanningCandidateComponentProvider - Identified candidate component class: file [C:\Users\user\coding_workspace\comp3111_chatbot\dietbot\forked\hkust_cs3111h\line-bot-model\build\classes\main\com\linecorp\bot\model\event\message\UnknownMessageContent.class]
16:54:39.895 [Test worker] DEBUG org.springframework.context.annotation.ClassPathScanningCandidateComponentProvider - Identified candidate component class: file [C:\Users\user\coding_workspace\comp3111_chatbot\dietbot\forked\hkust_cs3111h\line-bot-model\build\classes\main\com\linecorp\bot\model\event\message\VideoMessageContent.class]
16:54:39.896 [Test worker] DEBUG org.springframework.context.annotation.ClassPathScanningCandidateComponentProvider - Identified candidate component class: file [C:\Users\user\coding_workspace\comp3111_chatbot\dietbot\forked\hkust_cs3111h\line-bot-model\build\classes\main\com\linecorp\bot\model\event\MessageEvent.class]
16:54:39.897 [Test worker] DEBUG org.springframework.context.annotation.ClassPathScanningCandidateComponentProvider - Identified candidate component class: file [C:\Users\user\coding_workspace\comp3111_chatbot\dietbot\forked\hkust_cs3111h\line-bot-model\build\classes\main\com\linecorp\bot\model\event\postback\PostbackContent.class]
16:54:39.898 [Test worker] DEBUG org.springframework.context.annotation.ClassPathScanningCandidateComponentProvider - Identified candidate component class: file [C:\Users\user\coding_workspace\comp3111_chatbot\dietbot\forked\hkust_cs3111h\line-bot-model\build\classes\main\com\linecorp\bot\model\event\PostbackEvent.class]
16:54:39.899 [Test worker] DEBUG org.springframework.context.annotation.ClassPathScanningCandidateComponentProvider - Ignored because not a concrete top-level class: file [C:\Users\user\coding_workspace\comp3111_chatbot\dietbot\forked\hkust_cs3111h\line-bot-model\build\classes\main\com\linecorp\bot\model\event\ReplyEvent.class]
16:54:39.900 [Test worker] DEBUG org.springframework.context.annotation.ClassPathScanningCandidateComponentProvider - Identified candidate component class: file [C:\Users\user\coding_workspace\comp3111_chatbot\dietbot\forked\hkust_cs3111h\line-bot-model\build\classes\main\com\linecorp\bot\model\event\source\GroupSource.class]
16:54:39.903 [Test worker] DEBUG org.springframework.context.annotation.ClassPathScanningCandidateComponentProvider - Identified candidate component class: file [C:\Users\user\coding_workspace\comp3111_chatbot\dietbot\forked\hkust_cs3111h\line-bot-model\build\classes\main\com\linecorp\bot\model\event\source\RoomSource.class]
16:54:39.905 [Test worker] DEBUG org.springframework.context.annotation.ClassPathScanningCandidateComponentProvider - Ignored because not a concrete top-level class: file [C:\Users\user\coding_workspace\comp3111_chatbot\dietbot\forked\hkust_cs3111h\line-bot-model\build\classes\main\com\linecorp\bot\model\event\source\Source.class]
16:54:39.905 [Test worker] DEBUG org.springframework.context.annotation.ClassPathScanningCandidateComponentProvider - Identified candidate component class: file [C:\Users\user\coding_workspace\comp3111_chatbot\dietbot\forked\hkust_cs3111h\line-bot-model\build\classes\main\com\linecorp\bot\model\event\source\UnknownSource.class]
16:54:39.910 [Test worker] DEBUG org.springframework.context.annotation.ClassPathScanningCandidateComponentProvider - Identified candidate component class: file [C:\Users\user\coding_workspace\comp3111_chatbot\dietbot\forked\hkust_cs3111h\line-bot-model\build\classes\main\com\linecorp\bot\model\event\source\UserSource.class]
16:54:39.911 [Test worker] DEBUG org.springframework.context.annotation.ClassPathScanningCandidateComponentProvider - Identified candidate component class: file [C:\Users\user\coding_workspace\comp3111_chatbot\dietbot\forked\hkust_cs3111h\line-bot-model\build\classes\main\com\linecorp\bot\model\event\UnfollowEvent.class]
16:54:39.913 [Test worker] DEBUG org.springframework.context.annotation.ClassPathScanningCandidateComponentProvider - Identified candidate component class: file [C:\Users\user\coding_workspace\comp3111_chatbot\dietbot\forked\hkust_cs3111h\line-bot-model\build\classes\main\com\linecorp\bot\model\event\UnknownEvent.class]
16:54:40.244 [Test worker] INFO com.linecorp.bot.model.event.ReplyEventTest - eventClasses = [class com.linecorp.bot.model.event.BeaconEvent, class com.linecorp.bot.model.event.FollowEvent, class com.linecorp.bot.model.event.JoinEvent, class com.linecorp.bot.model.event.LeaveEvent, class com.linecorp.bot.model.event.MessageEvent, class com.linecorp.bot.model.event.PostbackEvent, class com.linecorp.bot.model.event.UnfollowEvent, class com.linecorp.bot.model.event.UnknownEvent]
]]></system-out>
  <system-err><![CDATA[]]></system-err>
</testsuite>
