<?xml version="1.0" encoding="UTF-8"?>
<testsuite name="com.linecorp.bot.model.message.MessageJsonReconstructionTest" tests="9" skipped="0" failures="0" errors="0" timestamp="2017-11-01T08:54:40" hostname="Lenovo-PC" time="0.072">
  <properties/>
  <testcase name="videoMessageTest" classname="com.linecorp.bot.model.message.MessageJsonReconstructionTest" time="0.011"/>
  <testcase name="imagemapMessageTest" classname="com.linecorp.bot.model.message.MessageJsonReconstructionTest" time="0.009"/>
  <testcase name="locationMessageTest" classname="com.linecorp.bot.model.message.MessageJsonReconstructionTest" time="0.004"/>
  <testcase name="templateMessageWithConfirmTemplateTest" classname="com.linecorp.bot.model.message.MessageJsonReconstructionTest" time="0.02"/>
  <testcase name="audioMessageTest" classname="com.linecorp.bot.model.message.MessageJsonReconstructionTest" time="0.004"/>
  <testcase name="templateMessageWithCarouselTemplateTest" classname="com.linecorp.bot.model.message.MessageJsonReconstructionTest" time="0.009"/>
  <testcase name="stickerMessageTest" classname="com.linecorp.bot.model.message.MessageJsonReconstructionTest" time="0.004"/>
  <testcase name="textMessageTest" classname="com.linecorp.bot.model.message.MessageJsonReconstructionTest" time="0.003"/>
  <testcase name="templateMessageWithButtonsTemplateTest" classname="com.linecorp.bot.model.message.MessageJsonReconstructionTest" time="0.006"/>
  <system-out><![CDATA[16:54:40.302 [Test worker] INFO com.linecorp.bot.model.message.MessageJsonReconstructionTest - Original:      VideoMessage(originalContentUrl=https://example.com/original, previewImageUrl=https://example.com/preview)
16:54:40.305 [Test worker] INFO com.linecorp.bot.model.message.MessageJsonReconstructionTest - AS JSON:       {"type":"video","originalContentUrl":"https://example.com/original","previewImageUrl":"https://example.com/preview"}
16:54:40.308 [Test worker] INFO com.linecorp.bot.model.message.MessageJsonReconstructionTest - Reconstructed: VideoMessage(originalContentUrl=https://example.com/original, previewImageUrl=https://example.com/preview)
16:54:40.310 [Test worker] INFO com.linecorp.bot.model.message.MessageJsonReconstructionTest - Original:      ImagemapMessage(baseUrl=baseUrl, altText=altText, baseSize=ImagemapBaseSize(height=1040, width=1040), actions=[])
16:54:40.313 [Test worker] INFO com.linecorp.bot.model.message.MessageJsonReconstructionTest - AS JSON:       {"type":"imagemap","baseUrl":"baseUrl","altText":"altText","baseSize":{"height":1040,"width":1040},"actions":[]}
16:54:40.317 [Test worker] INFO com.linecorp.bot.model.message.MessageJsonReconstructionTest - Reconstructed: ImagemapMessage(baseUrl=baseUrl, altText=altText, baseSize=ImagemapBaseSize(height=1040, width=1040), actions=[])
16:54:40.319 [Test worker] INFO com.linecorp.bot.model.message.MessageJsonReconstructionTest - Original:      LocationMessage(title=title, address=address, latitude=135.0, longitude=0.0)
16:54:40.321 [Test worker] INFO com.linecorp.bot.model.message.MessageJsonReconstructionTest - AS JSON:       {"type":"location","title":"title","address":"address","latitude":135.0,"longitude":0.0}
16:54:40.323 [Test worker] INFO com.linecorp.bot.model.message.MessageJsonReconstructionTest - Reconstructed: LocationMessage(title=title, address=address, latitude=135.0, longitude=0.0)
16:54:40.329 [Test worker] INFO com.linecorp.bot.model.message.MessageJsonReconstructionTest - Original:      TemplateMessage(altText=ALT, template=ConfirmTemplate(text=text, actions=[URIAction(label=label, uri=http://example.com), MessageAction(label=label, text=text)]))
16:54:40.339 [Test worker] INFO com.linecorp.bot.model.message.MessageJsonReconstructionTest - AS JSON:       {"type":"template","altText":"ALT","template":{"type":"confirm","text":"text","actions":[{"type":"uri","label":"label","uri":"http://example.com"},{"type":"message","label":"label","text":"text"}]}}
16:54:40.343 [Test worker] INFO com.linecorp.bot.model.message.MessageJsonReconstructionTest - Reconstructed: TemplateMessage(altText=ALT, template=ConfirmTemplate(text=text, actions=[URIAction(label=label, uri=http://example.com), MessageAction(label=label, text=text)]))
16:54:40.344 [Test worker] INFO com.linecorp.bot.model.message.MessageJsonReconstructionTest - Original:      AudioMessage(originalContentUrl=originalUrl, duration=20)
16:54:40.346 [Test worker] INFO com.linecorp.bot.model.message.MessageJsonReconstructionTest - AS JSON:       {"type":"audio","originalContentUrl":"originalUrl","duration":20}
16:54:40.347 [Test worker] INFO com.linecorp.bot.model.message.MessageJsonReconstructionTest - Reconstructed: AudioMessage(originalContentUrl=originalUrl, duration=20)
16:54:40.349 [Test worker] INFO com.linecorp.bot.model.message.MessageJsonReconstructionTest - Original:      TemplateMessage(altText=ALT, template=CarouselTemplate(columns=[CarouselColumn(thumbnailImageUrl=thumbnail, title=title, text=text, actions=[PostbackAction(label=postback, data=data, text=null)])]))
16:54:40.353 [Test worker] INFO com.linecorp.bot.model.message.MessageJsonReconstructionTest - AS JSON:       {"type":"template","altText":"ALT","template":{"type":"carousel","columns":[{"thumbnailImageUrl":"thumbnail","title":"title","text":"text","actions":[{"type":"postback","label":"postback","data":"data"}]}]}}
16:54:40.357 [Test worker] INFO com.linecorp.bot.model.message.MessageJsonReconstructionTest - Reconstructed: TemplateMessage(altText=ALT, template=CarouselTemplate(columns=[CarouselColumn(thumbnailImageUrl=thumbnail, title=title, text=text, actions=[PostbackAction(label=postback, data=data, text=null)])]))
16:54:40.358 [Test worker] INFO com.linecorp.bot.model.message.MessageJsonReconstructionTest - Original:      StickerMessage(packageId=123, stickerId=456)
16:54:40.360 [Test worker] INFO com.linecorp.bot.model.message.MessageJsonReconstructionTest - AS JSON:       {"type":"sticker","packageId":"123","stickerId":"456"}
16:54:40.361 [Test worker] INFO com.linecorp.bot.model.message.MessageJsonReconstructionTest - Reconstructed: StickerMessage(packageId=123, stickerId=456)
16:54:40.362 [Test worker] INFO com.linecorp.bot.model.message.MessageJsonReconstructionTest - Original:      TextMessage(text=TEST)
16:54:40.363 [Test worker] INFO com.linecorp.bot.model.message.MessageJsonReconstructionTest - AS JSON:       {"type":"text","text":"TEST"}
16:54:40.364 [Test worker] INFO com.linecorp.bot.model.message.MessageJsonReconstructionTest - Reconstructed: TextMessage(text=TEST)
16:54:40.364 [Test worker] INFO com.linecorp.bot.model.message.MessageJsonReconstructionTest - Original:      TemplateMessage(altText=ALT, template=ButtonsTemplate(thumbnailImageUrl=https://example.com, title=title, text=text, actions=[MessageAction(label=label, text=text)]))
16:54:40.367 [Test worker] INFO com.linecorp.bot.model.message.MessageJsonReconstructionTest - AS JSON:       {"type":"template","altText":"ALT","template":{"type":"buttons","thumbnailImageUrl":"https://example.com","title":"title","text":"text","actions":[{"type":"message","label":"label","text":"text"}]}}
16:54:40.369 [Test worker] INFO com.linecorp.bot.model.message.MessageJsonReconstructionTest - Reconstructed: TemplateMessage(altText=ALT, template=ButtonsTemplate(thumbnailImageUrl=https://example.com, title=title, text=text, actions=[MessageAction(label=label, text=text)]))
]]></system-out>
  <system-err><![CDATA[]]></system-err>
</testsuite>
