<?xml version="1.0" encoding="UTF-8"?>
<testsuite name="com.linecorp.bot.servlet.LineBotCallbackRequestParserTest" tests="8" skipped="0" failures="0" errors="0" timestamp="2017-11-01T08:54:45" hostname="Lenovo-PC" time="1.257">
  <properties/>
  <testcase name="testInvalidSignature2" classname="com.linecorp.bot.servlet.LineBotCallbackRequestParserTest" time="0.991"/>
  <testcase name="testInvalidSignature" classname="com.linecorp.bot.servlet.LineBotCallbackRequestParserTest" time="0.068"/>
  <testcase name="testCallRequest" classname="com.linecorp.bot.servlet.LineBotCallbackRequestParserTest" time="0.173"/>
  <testcase name="testMissingHeader" classname="com.linecorp.bot.servlet.LineBotCallbackRequestParserTest" time="0.001"/>
  <testcase name="testNullRequest2" classname="com.linecorp.bot.servlet.LineBotCallbackRequestParserTest" time="0.003"/>
  <testcase name="testCallRequest2" classname="com.linecorp.bot.servlet.LineBotCallbackRequestParserTest" time="0.012"/>
  <testcase name="testMissingHeader2" classname="com.linecorp.bot.servlet.LineBotCallbackRequestParserTest" time="0.0"/>
  <testcase name="testNullRequest" classname="com.linecorp.bot.servlet.LineBotCallbackRequestParserTest" time="0.003"/>
  <system-out><![CDATA[16:54:45.730 [Test worker] DEBUG com.linecorp.bot.servlet.LineBotCallbackRequestParser - got: {}
16:54:46.320 [Test worker] DEBUG com.linecorp.bot.servlet.LineBotCallbackRequestParser - got: {}
16:54:46.339 [Test worker] DEBUG com.linecorp.bot.servlet.LineBotCallbackRequestParser - got: {
  "events": [
    {
      "replyToken": "nHuyWiB7yP5Zw52FIkcQobQuGDXCTA",
      "type": "message",
      "timestamp": 1462629479859,
      "source": {
        "type": "user",
        "userId": "u206d25c2ea6bd87c17655609a1c37cb8"
      },
      "message": {
        "id": "325708",
        "type": "text",
        "text": "Hello, world"
      }
    },
    {
      "replyToken": "nHuyWiB7yP5Zw52FIkcQobQuGDXCTA",
      "type": "follow",
      "timestamp": 1462629479859,
      "source": {
        "type": "user",
        "userId": "u206d25c2ea6bd87c17655609a1c37cb8"
      }
    }
  ]
}

16:54:46.497 [Test worker] DEBUG com.linecorp.bot.servlet.LineBotCallbackRequestParser - got: null
16:54:46.501 [Test worker] DEBUG com.linecorp.bot.servlet.LineBotCallbackRequestParser - got: {
  "events": [
    {
      "replyToken": "nHuyWiB7yP5Zw52FIkcQobQuGDXCTA",
      "type": "message",
      "timestamp": 1462629479859,
      "source": {
        "type": "user",
        "userId": "u206d25c2ea6bd87c17655609a1c37cb8"
      },
      "message": {
        "id": "325708",
        "type": "text",
        "text": "Hello, world"
      }
    },
    {
      "replyToken": "nHuyWiB7yP5Zw52FIkcQobQuGDXCTA",
      "type": "follow",
      "timestamp": 1462629479859,
      "source": {
        "type": "user",
        "userId": "u206d25c2ea6bd87c17655609a1c37cb8"
      }
    }
  ]
}

16:54:46.515 [Test worker] DEBUG com.linecorp.bot.servlet.LineBotCallbackRequestParser - got: null
]]></system-out>
  <system-err><![CDATA[]]></system-err>
</testsuite>
