<?xml version="1.0" encoding="UTF-8"?>
<<<<<<< HEAD
<testsuite name="com.linecorp.bot.servlet.LineBotCallbackRequestParserTest" tests="8" skipped="0" failures="0" errors="0" timestamp="2017-10-30T13:46:46" hostname="Lenovo-PC" time="1.214">
  <properties/>
  <testcase name="testInvalidSignature2" classname="com.linecorp.bot.servlet.LineBotCallbackRequestParserTest" time="0.92"/>
  <testcase name="testInvalidSignature" classname="com.linecorp.bot.servlet.LineBotCallbackRequestParserTest" time="0.086"/>
  <testcase name="testCallRequest" classname="com.linecorp.bot.servlet.LineBotCallbackRequestParserTest" time="0.185"/>
  <testcase name="testMissingHeader" classname="com.linecorp.bot.servlet.LineBotCallbackRequestParserTest" time="0.001"/>
  <testcase name="testNullRequest2" classname="com.linecorp.bot.servlet.LineBotCallbackRequestParserTest" time="0.002"/>
  <testcase name="testCallRequest2" classname="com.linecorp.bot.servlet.LineBotCallbackRequestParserTest" time="0.01"/>
  <testcase name="testMissingHeader2" classname="com.linecorp.bot.servlet.LineBotCallbackRequestParserTest" time="0.001"/>
  <testcase name="testNullRequest" classname="com.linecorp.bot.servlet.LineBotCallbackRequestParserTest" time="0.003"/>
  <system-out><![CDATA[21:46:46.740 [Test worker] DEBUG com.linecorp.bot.servlet.LineBotCallbackRequestParser - got: {}
21:46:47.344 [Test worker] DEBUG com.linecorp.bot.servlet.LineBotCallbackRequestParser - got: {}
21:46:47.369 [Test worker] DEBUG com.linecorp.bot.servlet.LineBotCallbackRequestParser - got: {
=======
<testsuite name="com.linecorp.bot.servlet.LineBotCallbackRequestParserTest" tests="8" skipped="0" failures="0" errors="0" timestamp="2017-10-31T06:12:06" hostname="Ignaviers-MacBook-Pro.local" time="0.756">
  <properties/>
  <testcase name="testInvalidSignature2" classname="com.linecorp.bot.servlet.LineBotCallbackRequestParserTest" time="0.55"/>
  <testcase name="testInvalidSignature" classname="com.linecorp.bot.servlet.LineBotCallbackRequestParserTest" time="0.043"/>
  <testcase name="testCallRequest" classname="com.linecorp.bot.servlet.LineBotCallbackRequestParserTest" time="0.134"/>
  <testcase name="testMissingHeader" classname="com.linecorp.bot.servlet.LineBotCallbackRequestParserTest" time="0.002"/>
  <testcase name="testNullRequest2" classname="com.linecorp.bot.servlet.LineBotCallbackRequestParserTest" time="0.004"/>
  <testcase name="testCallRequest2" classname="com.linecorp.bot.servlet.LineBotCallbackRequestParserTest" time="0.013"/>
  <testcase name="testMissingHeader2" classname="com.linecorp.bot.servlet.LineBotCallbackRequestParserTest" time="0.001"/>
  <testcase name="testNullRequest" classname="com.linecorp.bot.servlet.LineBotCallbackRequestParserTest" time="0.003"/>
  <system-out><![CDATA[14:12:06.828 [Test worker] DEBUG com.linecorp.bot.servlet.LineBotCallbackRequestParser - got: {}
14:12:07.122 [Test worker] DEBUG com.linecorp.bot.servlet.LineBotCallbackRequestParser - got: {}
14:12:07.127 [Test worker] DEBUG com.linecorp.bot.servlet.LineBotCallbackRequestParser - got: {
>>>>>>> master
  "events": [
    {
      "replyToken": "nHuyWiB7yP5Zw52FIkcQobQuGDXCTA",
      "type": "message",
      "timestamp": 1462629479859,
      "source": {
        "type": "user",
        "userId": "u206d25c2ea6bd87c17655609a1c37cb8"
      },
      "message": {
        "id": "325708",
        "type": "text",
        "text": "Hello, world"
      }
    },
    {
      "replyToken": "nHuyWiB7yP5Zw52FIkcQobQuGDXCTA",
      "type": "follow",
      "timestamp": 1462629479859,
      "source": {
        "type": "user",
        "userId": "u206d25c2ea6bd87c17655609a1c37cb8"
      }
    }
  ]
}

<<<<<<< HEAD
21:46:47.534 [Test worker] DEBUG com.linecorp.bot.servlet.LineBotCallbackRequestParser - got: null
21:46:47.538 [Test worker] DEBUG com.linecorp.bot.servlet.LineBotCallbackRequestParser - got: {
=======
14:12:07.261 [Test worker] DEBUG com.linecorp.bot.servlet.LineBotCallbackRequestParser - got: null
14:12:07.267 [Test worker] DEBUG com.linecorp.bot.servlet.LineBotCallbackRequestParser - got: {
>>>>>>> master
  "events": [
    {
      "replyToken": "nHuyWiB7yP5Zw52FIkcQobQuGDXCTA",
      "type": "message",
      "timestamp": 1462629479859,
      "source": {
        "type": "user",
        "userId": "u206d25c2ea6bd87c17655609a1c37cb8"
      },
      "message": {
        "id": "325708",
        "type": "text",
        "text": "Hello, world"
      }
    },
    {
      "replyToken": "nHuyWiB7yP5Zw52FIkcQobQuGDXCTA",
      "type": "follow",
      "timestamp": 1462629479859,
      "source": {
        "type": "user",
        "userId": "u206d25c2ea6bd87c17655609a1c37cb8"
      }
    }
  ]
}

<<<<<<< HEAD
21:46:47.550 [Test worker] DEBUG com.linecorp.bot.servlet.LineBotCallbackRequestParser - got: null
=======
14:12:07.282 [Test worker] DEBUG com.linecorp.bot.servlet.LineBotCallbackRequestParser - got: null
>>>>>>> master
]]></system-out>
  <system-err><![CDATA[]]></system-err>
</testsuite>
