<?xml version="1.0" encoding="UTF-8"?>
<<<<<<< HEAD
<testsuite name="com.example.bot.spring.DietbotTester" tests="3" skipped="0" failures="0" errors="0" timestamp="2017-11-01T04:09:53" hostname="Lenovo-PC" time="0.225">
  <properties/>
  <testcase name="testNotFound" classname="com.example.bot.spring.DietbotTester" time="0.118"/>
  <testcase name="testFound" classname="com.example.bot.spring.DietbotTester" time="0.003"/>
  <testcase name="testNewRivescript" classname="com.example.bot.spring.DietbotTester" time="0.099"/>
  <system-out><![CDATA[12:09:51.607 [Test worker] DEBUG org.springframework.test.context.junit4.SpringJUnit4ClassRunner - SpringJUnit4ClassRunner constructor called with [class com.example.bot.spring.DietbotTester]
12:09:51.617 [Test worker] DEBUG org.springframework.test.context.BootstrapUtils - Instantiating CacheAwareContextLoaderDelegate from class [org.springframework.test.context.cache.DefaultCacheAwareContextLoaderDelegate]
12:09:51.629 [Test worker] DEBUG org.springframework.test.context.BootstrapUtils - Instantiating BootstrapContext using constructor [public org.springframework.test.context.support.DefaultBootstrapContext(java.lang.Class,org.springframework.test.context.CacheAwareContextLoaderDelegate)]
12:09:51.656 [Test worker] DEBUG org.springframework.test.context.BootstrapUtils - Instantiating TestContextBootstrapper for test class [com.example.bot.spring.DietbotTester] from class [org.springframework.boot.test.context.SpringBootTestContextBootstrapper]
12:09:51.678 [Test worker] INFO org.springframework.boot.test.context.SpringBootTestContextBootstrapper - Neither @ContextConfiguration nor @ContextHierarchy found for test class [com.example.bot.spring.DietbotTester], using SpringBootContextLoader
12:09:51.683 [Test worker] DEBUG org.springframework.test.context.support.AbstractContextLoader - Did not detect default resource location for test class [com.example.bot.spring.DietbotTester]: class path resource [com/example/bot/spring/DietbotTester-context.xml] does not exist
12:09:51.684 [Test worker] DEBUG org.springframework.test.context.support.AbstractContextLoader - Did not detect default resource location for test class [com.example.bot.spring.DietbotTester]: class path resource [com/example/bot/spring/DietbotTesterContext.groovy] does not exist
12:09:51.684 [Test worker] INFO org.springframework.test.context.support.AbstractContextLoader - Could not detect default resource locations for test class [com.example.bot.spring.DietbotTester]: no resource found for suffixes {-context.xml, Context.groovy}.
12:09:51.738 [Test worker] DEBUG org.springframework.test.context.support.ActiveProfilesUtils - Could not find an 'annotation declaring class' for annotation type [org.springframework.test.context.ActiveProfiles] and class [com.example.bot.spring.DietbotTester]
12:09:51.744 [Test worker] DEBUG org.springframework.boot.test.context.SpringBootTestContextBootstrapper - @TestExecutionListeners is not present for class [com.example.bot.spring.DietbotTester]: using defaults.
12:09:51.751 [Test worker] INFO org.springframework.boot.test.context.SpringBootTestContextBootstrapper - Loaded default TestExecutionListener class names from location [META-INF/spring.factories]: [org.springframework.boot.test.mock.mockito.MockitoTestExecutionListener, org.springframework.boot.test.mock.mockito.ResetMocksTestExecutionListener, org.springframework.boot.test.autoconfigure.restdocs.RestDocsTestExecutionListener, org.springframework.boot.test.autoconfigure.web.client.MockRestServiceServerResetTestExecutionListener, org.springframework.boot.test.autoconfigure.web.servlet.MockMvcPrintOnlyOnFailureTestExecutionListener, org.springframework.boot.test.autoconfigure.web.servlet.WebDriverTestExecutionListener, org.springframework.test.context.web.ServletTestExecutionListener, org.springframework.test.context.support.DirtiesContextBeforeModesTestExecutionListener, org.springframework.test.context.support.DependencyInjectionTestExecutionListener, org.springframework.test.context.support.DirtiesContextTestExecutionListener, org.springframework.test.context.transaction.TransactionalTestExecutionListener, org.springframework.test.context.jdbc.SqlScriptsTestExecutionListener]
12:09:51.762 [Test worker] INFO org.springframework.boot.test.context.SpringBootTestContextBootstrapper - Could not instantiate TestExecutionListener [org.springframework.test.context.jdbc.SqlScriptsTestExecutionListener]. Specify custom listener classes or make the default listener classes (and their required dependencies) available. Offending class: [org/springframework/transaction/interceptor/TransactionAttribute]
12:09:51.764 [Test worker] INFO org.springframework.boot.test.context.SpringBootTestContextBootstrapper - Could not instantiate TestExecutionListener [org.springframework.test.context.transaction.TransactionalTestExecutionListener]. Specify custom listener classes or make the default listener classes (and their required dependencies) available. Offending class: [org/springframework/transaction/interceptor/TransactionAttributeSource]
12:09:51.769 [Test worker] INFO org.springframework.boot.test.context.SpringBootTestContextBootstrapper - Using TestExecutionListeners: [org.springframework.test.context.web.ServletTestExecutionListener@2e85dc2c, org.springframework.test.context.support.DirtiesContextBeforeModesTestExecutionListener@4cc2b414, org.springframework.boot.test.autoconfigure.SpringBootDependencyInjectionTestExecutionListener@8c08471, org.springframework.test.context.support.DirtiesContextTestExecutionListener@7379c9ef, org.springframework.boot.test.autoconfigure.web.servlet.MockMvcPrintOnlyOnFailureTestExecutionListener@731d0f10, org.springframework.boot.test.mock.mockito.MockitoTestExecutionListener@2a266773, org.springframework.boot.test.autoconfigure.web.client.MockRestServiceServerResetTestExecutionListener@26c99d4a, org.springframework.boot.test.mock.mockito.ResetMocksTestExecutionListener@1bc20ecd, org.springframework.boot.test.autoconfigure.web.servlet.WebDriverTestExecutionListener@bcf72a, org.springframework.boot.test.autoconfigure.restdocs.RestDocsTestExecutionListener@193805b1]
12:09:51.773 [Test worker] DEBUG org.springframework.test.annotation.ProfileValueUtils - Retrieved @ProfileValueSourceConfiguration [null] for test class [com.example.bot.spring.DietbotTester]
12:09:51.774 [Test worker] DEBUG org.springframework.test.annotation.ProfileValueUtils - Retrieved ProfileValueSource type [class org.springframework.test.annotation.SystemProfileValueSource] for class [com.example.bot.spring.DietbotTester]
12:09:51.775 [Test worker] DEBUG org.springframework.test.annotation.ProfileValueUtils - Retrieved @ProfileValueSourceConfiguration [null] for test class [com.example.bot.spring.DietbotTester]
12:09:51.775 [Test worker] DEBUG org.springframework.test.annotation.ProfileValueUtils - Retrieved ProfileValueSource type [class org.springframework.test.annotation.SystemProfileValueSource] for class [com.example.bot.spring.DietbotTester]
12:09:51.783 [Test worker] DEBUG org.springframework.test.context.support.AbstractDirtiesContextTestExecutionListener - Before test class: context [DefaultTestContext@7c547887 testClass = DietbotTester, testInstance = [null], testMethod = [null], testException = [null], mergedContextConfiguration = [WebMergedContextConfiguration@5b79e6aa testClass = DietbotTester, locations = '{}', classes = '{class com.example.bot.spring.DietbotTester, class com.example.bot.spring.SQLDatabaseEngine, class com.example.bot.spring.DietbotTester, class com.example.bot.spring.SQLDatabaseEngine}', contextInitializerClasses = '[]', activeProfiles = '{}', propertySourceLocations = '{}', propertySourceProperties = '{org.springframework.boot.test.context.SpringBootTestContextBootstrapper=true}', contextCustomizers = set[org.springframework.boot.test.context.SpringBootTestContextCustomizer@58ec7172, org.springframework.boot.test.context.filter.ExcludeFilterContextCustomizer@187cf909, org.springframework.boot.test.mock.mockito.MockitoContextCustomizer@0, org.springframework.boot.test.autoconfigure.properties.PropertyMappingContextCustomizer@0, org.springframework.boot.test.autoconfigure.web.servlet.WebDriverContextCustomizerFactory$Customizer@45f742fe], resourceBasePath = 'src/main/webapp', contextLoader = 'org.springframework.boot.test.context.SpringBootContextLoader', parent = [null]]], class annotated with @DirtiesContext [false] with mode [null].
12:09:51.784 [Test worker] DEBUG org.springframework.test.annotation.ProfileValueUtils - Retrieved @ProfileValueSourceConfiguration [null] for test class [com.example.bot.spring.DietbotTester]
12:09:51.785 [Test worker] DEBUG org.springframework.test.annotation.ProfileValueUtils - Retrieved ProfileValueSource type [class org.springframework.test.annotation.SystemProfileValueSource] for class [com.example.bot.spring.DietbotTester]
12:09:51.949 [Test worker] DEBUG org.springframework.core.env.StandardEnvironment - Adding [systemProperties] PropertySource with lowest search precedence
12:09:51.950 [Test worker] DEBUG org.springframework.core.env.StandardEnvironment - Adding [systemEnvironment] PropertySource with lowest search precedence
12:09:51.951 [Test worker] DEBUG org.springframework.core.env.StandardEnvironment - Initialized StandardEnvironment with PropertySources [systemProperties,systemEnvironment]
12:09:51.953 [Test worker] DEBUG org.springframework.test.context.support.TestPropertySourceUtils - Adding inlined properties to environment: {spring.jmx.enabled=false, org.springframework.boot.test.context.SpringBootTestContextBootstrapper=true, server.port=-1}
12:09:51.954 [Test worker] DEBUG org.springframework.core.env.StandardEnvironment - Adding [Inlined Test Properties] PropertySource with highest search precedence
=======
<testsuite name="com.example.bot.spring.DietbotTester" tests="2" skipped="0" failures="0" errors="0" timestamp="2017-11-01T08:18:54" hostname="Ignaviers-MacBook-Pro.local" time="8.251">
  <properties/>
  <testcase name="writeUserInfoNonExisting" classname="com.example.bot.spring.DietbotTester" time="5.795"/>
  <testcase name="writeUserInfoExisting" classname="com.example.bot.spring.DietbotTester" time="2.454"/>
  <system-out><![CDATA[16:18:53.662 [Test worker] DEBUG org.springframework.test.context.junit4.SpringJUnit4ClassRunner - SpringJUnit4ClassRunner constructor called with [class com.example.bot.spring.DietbotTester]
16:18:53.671 [Test worker] DEBUG org.springframework.test.context.BootstrapUtils - Instantiating CacheAwareContextLoaderDelegate from class [org.springframework.test.context.cache.DefaultCacheAwareContextLoaderDelegate]
16:18:53.682 [Test worker] DEBUG org.springframework.test.context.BootstrapUtils - Instantiating BootstrapContext using constructor [public org.springframework.test.context.support.DefaultBootstrapContext(java.lang.Class,org.springframework.test.context.CacheAwareContextLoaderDelegate)]
16:18:53.706 [Test worker] DEBUG org.springframework.test.context.BootstrapUtils - Instantiating TestContextBootstrapper for test class [com.example.bot.spring.DietbotTester] from class [org.springframework.boot.test.context.SpringBootTestContextBootstrapper]
16:18:53.719 [Test worker] INFO org.springframework.boot.test.context.SpringBootTestContextBootstrapper - Neither @ContextConfiguration nor @ContextHierarchy found for test class [com.example.bot.spring.DietbotTester], using SpringBootContextLoader
16:18:53.722 [Test worker] DEBUG org.springframework.test.context.support.AbstractContextLoader - Did not detect default resource location for test class [com.example.bot.spring.DietbotTester]: class path resource [com/example/bot/spring/DietbotTester-context.xml] does not exist
16:18:53.723 [Test worker] DEBUG org.springframework.test.context.support.AbstractContextLoader - Did not detect default resource location for test class [com.example.bot.spring.DietbotTester]: class path resource [com/example/bot/spring/DietbotTesterContext.groovy] does not exist
16:18:53.723 [Test worker] INFO org.springframework.test.context.support.AbstractContextLoader - Could not detect default resource locations for test class [com.example.bot.spring.DietbotTester]: no resource found for suffixes {-context.xml, Context.groovy}.
16:18:53.772 [Test worker] DEBUG org.springframework.test.context.support.ActiveProfilesUtils - Could not find an 'annotation declaring class' for annotation type [org.springframework.test.context.ActiveProfiles] and class [com.example.bot.spring.DietbotTester]
16:18:53.778 [Test worker] DEBUG org.springframework.boot.test.context.SpringBootTestContextBootstrapper - @TestExecutionListeners is not present for class [com.example.bot.spring.DietbotTester]: using defaults.
16:18:53.782 [Test worker] INFO org.springframework.boot.test.context.SpringBootTestContextBootstrapper - Loaded default TestExecutionListener class names from location [META-INF/spring.factories]: [org.springframework.boot.test.mock.mockito.MockitoTestExecutionListener, org.springframework.boot.test.mock.mockito.ResetMocksTestExecutionListener, org.springframework.boot.test.autoconfigure.restdocs.RestDocsTestExecutionListener, org.springframework.boot.test.autoconfigure.web.client.MockRestServiceServerResetTestExecutionListener, org.springframework.boot.test.autoconfigure.web.servlet.MockMvcPrintOnlyOnFailureTestExecutionListener, org.springframework.boot.test.autoconfigure.web.servlet.WebDriverTestExecutionListener, org.springframework.test.context.web.ServletTestExecutionListener, org.springframework.test.context.support.DirtiesContextBeforeModesTestExecutionListener, org.springframework.test.context.support.DependencyInjectionTestExecutionListener, org.springframework.test.context.support.DirtiesContextTestExecutionListener, org.springframework.test.context.transaction.TransactionalTestExecutionListener, org.springframework.test.context.jdbc.SqlScriptsTestExecutionListener]
16:18:53.799 [Test worker] INFO org.springframework.boot.test.context.SpringBootTestContextBootstrapper - Could not instantiate TestExecutionListener [org.springframework.test.context.transaction.TransactionalTestExecutionListener]. Specify custom listener classes or make the default listener classes (and their required dependencies) available. Offending class: [org/springframework/transaction/interceptor/TransactionAttributeSource]
16:18:53.800 [Test worker] INFO org.springframework.boot.test.context.SpringBootTestContextBootstrapper - Could not instantiate TestExecutionListener [org.springframework.test.context.jdbc.SqlScriptsTestExecutionListener]. Specify custom listener classes or make the default listener classes (and their required dependencies) available. Offending class: [org/springframework/transaction/interceptor/TransactionAttribute]
16:18:53.801 [Test worker] INFO org.springframework.boot.test.context.SpringBootTestContextBootstrapper - Using TestExecutionListeners: [org.springframework.test.context.web.ServletTestExecutionListener@6a1a6472, org.springframework.test.context.support.DirtiesContextBeforeModesTestExecutionListener@284b7add, org.springframework.boot.test.autoconfigure.SpringBootDependencyInjectionTestExecutionListener@434eaaad, org.springframework.test.context.support.DirtiesContextTestExecutionListener@3ee4238, org.springframework.boot.test.autoconfigure.web.servlet.WebDriverTestExecutionListener@3a6e8fc3, org.springframework.boot.test.mock.mockito.MockitoTestExecutionListener@490097c1, org.springframework.boot.test.autoconfigure.web.client.MockRestServiceServerResetTestExecutionListener@7fad478e, org.springframework.boot.test.mock.mockito.ResetMocksTestExecutionListener@e2325c1, org.springframework.boot.test.autoconfigure.restdocs.RestDocsTestExecutionListener@40fdb351, org.springframework.boot.test.autoconfigure.web.servlet.MockMvcPrintOnlyOnFailureTestExecutionListener@d0e9a10]
16:18:53.804 [Test worker] DEBUG org.springframework.test.annotation.ProfileValueUtils - Retrieved @ProfileValueSourceConfiguration [null] for test class [com.example.bot.spring.DietbotTester]
16:18:53.805 [Test worker] DEBUG org.springframework.test.annotation.ProfileValueUtils - Retrieved ProfileValueSource type [class org.springframework.test.annotation.SystemProfileValueSource] for class [com.example.bot.spring.DietbotTester]
16:18:53.806 [Test worker] DEBUG org.springframework.test.annotation.ProfileValueUtils - Retrieved @ProfileValueSourceConfiguration [null] for test class [com.example.bot.spring.DietbotTester]
16:18:53.806 [Test worker] DEBUG org.springframework.test.annotation.ProfileValueUtils - Retrieved ProfileValueSource type [class org.springframework.test.annotation.SystemProfileValueSource] for class [com.example.bot.spring.DietbotTester]
16:18:53.810 [Test worker] DEBUG org.springframework.test.context.support.AbstractDirtiesContextTestExecutionListener - Before test class: context [DefaultTestContext@33277907 testClass = DietbotTester, testInstance = [null], testMethod = [null], testException = [null], mergedContextConfiguration = [WebMergedContextConfiguration@252b5d08 testClass = DietbotTester, locations = '{}', classes = '{class com.example.bot.spring.DietbotTester, class com.example.bot.spring.SQLDatabaseEngine, class com.example.bot.spring.DietbotTester, class com.example.bot.spring.SQLDatabaseEngine}', contextInitializerClasses = '[]', activeProfiles = '{}', propertySourceLocations = '{}', propertySourceProperties = '{org.springframework.boot.test.context.SpringBootTestContextBootstrapper=true}', contextCustomizers = set[org.springframework.boot.test.context.SpringBootTestContextCustomizer@a3c7592, org.springframework.boot.test.context.filter.ExcludeFilterContextCustomizer@d96c4c7, org.springframework.boot.test.mock.mockito.MockitoContextCustomizer@0, org.springframework.boot.test.autoconfigure.properties.PropertyMappingContextCustomizer@0, org.springframework.boot.test.autoconfigure.web.servlet.WebDriverContextCustomizerFactory$Customizer@527e9cbc], resourceBasePath = 'src/main/webapp', contextLoader = 'org.springframework.boot.test.context.SpringBootContextLoader', parent = [null]]], class annotated with @DirtiesContext [false] with mode [null].
16:18:53.811 [Test worker] DEBUG org.springframework.test.annotation.ProfileValueUtils - Retrieved @ProfileValueSourceConfiguration [null] for test class [com.example.bot.spring.DietbotTester]
16:18:53.811 [Test worker] DEBUG org.springframework.test.annotation.ProfileValueUtils - Retrieved ProfileValueSource type [class org.springframework.test.annotation.SystemProfileValueSource] for class [com.example.bot.spring.DietbotTester]
16:18:53.887 [Test worker] DEBUG org.springframework.core.env.StandardEnvironment - Adding [systemProperties] PropertySource with lowest search precedence
16:18:53.888 [Test worker] DEBUG org.springframework.core.env.StandardEnvironment - Adding [systemEnvironment] PropertySource with lowest search precedence
16:18:53.888 [Test worker] DEBUG org.springframework.core.env.StandardEnvironment - Initialized StandardEnvironment with PropertySources [systemProperties,systemEnvironment]
16:18:53.890 [Test worker] DEBUG org.springframework.test.context.support.TestPropertySourceUtils - Adding inlined properties to environment: {spring.jmx.enabled=false, org.springframework.boot.test.context.SpringBootTestContextBootstrapper=true, server.port=-1}
16:18:53.891 [Test worker] DEBUG org.springframework.core.env.StandardEnvironment - Adding [Inlined Test Properties] PropertySource with highest search precedence
>>>>>>> 62e2cd5f49a66c63bf9f5eda34b412637cd1dcbb

  .   ____          _            __ _ _
 /\\ / ___'_ __ _ _(_)_ __  __ _ \ \ \ \
( ( )\___ | '_ | '_| | '_ \/ _` | \ \ \ \
 \\/  ___)| |_)| | | | | || (_| |  ) ) ) )
  '  |____| .__|_| |_|_| |_\__, | / / / /
 =========|_|==============|___/=/_/_/_/
 :: Spring Boot ::        (v1.4.2.RELEASE)

<<<<<<< HEAD
2017-11-01 12:09:52.635  INFO 4640 --- [    Test worker] com.example.bot.spring.DietbotTester     : Starting DietbotTester on Lenovo-PC with PID 4640 (started by user in C:\Users\user\coding_workspace\comp3111_chatbot\dietbot\forked\hkust_cs3111h\sample-spring-boot-kitchensink)
2017-11-01 12:09:52.636  INFO 4640 --- [    Test worker] com.example.bot.spring.DietbotTester     : No active profile set, falling back to default profiles: default
2017-11-01 12:09:52.706  INFO 4640 --- [    Test worker] o.s.w.c.s.GenericWebApplicationContext   : Refreshing org.springframework.web.context.support.GenericWebApplicationContext@3a9bc96d: startup date [Wed Nov 01 12:09:52 SGT 2017]; root of context hierarchy
2017-11-01 12:09:53.252  INFO 4640 --- [    Test worker] com.example.bot.spring.DietbotTester     : Started DietbotTester in 1.28 seconds (JVM running for 2.698)
2017-11-01 12:09:53.453  WARN 4640 --- [    Test worker] com.rivescript.RiveScript                : Object 'setvar' not loaded as no handler was found for programming language 'javascript'
2017-11-01 12:09:53.457  WARN 4640 --- [    Test worker] com.rivescript.RiveScript                : Object 'add' not loaded as no handler was found for programming language 'javascript'
=======
2017-11-01 16:18:54.524  INFO 34396 --- [    Test worker] com.example.bot.spring.DietbotTester     : Starting DietbotTester on Ignaviers-MacBook-Pro.local with PID 34396 (started by Ignavier in /Users/Ignavier/workspace/java/eclipse-sts/hkust_cs3111h/sample-spring-boot-kitchensink)
2017-11-01 16:18:54.525  INFO 34396 --- [    Test worker] com.example.bot.spring.DietbotTester     : No active profile set, falling back to default profiles: default
2017-11-01 16:18:54.579  INFO 34396 --- [    Test worker] o.s.w.c.s.GenericWebApplicationContext   : Refreshing org.springframework.web.context.support.GenericWebApplicationContext@1ab05ba3: startup date [Wed Nov 01 16:18:54 MYT 2017]; root of context hierarchy
2017-11-01 16:18:54.903  INFO 34396 --- [    Test worker] com.example.bot.spring.DietbotTester     : Started DietbotTester in 0.991 seconds (JVM running for 2.009)
2017-11-01 16:18:54.975  INFO 34396 --- [    Test worker] c.example.bot.spring.SQLDatabaseEngine   : Username: bmbayfplhrhhmo Password: a7f74df68ddd67590ba67907ffbe469abfac4ea9d42674acc3ec152f8bfd0082
2017-11-01 16:18:54.978  INFO 34396 --- [    Test worker] c.example.bot.spring.SQLDatabaseEngine   : dbUrl: jdbc:postgresql://ec2-23-23-248-162.compute-1.amazonaws.com:5432/d8kdgmt1kqm7pl?ssl=true&sslfactory=org.postgresql.ssl.NonValidatingFactory
2017-11-01 16:18:57.551  INFO 34396 --- [    Test worker] c.example.bot.spring.SQLDatabaseEngine   : Exception while deleting existing user info from database: org.postgresql.util.PSQLException: ERROR: relation "userinfo" does not exist
  Position: 13
2017-11-01 16:18:57.973  INFO 34396 --- [    Test worker] c.example.bot.spring.SQLDatabaseEngine   : Exception while inserting user info into database: org.postgresql.util.PSQLException: ERROR: relation "userinfo" does not exist
  Position: 13
2017-11-01 16:18:57.975  INFO 34396 --- [    Test worker] c.example.bot.spring.SQLDatabaseEngine   : Username: bmbayfplhrhhmo Password: a7f74df68ddd67590ba67907ffbe469abfac4ea9d42674acc3ec152f8bfd0082
2017-11-01 16:18:57.976  INFO 34396 --- [    Test worker] c.example.bot.spring.SQLDatabaseEngine   : dbUrl: jdbc:postgresql://ec2-23-23-248-162.compute-1.amazonaws.com:5432/d8kdgmt1kqm7pl?ssl=true&sslfactory=org.postgresql.ssl.NonValidatingFactory
2017-11-01 16:19:00.680  INFO 34396 --- [    Test worker] c.example.bot.spring.SQLDatabaseEngine   : Exception while deleting existing user info from database: org.postgresql.util.PSQLException: ERROR: relation "userinfo" does not exist
  Position: 13
2017-11-01 16:19:00.740  INFO 34396 --- [    Test worker] c.example.bot.spring.SQLDatabaseEngine   : Username: bmbayfplhrhhmo Password: a7f74df68ddd67590ba67907ffbe469abfac4ea9d42674acc3ec152f8bfd0082
2017-11-01 16:19:00.740  INFO 34396 --- [    Test worker] c.example.bot.spring.SQLDatabaseEngine   : dbUrl: jdbc:postgresql://ec2-23-23-248-162.compute-1.amazonaws.com:5432/d8kdgmt1kqm7pl?ssl=true&sslfactory=org.postgresql.ssl.NonValidatingFactory
2017-11-01 16:19:02.875  INFO 34396 --- [    Test worker] c.example.bot.spring.SQLDatabaseEngine   : Exception while deleting existing user info from database: org.postgresql.util.PSQLException: ERROR: relation "userinfo" does not exist
  Position: 13
2017-11-01 16:19:03.191  INFO 34396 --- [    Test worker] c.example.bot.spring.SQLDatabaseEngine   : Exception while inserting user info into database: org.postgresql.util.PSQLException: ERROR: relation "userinfo" does not exist
  Position: 13
>>>>>>> 62e2cd5f49a66c63bf9f5eda34b412637cd1dcbb
]]></system-out>
  <system-err><![CDATA[]]></system-err>
</testsuite>
