<?xml version="1.0" encoding="UTF-8"?>
<testsuite name="com.linecorp.bot.client.LineSignatureValidatorTest" tests="2" skipped="0" failures="0" errors="0" timestamp="2017-11-01T08:54:32" hostname="Lenovo-PC" time="0.088">
  <properties/>
  <testcase name="validateSignature" classname="com.linecorp.bot.client.LineSignatureValidatorTest" time="0.075"/>
  <testcase name="generateSignature" classname="com.linecorp.bot.client.LineSignatureValidatorTest" time="0.013"/>
  <system-out><![CDATA[]]></system-out>
  <system-err><![CDATA[]]></system-err>
</testsuite>
