<?xml version="1.0" encoding="UTF-8"?>
<testsuite name="com.linecorp.bot.client.LineMessagingServiceTest" tests="1" skipped="0" failures="0" errors="0" timestamp="2017-11-01T08:54:32" hostname="Lenovo-PC" time="0.012">
  <properties/>
  <testcase name="relativeRequestTest" classname="com.linecorp.bot.client.LineMessagingServiceTest" time="0.012"/>
  <system-out><![CDATA[16:54:32.875 [MockWebServer 57015] INFO okhttp3.mockwebserver.MockWebServer - MockWebServer[57015] starting to accept connections
16:54:32.880 [Test worker] INFO com.linecorp.bot.client.wire - --> GET http://localhost:57015/CanContainsRelative/v2/bot/profile/USER_TOKEN http/1.1
16:54:32.880 [Test worker] INFO com.linecorp.bot.client.wire - Authorization: Bearer SECRET
16:54:32.880 [Test worker] INFO com.linecorp.bot.client.wire - User-Agent: line-botsdk-java/null
16:54:32.880 [Test worker] INFO com.linecorp.bot.client.wire - --> END GET
16:54:32.882 [MockWebServer /127.0.0.1:57016] INFO okhttp3.mockwebserver.MockWebServer - MockWebServer[57015] received request: GET /CanContainsRelative/v2/bot/profile/USER_TOKEN HTTP/1.1 and responded: HTTP/1.1 200 OK
16:54:32.882 [Test worker] INFO com.linecorp.bot.client.wire - <-- 200 OK http://localhost:57015/CanContainsRelative/v2/bot/profile/USER_TOKEN (2ms)
16:54:32.882 [Test worker] INFO com.linecorp.bot.client.wire - Content-Length: 116
16:54:32.883 [Test worker] INFO com.linecorp.bot.client.wire - 
16:54:32.883 [Test worker] INFO com.linecorp.bot.client.wire - {"displayName":"name","userId":"userId","pictureUrl":"https://line.me/picture_url","statusMessage":"Status message"}
16:54:32.883 [Test worker] INFO com.linecorp.bot.client.wire - <-- END HTTP (116-byte body)
16:54:32.886 [MockWebServer 57015] INFO okhttp3.mockwebserver.MockWebServer - MockWebServer[57015] done accepting connections: socket closed
]]></system-out>
  <system-err><![CDATA[]]></system-err>
</testsuite>
