<?xml version="1.0" encoding="UTF-8"?>
<testsuite name="com.linecorp.bot.client.LineMessagingClientImplWiremockTest" tests="5" skipped="0" failures="0" errors="0" timestamp="2017-11-01T08:54:32" hostname="Lenovo-PC" time="0.094">
  <properties/>
  <testcase name="status500InternalServerErrorTest" classname="com.linecorp.bot.client.LineMessagingClientImplWiremockTest" time="0.052"/>
  <testcase name="status403ForbiddenTest" classname="com.linecorp.bot.client.LineMessagingClientImplWiremockTest" time="0.016"/>
  <testcase name="status401UnauthorizedTest" classname="com.linecorp.bot.client.LineMessagingClientImplWiremockTest" time="0.008"/>
  <testcase name="status400BadRequestTest" classname="com.linecorp.bot.client.LineMessagingClientImplWiremockTest" time="0.008"/>
  <testcase name="status429TooManyRequestsTest" classname="com.linecorp.bot.client.LineMessagingClientImplWiremockTest" time="0.009"/>
  <system-out><![CDATA[16:54:32.797 [OkHttp http://localhost:57005/...] INFO com.linecorp.bot.client.wire - --> GET http://localhost:57005/v2/bot/message/TOKEN/content http/1.1
16:54:32.797 [OkHttp http://localhost:57005/...] INFO com.linecorp.bot.client.wire - Authorization: Bearer token
16:54:32.797 [OkHttp http://localhost:57005/...] INFO com.linecorp.bot.client.wire - User-Agent: line-botsdk-java/null
16:54:32.797 [OkHttp http://localhost:57005/...] INFO com.linecorp.bot.client.wire - --> END GET
16:54:32.819 [OkHttp http://localhost:57005/...] INFO com.linecorp.bot.client.wire - <-- 500 Server Error http://localhost:57005/v2/bot/message/TOKEN/content (22ms)
16:54:32.819 [OkHttp http://localhost:57005/...] INFO com.linecorp.bot.client.wire - Content-Length: 55
16:54:32.819 [OkHttp http://localhost:57005/...] INFO com.linecorp.bot.client.wire - 
16:54:32.820 [OkHttp http://localhost:57005/...] INFO com.linecorp.bot.client.wire - {"message":"Error on the internal server","details":[]}
16:54:32.820 [OkHttp http://localhost:57005/...] INFO com.linecorp.bot.client.wire - <-- END HTTP (55-byte body)
16:54:32.835 [OkHttp http://localhost:57007/...] INFO com.linecorp.bot.client.wire - --> GET http://localhost:57007/v2/bot/message/TOKEN/content http/1.1
16:54:32.843 [OkHttp http://localhost:57007/...] INFO com.linecorp.bot.client.wire - Authorization: Bearer token
16:54:32.843 [OkHttp http://localhost:57007/...] INFO com.linecorp.bot.client.wire - User-Agent: line-botsdk-java/null
16:54:32.843 [OkHttp http://localhost:57007/...] INFO com.linecorp.bot.client.wire - --> END GET
16:54:32.846 [OkHttp http://localhost:57007/...] INFO com.linecorp.bot.client.wire - <-- 403 Client Error http://localhost:57007/v2/bot/message/TOKEN/content (2ms)
16:54:32.846 [OkHttp http://localhost:57007/...] INFO com.linecorp.bot.client.wire - Content-Length: 57
16:54:32.846 [OkHttp http://localhost:57007/...] INFO com.linecorp.bot.client.wire - 
16:54:32.846 [OkHttp http://localhost:57007/...] INFO com.linecorp.bot.client.wire - {"message":"Not authorized to use the API.","details":[]}
16:54:32.846 [OkHttp http://localhost:57007/...] INFO com.linecorp.bot.client.wire - <-- END HTTP (57-byte body)
16:54:32.851 [OkHttp http://localhost:57009/...] INFO com.linecorp.bot.client.wire - --> GET http://localhost:57009/v2/bot/message/TOKEN/content http/1.1
16:54:32.851 [OkHttp http://localhost:57009/...] INFO com.linecorp.bot.client.wire - Authorization: Bearer token
16:54:32.851 [OkHttp http://localhost:57009/...] INFO com.linecorp.bot.client.wire - User-Agent: line-botsdk-java/null
16:54:32.851 [OkHttp http://localhost:57009/...] INFO com.linecorp.bot.client.wire - --> END GET
16:54:32.853 [OkHttp http://localhost:57009/...] INFO com.linecorp.bot.client.wire - <-- 401 Client Error http://localhost:57009/v2/bot/message/TOKEN/content (1ms)
16:54:32.853 [OkHttp http://localhost:57009/...] INFO com.linecorp.bot.client.wire - Content-Length: 70
16:54:32.853 [OkHttp http://localhost:57009/...] INFO com.linecorp.bot.client.wire - 
16:54:32.854 [OkHttp http://localhost:57009/...] INFO com.linecorp.bot.client.wire - {"message":"Valid Channel access token is not specified","details":[]}
16:54:32.854 [OkHttp http://localhost:57009/...] INFO com.linecorp.bot.client.wire - <-- END HTTP (70-byte body)
16:54:32.859 [OkHttp http://localhost:57011/...] INFO com.linecorp.bot.client.wire - --> GET http://localhost:57011/v2/bot/message/TOKEN/content http/1.1
16:54:32.859 [OkHttp http://localhost:57011/...] INFO com.linecorp.bot.client.wire - Authorization: Bearer token
16:54:32.859 [OkHttp http://localhost:57011/...] INFO com.linecorp.bot.client.wire - User-Agent: line-botsdk-java/null
16:54:32.860 [OkHttp http://localhost:57011/...] INFO com.linecorp.bot.client.wire - --> END GET
16:54:32.861 [OkHttp http://localhost:57011/...] INFO com.linecorp.bot.client.wire - <-- 400 Client Error http://localhost:57011/v2/bot/message/TOKEN/content (1ms)
16:54:32.862 [OkHttp http://localhost:57011/...] INFO com.linecorp.bot.client.wire - Content-Length: 51
16:54:32.862 [OkHttp http://localhost:57011/...] INFO com.linecorp.bot.client.wire - 
16:54:32.862 [OkHttp http://localhost:57011/...] INFO com.linecorp.bot.client.wire - {"message":"Problem with the request","details":[]}
16:54:32.862 [OkHttp http://localhost:57011/...] INFO com.linecorp.bot.client.wire - <-- END HTTP (51-byte body)
16:54:32.867 [OkHttp http://localhost:57013/...] INFO com.linecorp.bot.client.wire - --> GET http://localhost:57013/v2/bot/message/TOKEN/content http/1.1
16:54:32.868 [OkHttp http://localhost:57013/...] INFO com.linecorp.bot.client.wire - Authorization: Bearer token
16:54:32.868 [OkHttp http://localhost:57013/...] INFO com.linecorp.bot.client.wire - User-Agent: line-botsdk-java/null
16:54:32.868 [OkHttp http://localhost:57013/...] INFO com.linecorp.bot.client.wire - --> END GET
16:54:32.870 [OkHttp http://localhost:57013/...] INFO com.linecorp.bot.client.wire - <-- 429 Client Error http://localhost:57013/v2/bot/message/TOKEN/content (2ms)
16:54:32.871 [OkHttp http://localhost:57013/...] INFO com.linecorp.bot.client.wire - Content-Length: 64
16:54:32.871 [OkHttp http://localhost:57013/...] INFO com.linecorp.bot.client.wire - 
16:54:32.871 [OkHttp http://localhost:57013/...] INFO com.linecorp.bot.client.wire - {"message":"Exceeded the rate limit for API calls","details":[]}
16:54:32.871 [OkHttp http://localhost:57013/...] INFO com.linecorp.bot.client.wire - <-- END HTTP (64-byte body)
]]></system-out>
  <system-err><![CDATA[]]></system-err>
</testsuite>
