<?xml version="1.0" encoding="UTF-8"?>
<testsuite name="com.linecorp.bot.client.HeaderInterceptorWireMockTest" tests="1" skipped="0" failures="0" errors="0" timestamp="2017-11-01T08:54:31" hostname="Lenovo-PC" time="0.853">
  <properties/>
  <testcase name="forChannelTokenSupplier" classname="com.linecorp.bot.client.HeaderInterceptorWireMockTest" time="0.853"/>
  <system-out><![CDATA[16:54:32.586 [OkHttp http://localhost:57000/...] INFO com.linecorp.bot.client.wire - --> GET http://localhost:57000/v2/bot/message/TEST/content http/1.1
16:54:32.590 [OkHttp http://localhost:57000/...] INFO com.linecorp.bot.client.wire - Authorization: Bearer 1st
16:54:32.590 [OkHttp http://localhost:57000/...] INFO com.linecorp.bot.client.wire - User-Agent: line-botsdk-java/null
16:54:32.590 [OkHttp http://localhost:57000/...] INFO com.linecorp.bot.client.wire - --> END GET
16:54:32.648 [OkHttp http://localhost:57000/...] INFO com.linecorp.bot.client.wire - --> GET http://localhost:57000/v2/bot/message/TEST/content http/1.1
16:54:32.648 [OkHttp http://localhost:57000/...] INFO com.linecorp.bot.client.wire - Authorization: Bearer 2nd
16:54:32.648 [OkHttp http://localhost:57000/...] INFO com.linecorp.bot.client.wire - User-Agent: line-botsdk-java/null
16:54:32.648 [OkHttp http://localhost:57000/...] INFO com.linecorp.bot.client.wire - --> END GET
]]></system-out>
  <system-err><![CDATA[]]></system-err>
</testsuite>
