<?xml version="1.0" encoding="UTF-8"?>
<testsuite name="com.linecorp.bot.client.FixedChannelTokenSupplierTest" tests="2" skipped="0" failures="0" errors="0" timestamp="2017-11-01T08:54:31" hostname="Lenovo-PC" time="0.02">
  <properties/>
  <testcase name="constructedInstanceAlwaysNonNullTest" classname="com.linecorp.bot.client.FixedChannelTokenSupplierTest" time="0.001"/>
  <testcase name="getTest" classname="com.linecorp.bot.client.FixedChannelTokenSupplierTest" time="0.019"/>
  <system-out><![CDATA[]]></system-out>
  <system-err><![CDATA[]]></system-err>
</testsuite>
