<?xml version="1.0" encoding="UTF-8"?>
<testsuite name="com.linecorp.bot.spring.boot.BotPropertiesValidatorTest" tests="4" skipped="0" failures="0" errors="0" timestamp="2017-11-01T08:54:57" hostname="Lenovo-PC" time="0.52">
  <properties/>
  <testcase name="ngForSupplierTest" classname="com.linecorp.bot.spring.boot.BotPropertiesValidatorTest" time="0.482"/>
  <testcase name="okForFixedTest" classname="com.linecorp.bot.spring.boot.BotPropertiesValidatorTest" time="0.007"/>
  <testcase name="ngForFixedTest" classname="com.linecorp.bot.spring.boot.BotPropertiesValidatorTest" time="0.013"/>
  <testcase name="okForSupplierTest" classname="com.linecorp.bot.spring.boot.BotPropertiesValidatorTest" time="0.017"/>
  <system-out><![CDATA[16:54:57.170 [Test worker] DEBUG org.jboss.logging - Logging Provider: org.jboss.logging.Slf4jLoggerProvider
16:54:57.178 [Test worker] INFO org.hibernate.validator.internal.util.Version - HV000001: Hibernate Validator 5.3.4.Final
16:54:57.266 [Test worker] DEBUG org.hibernate.validator.internal.engine.resolver.DefaultTraversableResolver - Cannot find javax.persistence.Persistence on classpath. Assuming non JPA 2 environment. All properties will per default be traversable.
16:54:57.273 [Test worker] DEBUG org.hibernate.validator.internal.xml.ValidationXmlParser - Trying to load META-INF/validation.xml for XML based Validator configuration.
16:54:57.276 [Test worker] DEBUG org.hibernate.validator.internal.xml.ResourceLoaderHelper - Trying to load META-INF/validation.xml via TCCL
16:54:57.277 [Test worker] DEBUG org.hibernate.validator.internal.xml.ResourceLoaderHelper - Trying to load META-INF/validation.xml via Hibernate Validator's class loader
16:54:57.278 [Test worker] DEBUG org.hibernate.validator.internal.xml.ValidationXmlParser - No META-INF/validation.xml found. Using annotation based configuration only.
16:54:57.781 [Test worker] DEBUG org.hibernate.validator.resourceloading.PlatformResourceBundleLocator - ValidationMessages not found.
16:54:57.784 [Test worker] DEBUG org.hibernate.validator.resourceloading.PlatformResourceBundleLocator - ContributorValidationMessages not found.
16:54:57.789 [Test worker] DEBUG org.hibernate.validator.resourceloading.PlatformResourceBundleLocator - org.hibernate.validator.ValidationMessages found.
16:54:57.799 [Test worker] DEBUG org.hibernate.validator.resourceloading.PlatformResourceBundleLocator - ValidationMessages not found.
16:54:57.800 [Test worker] DEBUG org.hibernate.validator.resourceloading.PlatformResourceBundleLocator - ContributorValidationMessages not found.
16:54:57.800 [Test worker] DEBUG org.hibernate.validator.resourceloading.PlatformResourceBundleLocator - org.hibernate.validator.ValidationMessages found.
16:54:57.946 [Test worker] DEBUG org.hibernate.validator.resourceloading.PlatformResourceBundleLocator - ValidationMessages not found.
16:54:57.946 [Test worker] DEBUG org.hibernate.validator.resourceloading.PlatformResourceBundleLocator - ContributorValidationMessages not found.
16:54:57.947 [Test worker] DEBUG org.hibernate.validator.resourceloading.PlatformResourceBundleLocator - org.hibernate.validator.ValidationMessages found.
]]></system-out>
  <system-err><![CDATA[]]></system-err>
</testsuite>
