<?xml version="1.0" encoding="UTF-8"?>
<<<<<<< HEAD
<testsuite name="com.linecorp.bot.spring.boot.IntegrationTest" tests="1" skipped="0" failures="0" errors="0" timestamp="2017-10-30T13:47:02" hostname="Lenovo-PC" time="0.231">
  <properties/>
  <testcase name="missingSignatureTest" classname="com.linecorp.bot.spring.boot.IntegrationTest" time="0.231"/>
  <system-out><![CDATA[21:46:54.510 [Test worker] DEBUG org.springframework.test.context.junit4.SpringJUnit4ClassRunner - SpringJUnit4ClassRunner constructor called with [class com.linecorp.bot.spring.boot.IntegrationTest]
21:46:54.518 [Test worker] DEBUG org.springframework.test.context.BootstrapUtils - Instantiating CacheAwareContextLoaderDelegate from class [org.springframework.test.context.cache.DefaultCacheAwareContextLoaderDelegate]
21:46:54.563 [Test worker] DEBUG org.springframework.test.context.BootstrapUtils - Instantiating BootstrapContext using constructor [public org.springframework.test.context.support.DefaultBootstrapContext(java.lang.Class,org.springframework.test.context.CacheAwareContextLoaderDelegate)]
21:46:54.618 [Test worker] DEBUG org.springframework.test.context.BootstrapUtils - Instantiating TestContextBootstrapper for test class [com.linecorp.bot.spring.boot.IntegrationTest] from class [org.springframework.boot.test.context.SpringBootTestContextBootstrapper]
21:46:54.631 [Test worker] INFO org.springframework.boot.test.context.SpringBootTestContextBootstrapper - Neither @ContextConfiguration nor @ContextHierarchy found for test class [com.linecorp.bot.spring.boot.IntegrationTest], using SpringBootContextLoader
21:46:54.636 [Test worker] DEBUG org.springframework.test.context.support.AbstractContextLoader - Did not detect default resource location for test class [com.linecorp.bot.spring.boot.IntegrationTest]: class path resource [com/linecorp/bot/spring/boot/IntegrationTest-context.xml] does not exist
21:46:54.637 [Test worker] DEBUG org.springframework.test.context.support.AbstractContextLoader - Did not detect default resource location for test class [com.linecorp.bot.spring.boot.IntegrationTest]: class path resource [com/linecorp/bot/spring/boot/IntegrationTestContext.groovy] does not exist
21:46:54.637 [Test worker] INFO org.springframework.test.context.support.AbstractContextLoader - Could not detect default resource locations for test class [com.linecorp.bot.spring.boot.IntegrationTest]: no resource found for suffixes {-context.xml, Context.groovy}.
21:46:54.717 [Test worker] DEBUG org.springframework.test.context.support.ActiveProfilesUtils - Could not find an 'annotation declaring class' for annotation type [org.springframework.test.context.ActiveProfiles] and class [com.linecorp.bot.spring.boot.IntegrationTest]
21:46:54.724 [Test worker] DEBUG org.springframework.boot.test.context.SpringBootTestContextBootstrapper - @TestExecutionListeners is not present for class [com.linecorp.bot.spring.boot.IntegrationTest]: using defaults.
21:46:54.728 [Test worker] INFO org.springframework.boot.test.context.SpringBootTestContextBootstrapper - Loaded default TestExecutionListener class names from location [META-INF/spring.factories]: [org.springframework.boot.test.mock.mockito.MockitoTestExecutionListener, org.springframework.boot.test.mock.mockito.ResetMocksTestExecutionListener, org.springframework.boot.test.autoconfigure.restdocs.RestDocsTestExecutionListener, org.springframework.boot.test.autoconfigure.web.client.MockRestServiceServerResetTestExecutionListener, org.springframework.boot.test.autoconfigure.web.servlet.MockMvcPrintOnlyOnFailureTestExecutionListener, org.springframework.boot.test.autoconfigure.web.servlet.WebDriverTestExecutionListener, org.springframework.test.context.web.ServletTestExecutionListener, org.springframework.test.context.support.DirtiesContextBeforeModesTestExecutionListener, org.springframework.test.context.support.DependencyInjectionTestExecutionListener, org.springframework.test.context.support.DirtiesContextTestExecutionListener, org.springframework.test.context.transaction.TransactionalTestExecutionListener, org.springframework.test.context.jdbc.SqlScriptsTestExecutionListener]
21:46:54.747 [Test worker] INFO org.springframework.boot.test.context.SpringBootTestContextBootstrapper - Could not instantiate TestExecutionListener [org.springframework.test.context.jdbc.SqlScriptsTestExecutionListener]. Specify custom listener classes or make the default listener classes (and their required dependencies) available. Offending class: [org/springframework/transaction/interceptor/TransactionAttribute]
21:46:54.750 [Test worker] INFO org.springframework.boot.test.context.SpringBootTestContextBootstrapper - Could not instantiate TestExecutionListener [org.springframework.test.context.transaction.TransactionalTestExecutionListener]. Specify custom listener classes or make the default listener classes (and their required dependencies) available. Offending class: [org/springframework/transaction/interceptor/TransactionAttributeSource]
21:46:54.750 [Test worker] INFO org.springframework.boot.test.context.SpringBootTestContextBootstrapper - Using TestExecutionListeners: [org.springframework.test.context.web.ServletTestExecutionListener@63a57d35, org.springframework.test.context.support.DirtiesContextBeforeModesTestExecutionListener@6ff9fc6d, org.springframework.boot.test.autoconfigure.SpringBootDependencyInjectionTestExecutionListener@4468391, org.springframework.test.context.support.DirtiesContextTestExecutionListener@4adbc7e6, org.springframework.boot.test.mock.mockito.MockitoTestExecutionListener@25f575d, org.springframework.boot.test.autoconfigure.web.servlet.WebDriverTestExecutionListener@22e5c9ef, org.springframework.boot.test.mock.mockito.ResetMocksTestExecutionListener@128f9c29, org.springframework.boot.test.autoconfigure.restdocs.RestDocsTestExecutionListener@6ff8d69, org.springframework.boot.test.autoconfigure.web.client.MockRestServiceServerResetTestExecutionListener@7e62c754, org.springframework.boot.test.autoconfigure.web.servlet.MockMvcPrintOnlyOnFailureTestExecutionListener@72c4c3c6]
21:46:54.753 [Test worker] DEBUG org.springframework.test.annotation.ProfileValueUtils - Retrieved @ProfileValueSourceConfiguration [null] for test class [com.linecorp.bot.spring.boot.IntegrationTest]
21:46:54.754 [Test worker] DEBUG org.springframework.test.annotation.ProfileValueUtils - Retrieved ProfileValueSource type [class org.springframework.test.annotation.SystemProfileValueSource] for class [com.linecorp.bot.spring.boot.IntegrationTest]
21:46:54.754 [Test worker] DEBUG org.springframework.test.annotation.ProfileValueUtils - Retrieved @ProfileValueSourceConfiguration [null] for test class [com.linecorp.bot.spring.boot.IntegrationTest]
21:46:54.755 [Test worker] DEBUG org.springframework.test.annotation.ProfileValueUtils - Retrieved ProfileValueSource type [class org.springframework.test.annotation.SystemProfileValueSource] for class [com.linecorp.bot.spring.boot.IntegrationTest]
21:46:54.762 [Test worker] DEBUG org.springframework.test.context.support.AbstractDirtiesContextTestExecutionListener - Before test class: context [DefaultTestContext@25296ef0 testClass = IntegrationTest, testInstance = [null], testMethod = [null], testException = [null], mergedContextConfiguration = [WebMergedContextConfiguration@5e4ac901 testClass = IntegrationTest, locations = '{}', classes = '{class com.linecorp.bot.spring.boot.IntegrationTest, class com.linecorp.bot.spring.boot.IntegrationTest$MyController, class com.linecorp.bot.spring.boot.IntegrationTest, class com.linecorp.bot.spring.boot.IntegrationTest$MyController}', contextInitializerClasses = '[]', activeProfiles = '{}', propertySourceLocations = '{}', propertySourceProperties = '{line.bot.handler.enabled=false, org.springframework.boot.test.context.SpringBootTestContextBootstrapper=true}', contextCustomizers = set[[ImportsContextCustomizer@1c7fc29c key = [@org.springframework.boot.SpringBootConfiguration(), @org.springframework.boot.autoconfigure.AutoConfigurationPackage(), @org.springframework.context.annotation.Import(value=[class org.springframework.boot.autoconfigure.EnableAutoConfigurationImportSelector]), @org.springframework.boot.autoconfigure.EnableAutoConfiguration(excludeName=[], exclude=[]), @org.springframework.context.annotation.ComponentScan(scopeResolver=class org.springframework.context.annotation.AnnotationScopeMetadataResolver, lazyInit=false, resourcePattern=**/*.class, useDefaultFilters=true, excludeFilters=[@org.springframework.context.annotation.ComponentScan$Filter(pattern=[], type=CUSTOM, value=[], classes=[class org.springframework.boot.context.TypeExcludeFilter]), @org.springframework.context.annotation.ComponentScan$Filter(pattern=[], type=CUSTOM, value=[], classes=[class org.springframework.boot.autoconfigure.AutoConfigurationExcludeFilter])], scopedProxy=DEFAULT, basePackageClasses=[], nameGenerator=interface org.springframework.beans.factory.support.BeanNameGenerator, basePackages=[], value=[], includeFilters=[]), @org.springframework.test.context.BootstrapWith(value=class org.springframework.boot.test.context.SpringBootTestContextBootstrapper), @org.springframework.context.annotation.Import(value=[class org.springframework.boot.autoconfigure.AutoConfigurationPackages$Registrar]), @org.springframework.context.annotation.Configuration(value=), @org.springframework.stereotype.Component(value=), @org.springframework.boot.test.context.SpringBootTest(webEnvironment=MOCK, value=[], properties=[line.bot.handler.enabled=false], classes=[class com.linecorp.bot.spring.boot.IntegrationTest, class com.linecorp.bot.spring.boot.IntegrationTest$MyController]), @org.springframework.boot.autoconfigure.SpringBootApplication(scanBasePackageClasses=[], excludeName=[], exclude=[], scanBasePackages=[]), @org.springframework.test.context.web.WebAppConfiguration(value=src/main/webapp), @org.junit.runner.RunWith(value=class org.springframework.test.context.junit4.SpringRunner)]], org.springframework.boot.test.context.SpringBootTestContextCustomizer@60b0997f, org.springframework.boot.test.context.filter.ExcludeFilterContextCustomizer@1d65af90, org.springframework.boot.test.mock.mockito.MockitoContextCustomizer@0, org.springframework.boot.test.autoconfigure.properties.PropertyMappingContextCustomizer@0, org.springframework.boot.test.autoconfigure.web.servlet.WebDriverContextCustomizerFactory$Customizer@5c43bf88, org.springframework.test.context.web.socket.MockServerContainerContextCustomizer@4271350], resourceBasePath = 'src/main/webapp', contextLoader = 'org.springframework.boot.test.context.SpringBootContextLoader', parent = [null]]], class annotated with @DirtiesContext [false] with mode [null].
21:46:55.283 [Test worker] DEBUG org.springframework.test.annotation.ProfileValueUtils - Retrieved @ProfileValueSourceConfiguration [null] for test class [com.linecorp.bot.spring.boot.IntegrationTest]
21:46:55.284 [Test worker] DEBUG org.springframework.test.annotation.ProfileValueUtils - Retrieved ProfileValueSource type [class org.springframework.test.annotation.SystemProfileValueSource] for class [com.linecorp.bot.spring.boot.IntegrationTest]
21:46:55.464 [Test worker] DEBUG org.springframework.core.env.StandardEnvironment - Adding [systemProperties] PropertySource with lowest search precedence
21:46:55.464 [Test worker] DEBUG org.springframework.core.env.StandardEnvironment - Adding [systemEnvironment] PropertySource with lowest search precedence
21:46:55.465 [Test worker] DEBUG org.springframework.core.env.StandardEnvironment - Initialized StandardEnvironment with PropertySources [systemProperties,systemEnvironment]
21:46:55.468 [Test worker] DEBUG org.springframework.core.env.MutablePropertySources - Adding [inline] PropertySource with highest search precedence
21:46:55.478 [Test worker] DEBUG org.springframework.test.context.support.TestPropertySourceUtils - Adding inlined properties to environment: {spring.jmx.enabled=false, line.bot.handler.enabled=false, org.springframework.boot.test.context.SpringBootTestContextBootstrapper=true, server.port=-1}
21:46:55.479 [Test worker] DEBUG org.springframework.core.env.StandardEnvironment - Adding [Inlined Test Properties] PropertySource with highest search precedence
=======
<testsuite name="com.linecorp.bot.spring.boot.IntegrationTest" tests="1" skipped="0" failures="0" errors="0" timestamp="2017-10-31T06:12:15" hostname="Ignaviers-MacBook-Pro.local" time="0.149">
  <properties/>
  <testcase name="missingSignatureTest" classname="com.linecorp.bot.spring.boot.IntegrationTest" time="0.149"/>
  <system-out><![CDATA[14:12:11.180 [Test worker] DEBUG org.springframework.test.context.junit4.SpringJUnit4ClassRunner - SpringJUnit4ClassRunner constructor called with [class com.linecorp.bot.spring.boot.IntegrationTest]
14:12:11.185 [Test worker] DEBUG org.springframework.test.context.BootstrapUtils - Instantiating CacheAwareContextLoaderDelegate from class [org.springframework.test.context.cache.DefaultCacheAwareContextLoaderDelegate]
14:12:11.194 [Test worker] DEBUG org.springframework.test.context.BootstrapUtils - Instantiating BootstrapContext using constructor [public org.springframework.test.context.support.DefaultBootstrapContext(java.lang.Class,org.springframework.test.context.CacheAwareContextLoaderDelegate)]
14:12:11.221 [Test worker] DEBUG org.springframework.test.context.BootstrapUtils - Instantiating TestContextBootstrapper for test class [com.linecorp.bot.spring.boot.IntegrationTest] from class [org.springframework.boot.test.context.SpringBootTestContextBootstrapper]
14:12:11.233 [Test worker] INFO org.springframework.boot.test.context.SpringBootTestContextBootstrapper - Neither @ContextConfiguration nor @ContextHierarchy found for test class [com.linecorp.bot.spring.boot.IntegrationTest], using SpringBootContextLoader
14:12:11.237 [Test worker] DEBUG org.springframework.test.context.support.AbstractContextLoader - Did not detect default resource location for test class [com.linecorp.bot.spring.boot.IntegrationTest]: class path resource [com/linecorp/bot/spring/boot/IntegrationTest-context.xml] does not exist
14:12:11.237 [Test worker] DEBUG org.springframework.test.context.support.AbstractContextLoader - Did not detect default resource location for test class [com.linecorp.bot.spring.boot.IntegrationTest]: class path resource [com/linecorp/bot/spring/boot/IntegrationTestContext.groovy] does not exist
14:12:11.238 [Test worker] INFO org.springframework.test.context.support.AbstractContextLoader - Could not detect default resource locations for test class [com.linecorp.bot.spring.boot.IntegrationTest]: no resource found for suffixes {-context.xml, Context.groovy}.
14:12:11.295 [Test worker] DEBUG org.springframework.test.context.support.ActiveProfilesUtils - Could not find an 'annotation declaring class' for annotation type [org.springframework.test.context.ActiveProfiles] and class [com.linecorp.bot.spring.boot.IntegrationTest]
14:12:11.299 [Test worker] DEBUG org.springframework.boot.test.context.SpringBootTestContextBootstrapper - @TestExecutionListeners is not present for class [com.linecorp.bot.spring.boot.IntegrationTest]: using defaults.
14:12:11.302 [Test worker] INFO org.springframework.boot.test.context.SpringBootTestContextBootstrapper - Loaded default TestExecutionListener class names from location [META-INF/spring.factories]: [org.springframework.boot.test.mock.mockito.MockitoTestExecutionListener, org.springframework.boot.test.mock.mockito.ResetMocksTestExecutionListener, org.springframework.boot.test.autoconfigure.restdocs.RestDocsTestExecutionListener, org.springframework.boot.test.autoconfigure.web.client.MockRestServiceServerResetTestExecutionListener, org.springframework.boot.test.autoconfigure.web.servlet.MockMvcPrintOnlyOnFailureTestExecutionListener, org.springframework.boot.test.autoconfigure.web.servlet.WebDriverTestExecutionListener, org.springframework.test.context.web.ServletTestExecutionListener, org.springframework.test.context.support.DirtiesContextBeforeModesTestExecutionListener, org.springframework.test.context.support.DependencyInjectionTestExecutionListener, org.springframework.test.context.support.DirtiesContextTestExecutionListener, org.springframework.test.context.transaction.TransactionalTestExecutionListener, org.springframework.test.context.jdbc.SqlScriptsTestExecutionListener]
14:12:11.319 [Test worker] INFO org.springframework.boot.test.context.SpringBootTestContextBootstrapper - Could not instantiate TestExecutionListener [org.springframework.test.context.transaction.TransactionalTestExecutionListener]. Specify custom listener classes or make the default listener classes (and their required dependencies) available. Offending class: [org/springframework/transaction/interceptor/TransactionAttributeSource]
14:12:11.320 [Test worker] INFO org.springframework.boot.test.context.SpringBootTestContextBootstrapper - Could not instantiate TestExecutionListener [org.springframework.test.context.jdbc.SqlScriptsTestExecutionListener]. Specify custom listener classes or make the default listener classes (and their required dependencies) available. Offending class: [org/springframework/transaction/interceptor/TransactionAttribute]
14:12:11.321 [Test worker] INFO org.springframework.boot.test.context.SpringBootTestContextBootstrapper - Using TestExecutionListeners: [org.springframework.test.context.web.ServletTestExecutionListener@e85cc25, org.springframework.test.context.support.DirtiesContextBeforeModesTestExecutionListener@434a19c4, org.springframework.boot.test.autoconfigure.SpringBootDependencyInjectionTestExecutionListener@fd3956, org.springframework.test.context.support.DirtiesContextTestExecutionListener@343b0331, org.springframework.boot.test.autoconfigure.web.servlet.MockMvcPrintOnlyOnFailureTestExecutionListener@14ff0577, org.springframework.boot.test.mock.mockito.ResetMocksTestExecutionListener@768ba15, org.springframework.boot.test.autoconfigure.restdocs.RestDocsTestExecutionListener@6eb60427, org.springframework.boot.test.mock.mockito.MockitoTestExecutionListener@278b04b, org.springframework.boot.test.autoconfigure.web.client.MockRestServiceServerResetTestExecutionListener@6e40d9ce, org.springframework.boot.test.autoconfigure.web.servlet.WebDriverTestExecutionListener@2cba6e01]
14:12:11.326 [Test worker] DEBUG org.springframework.test.annotation.ProfileValueUtils - Retrieved @ProfileValueSourceConfiguration [null] for test class [com.linecorp.bot.spring.boot.IntegrationTest]
14:12:11.327 [Test worker] DEBUG org.springframework.test.annotation.ProfileValueUtils - Retrieved ProfileValueSource type [class org.springframework.test.annotation.SystemProfileValueSource] for class [com.linecorp.bot.spring.boot.IntegrationTest]
14:12:11.327 [Test worker] DEBUG org.springframework.test.annotation.ProfileValueUtils - Retrieved @ProfileValueSourceConfiguration [null] for test class [com.linecorp.bot.spring.boot.IntegrationTest]
14:12:11.327 [Test worker] DEBUG org.springframework.test.annotation.ProfileValueUtils - Retrieved ProfileValueSource type [class org.springframework.test.annotation.SystemProfileValueSource] for class [com.linecorp.bot.spring.boot.IntegrationTest]
14:12:11.332 [Test worker] DEBUG org.springframework.test.context.support.AbstractDirtiesContextTestExecutionListener - Before test class: context [DefaultTestContext@3f9f4833 testClass = IntegrationTest, testInstance = [null], testMethod = [null], testException = [null], mergedContextConfiguration = [WebMergedContextConfiguration@908db87 testClass = IntegrationTest, locations = '{}', classes = '{class com.linecorp.bot.spring.boot.IntegrationTest, class com.linecorp.bot.spring.boot.IntegrationTest$MyController, class com.linecorp.bot.spring.boot.IntegrationTest, class com.linecorp.bot.spring.boot.IntegrationTest$MyController}', contextInitializerClasses = '[]', activeProfiles = '{}', propertySourceLocations = '{}', propertySourceProperties = '{line.bot.handler.enabled=false, org.springframework.boot.test.context.SpringBootTestContextBootstrapper=true}', contextCustomizers = set[[ImportsContextCustomizer@4c65aca5 key = [@org.springframework.boot.SpringBootConfiguration(), @org.springframework.boot.autoconfigure.AutoConfigurationPackage(), @org.springframework.context.annotation.ComponentScan(scopeResolver=class org.springframework.context.annotation.AnnotationScopeMetadataResolver, lazyInit=false, resourcePattern=**/*.class, excludeFilters=[@org.springframework.context.annotation.ComponentScan$Filter(pattern=[], type=CUSTOM, value=[], classes=[class org.springframework.boot.context.TypeExcludeFilter]), @org.springframework.context.annotation.ComponentScan$Filter(pattern=[], type=CUSTOM, value=[], classes=[class org.springframework.boot.autoconfigure.AutoConfigurationExcludeFilter])], useDefaultFilters=true, scopedProxy=DEFAULT, basePackageClasses=[], nameGenerator=interface org.springframework.beans.factory.support.BeanNameGenerator, basePackages=[], value=[], includeFilters=[]), @org.springframework.boot.autoconfigure.EnableAutoConfiguration(exclude=[], excludeName=[]), @org.springframework.boot.test.context.SpringBootTest(webEnvironment=MOCK, value=[], properties=[line.bot.handler.enabled=false], classes=[class com.linecorp.bot.spring.boot.IntegrationTest, class com.linecorp.bot.spring.boot.IntegrationTest$MyController]), @org.junit.runner.RunWith(value=class org.springframework.test.context.junit4.SpringRunner), @org.springframework.context.annotation.Import(value=[class org.springframework.boot.autoconfigure.AutoConfigurationPackages$Registrar]), @org.springframework.context.annotation.Configuration(value=), @org.springframework.stereotype.Component(value=), @org.springframework.test.context.BootstrapWith(value=class org.springframework.boot.test.context.SpringBootTestContextBootstrapper), @org.springframework.boot.autoconfigure.SpringBootApplication(scanBasePackageClasses=[], exclude=[], excludeName=[], scanBasePackages=[]), @org.springframework.context.annotation.Import(value=[class org.springframework.boot.autoconfigure.EnableAutoConfigurationImportSelector]), @org.springframework.test.context.web.WebAppConfiguration(value=src/main/webapp)]], org.springframework.boot.test.context.SpringBootTestContextCustomizer@3cb84236, org.springframework.boot.test.context.filter.ExcludeFilterContextCustomizer@4e7894d0, org.springframework.boot.test.mock.mockito.MockitoContextCustomizer@0, org.springframework.boot.test.autoconfigure.properties.PropertyMappingContextCustomizer@0, org.springframework.boot.test.autoconfigure.web.servlet.WebDriverContextCustomizerFactory$Customizer@20e67494, org.springframework.test.context.web.socket.MockServerContainerContextCustomizer@3892ac41], resourceBasePath = 'src/main/webapp', contextLoader = 'org.springframework.boot.test.context.SpringBootContextLoader', parent = [null]]], class annotated with @DirtiesContext [false] with mode [null].
14:12:11.594 [Test worker] DEBUG org.springframework.test.annotation.ProfileValueUtils - Retrieved @ProfileValueSourceConfiguration [null] for test class [com.linecorp.bot.spring.boot.IntegrationTest]
14:12:11.594 [Test worker] DEBUG org.springframework.test.annotation.ProfileValueUtils - Retrieved ProfileValueSource type [class org.springframework.test.annotation.SystemProfileValueSource] for class [com.linecorp.bot.spring.boot.IntegrationTest]
14:12:11.674 [Test worker] DEBUG org.springframework.core.env.StandardEnvironment - Adding [systemProperties] PropertySource with lowest search precedence
14:12:11.674 [Test worker] DEBUG org.springframework.core.env.StandardEnvironment - Adding [systemEnvironment] PropertySource with lowest search precedence
14:12:11.674 [Test worker] DEBUG org.springframework.core.env.StandardEnvironment - Initialized StandardEnvironment with PropertySources [systemProperties,systemEnvironment]
14:12:11.676 [Test worker] DEBUG org.springframework.core.env.MutablePropertySources - Adding [inline] PropertySource with highest search precedence
14:12:11.683 [Test worker] DEBUG org.springframework.test.context.support.TestPropertySourceUtils - Adding inlined properties to environment: {spring.jmx.enabled=false, line.bot.handler.enabled=false, org.springframework.boot.test.context.SpringBootTestContextBootstrapper=true, server.port=-1}
14:12:11.684 [Test worker] DEBUG org.springframework.core.env.StandardEnvironment - Adding [Inlined Test Properties] PropertySource with highest search precedence
>>>>>>> master

  .   ____          _            __ _ _
 /\\ / ___'_ __ _ _(_)_ __  __ _ \ \ \ \
( ( )\___ | '_ | '_| | '_ \/ _` | \ \ \ \
 \\/  ___)| |_)| | | | | || (_| |  ) ) ) )
  '  |____| .__|_| |_|_| |_\__, | / / / /
 =========|_|==============|___/=/_/_/_/
 :: Spring Boot ::        (v1.5.2.RELEASE)

<<<<<<< HEAD
2017-10-30 21:46:56.698  INFO 12572 --- [    Test worker] c.l.bot.spring.boot.IntegrationTest      : Starting IntegrationTest on Lenovo-PC with PID 12572 (started by user in C:\Users\user\coding_workspace\comp3111_chatbot\dietbot\hkust_cs3111h\line-bot-spring-boot)
2017-10-30 21:46:56.699  INFO 12572 --- [    Test worker] c.l.bot.spring.boot.IntegrationTest      : No active profile set, falling back to default profiles: default
2017-10-30 21:46:56.883  INFO 12572 --- [    Test worker] o.s.w.c.s.GenericWebApplicationContext   : Refreshing org.springframework.web.context.support.GenericWebApplicationContext@539c076e: startup date [Mon Oct 30 21:46:56 SGT 2017]; root of context hierarchy
2017-10-30 21:46:59.426  INFO 12572 --- [    Test worker] o.s.b.f.s.DefaultListableBeanFactory     : Overriding bean definition for bean 'lineBotServerArgumentProcessor' with a different definition: replacing [Generic bean: class [com.linecorp.bot.spring.boot.support.LineBotServerArgumentProcessor]; scope=singleton; abstract=false; lazyInit=false; autowireMode=0; dependencyCheck=0; autowireCandidate=true; primary=false; factoryBeanName=null; factoryMethodName=null; initMethodName=null; destroyMethodName=null; defined in file [C:\Users\user\coding_workspace\comp3111_chatbot\dietbot\hkust_cs3111h\line-bot-spring-boot\build\classes\main\com\linecorp\bot\spring\boot\support\LineBotServerArgumentProcessor.class]] with [Root bean: class [null]; scope=; abstract=false; lazyInit=false; autowireMode=3; dependencyCheck=0; autowireCandidate=true; primary=false; factoryBeanName=com.linecorp.bot.spring.boot.LineBotAutoConfiguration; factoryMethodName=lineBotServerArgumentProcessor; initMethodName=null; destroyMethodName=(inferred); defined in class path resource [com/linecorp/bot/spring/boot/LineBotAutoConfiguration.class]]
2017-10-30 21:46:59.427  INFO 12572 --- [    Test worker] o.s.b.f.s.DefaultListableBeanFactory     : Overriding bean definition for bean 'lineBotServerInterceptor' with a different definition: replacing [Generic bean: class [com.linecorp.bot.spring.boot.interceptor.LineBotServerInterceptor]; scope=singleton; abstract=false; lazyInit=false; autowireMode=0; dependencyCheck=0; autowireCandidate=true; primary=false; factoryBeanName=null; factoryMethodName=null; initMethodName=null; destroyMethodName=null; defined in file [C:\Users\user\coding_workspace\comp3111_chatbot\dietbot\hkust_cs3111h\line-bot-spring-boot\build\classes\main\com\linecorp\bot\spring\boot\interceptor\LineBotServerInterceptor.class]] with [Root bean: class [null]; scope=; abstract=false; lazyInit=false; autowireMode=3; dependencyCheck=0; autowireCandidate=true; primary=false; factoryBeanName=com.linecorp.bot.spring.boot.LineBotAutoConfiguration; factoryMethodName=lineBotServerInterceptor; initMethodName=null; destroyMethodName=(inferred); defined in class path resource [com/linecorp/bot/spring/boot/LineBotAutoConfiguration.class]]
2017-10-30 21:47:01.344  INFO 12572 --- [    Test worker] s.w.s.m.m.a.RequestMappingHandlerAdapter : Looking for @ControllerAdvice: org.springframework.web.context.support.GenericWebApplicationContext@539c076e: startup date [Mon Oct 30 21:46:56 SGT 2017]; root of context hierarchy
2017-10-30 21:47:01.519  INFO 12572 --- [    Test worker] s.w.s.m.m.a.RequestMappingHandlerMapping : Mapped "{[/callback],methods=[POST]}" onto public void com.linecorp.bot.spring.boot.IntegrationTest$MyController.callback(java.util.List<com.linecorp.bot.model.event.Event>) throws java.lang.Exception
2017-10-30 21:47:01.522  INFO 12572 --- [    Test worker] s.w.s.m.m.a.RequestMappingHandlerMapping : Mapped "{[/error]}" onto public org.springframework.http.ResponseEntity<java.util.Map<java.lang.String, java.lang.Object>> org.springframework.boot.autoconfigure.web.BasicErrorController.error(javax.servlet.http.HttpServletRequest)
2017-10-30 21:47:01.522  INFO 12572 --- [    Test worker] s.w.s.m.m.a.RequestMappingHandlerMapping : Mapped "{[/error],produces=[text/html]}" onto public org.springframework.web.servlet.ModelAndView org.springframework.boot.autoconfigure.web.BasicErrorController.errorHtml(javax.servlet.http.HttpServletRequest,javax.servlet.http.HttpServletResponse)
2017-10-30 21:47:01.582  INFO 12572 --- [    Test worker] o.s.w.s.handler.SimpleUrlHandlerMapping  : Mapped URL path [/webjars/**] onto handler of type [class org.springframework.web.servlet.resource.ResourceHttpRequestHandler]
2017-10-30 21:47:01.582  INFO 12572 --- [    Test worker] o.s.w.s.handler.SimpleUrlHandlerMapping  : Mapped URL path [/**] onto handler of type [class org.springframework.web.servlet.resource.ResourceHttpRequestHandler]
2017-10-30 21:47:01.696  INFO 12572 --- [    Test worker] o.s.w.s.handler.SimpleUrlHandlerMapping  : Mapped URL path [/**/favicon.ico] onto handler of type [class org.springframework.web.servlet.resource.ResourceHttpRequestHandler]
2017-10-30 21:47:02.158  INFO 12572 --- [    Test worker] c.l.bot.spring.boot.IntegrationTest      : Started IntegrationTest in 6.631 seconds (JVM running for 9.568)
2017-10-30 21:47:02.285  INFO 12572 --- [    Test worker] o.s.b.t.m.w.SpringBootMockServletContext : Initializing Spring FrameworkServlet ''
2017-10-30 21:47:02.286  INFO 12572 --- [    Test worker] o.s.t.web.servlet.TestDispatcherServlet  : FrameworkServlet '': initialization started
2017-10-30 21:47:02.313  INFO 12572 --- [    Test worker] o.s.t.web.servlet.TestDispatcherServlet  : FrameworkServlet '': initialization completed in 26 ms
2017-10-30 21:47:02.387  INFO 12572 --- [    Test worker] c.l.b.s.b.i.LineBotServerInterceptor     : LINE Bot callback exception: Missing 'X-Line-Signature' header
=======
2017-10-31 14:12:12.254  INFO 15402 --- [    Test worker] c.l.bot.spring.boot.IntegrationTest      : Starting IntegrationTest on Ignaviers-MacBook-Pro.local with PID 15402 (started by Ignavier in /Users/Ignavier/workspace/java/eclipse-sts/hkust_cs3111h/line-bot-spring-boot)
2017-10-31 14:12:12.255  INFO 15402 --- [    Test worker] c.l.bot.spring.boot.IntegrationTest      : No active profile set, falling back to default profiles: default
2017-10-31 14:12:12.291  INFO 15402 --- [    Test worker] o.s.w.c.s.GenericWebApplicationContext   : Refreshing org.springframework.web.context.support.GenericWebApplicationContext@61367dfa: startup date [Tue Oct 31 14:12:12 MYT 2017]; root of context hierarchy
2017-10-31 14:12:13.230  INFO 15402 --- [    Test worker] o.s.b.f.s.DefaultListableBeanFactory     : Overriding bean definition for bean 'lineBotServerArgumentProcessor' with a different definition: replacing [Generic bean: class [com.linecorp.bot.spring.boot.support.LineBotServerArgumentProcessor]; scope=singleton; abstract=false; lazyInit=false; autowireMode=0; dependencyCheck=0; autowireCandidate=true; primary=false; factoryBeanName=null; factoryMethodName=null; initMethodName=null; destroyMethodName=null; defined in file [/Users/Ignavier/workspace/java/eclipse-sts/hkust_cs3111h/line-bot-spring-boot/build/classes/main/com/linecorp/bot/spring/boot/support/LineBotServerArgumentProcessor.class]] with [Root bean: class [null]; scope=; abstract=false; lazyInit=false; autowireMode=3; dependencyCheck=0; autowireCandidate=true; primary=false; factoryBeanName=com.linecorp.bot.spring.boot.LineBotAutoConfiguration; factoryMethodName=lineBotServerArgumentProcessor; initMethodName=null; destroyMethodName=(inferred); defined in class path resource [com/linecorp/bot/spring/boot/LineBotAutoConfiguration.class]]
2017-10-31 14:12:13.231  INFO 15402 --- [    Test worker] o.s.b.f.s.DefaultListableBeanFactory     : Overriding bean definition for bean 'lineBotServerInterceptor' with a different definition: replacing [Generic bean: class [com.linecorp.bot.spring.boot.interceptor.LineBotServerInterceptor]; scope=singleton; abstract=false; lazyInit=false; autowireMode=0; dependencyCheck=0; autowireCandidate=true; primary=false; factoryBeanName=null; factoryMethodName=null; initMethodName=null; destroyMethodName=null; defined in file [/Users/Ignavier/workspace/java/eclipse-sts/hkust_cs3111h/line-bot-spring-boot/build/classes/main/com/linecorp/bot/spring/boot/interceptor/LineBotServerInterceptor.class]] with [Root bean: class [null]; scope=; abstract=false; lazyInit=false; autowireMode=3; dependencyCheck=0; autowireCandidate=true; primary=false; factoryBeanName=com.linecorp.bot.spring.boot.LineBotAutoConfiguration; factoryMethodName=lineBotServerInterceptor; initMethodName=null; destroyMethodName=(inferred); defined in class path resource [com/linecorp/bot/spring/boot/LineBotAutoConfiguration.class]]
2017-10-31 14:12:14.491  INFO 15402 --- [    Test worker] s.w.s.m.m.a.RequestMappingHandlerAdapter : Looking for @ControllerAdvice: org.springframework.web.context.support.GenericWebApplicationContext@61367dfa: startup date [Tue Oct 31 14:12:12 MYT 2017]; root of context hierarchy
2017-10-31 14:12:14.585  INFO 15402 --- [    Test worker] s.w.s.m.m.a.RequestMappingHandlerMapping : Mapped "{[/callback],methods=[POST]}" onto public void com.linecorp.bot.spring.boot.IntegrationTest$MyController.callback(java.util.List<com.linecorp.bot.model.event.Event>) throws java.lang.Exception
2017-10-31 14:12:14.588  INFO 15402 --- [    Test worker] s.w.s.m.m.a.RequestMappingHandlerMapping : Mapped "{[/error]}" onto public org.springframework.http.ResponseEntity<java.util.Map<java.lang.String, java.lang.Object>> org.springframework.boot.autoconfigure.web.BasicErrorController.error(javax.servlet.http.HttpServletRequest)
2017-10-31 14:12:14.589  INFO 15402 --- [    Test worker] s.w.s.m.m.a.RequestMappingHandlerMapping : Mapped "{[/error],produces=[text/html]}" onto public org.springframework.web.servlet.ModelAndView org.springframework.boot.autoconfigure.web.BasicErrorController.errorHtml(javax.servlet.http.HttpServletRequest,javax.servlet.http.HttpServletResponse)
2017-10-31 14:12:14.626  INFO 15402 --- [    Test worker] o.s.w.s.handler.SimpleUrlHandlerMapping  : Mapped URL path [/webjars/**] onto handler of type [class org.springframework.web.servlet.resource.ResourceHttpRequestHandler]
2017-10-31 14:12:14.626  INFO 15402 --- [    Test worker] o.s.w.s.handler.SimpleUrlHandlerMapping  : Mapped URL path [/**] onto handler of type [class org.springframework.web.servlet.resource.ResourceHttpRequestHandler]
2017-10-31 14:12:14.675  INFO 15402 --- [    Test worker] o.s.w.s.handler.SimpleUrlHandlerMapping  : Mapped URL path [/**/favicon.ico] onto handler of type [class org.springframework.web.servlet.resource.ResourceHttpRequestHandler]
2017-10-31 14:12:15.013  INFO 15402 --- [    Test worker] c.l.bot.spring.boot.IntegrationTest      : Started IntegrationTest in 3.319 seconds (JVM running for 5.167)
2017-10-31 14:12:15.075  INFO 15402 --- [    Test worker] o.s.b.t.m.w.SpringBootMockServletContext : Initializing Spring FrameworkServlet ''
2017-10-31 14:12:15.075  INFO 15402 --- [    Test worker] o.s.t.web.servlet.TestDispatcherServlet  : FrameworkServlet '': initialization started
2017-10-31 14:12:15.092  INFO 15402 --- [    Test worker] o.s.t.web.servlet.TestDispatcherServlet  : FrameworkServlet '': initialization completed in 17 ms
2017-10-31 14:12:15.140  INFO 15402 --- [    Test worker] c.l.b.s.b.i.LineBotServerInterceptor     : LINE Bot callback exception: Missing 'X-Line-Signature' header
>>>>>>> master

MockHttpServletRequest:
      HTTP Method = POST
      Request URI = /callback
       Parameters = {}
          Headers = {}

Handler:
             Type = com.linecorp.bot.spring.boot.IntegrationTest$MyController
           Method = public void com.linecorp.bot.spring.boot.IntegrationTest$MyController.callback(java.util.List<com.linecorp.bot.model.event.Event>) throws java.lang.Exception

Async:
    Async started = false
     Async result = null

Resolved Exception:
             Type = null

ModelAndView:
        View name = null
             View = null
            Model = null

FlashMap:
       Attributes = null

MockHttpServletResponse:
           Status = 400
    Error message = null
          Headers = {}
     Content type = null
             Body = Missing 'X-Line-Signature' header

    Forwarded URL = null
   Redirected URL = null
          Cookies = []
]]></system-out>
<<<<<<< HEAD
  <system-err><![CDATA[Oct 30, 2017 9:46:55 PM okhttp3.mockwebserver.MockWebServer$2 execute
INFO: MockWebServer[62604] starting to accept connections
=======
  <system-err><![CDATA[Oct 31, 2017 2:12:11 PM okhttp3.mockwebserver.MockWebServer$2 execute
INFO: MockWebServer[54201] starting to accept connections
>>>>>>> master
]]></system-err>
</testsuite>
